---------- Date: 2017-12-31 00:52:31 ~ IP : 49.64.160.104 ----------
REQUEST URI : /
VQMod::_getMods - NO XML FILES READABLE IN XML FOLDER
----------------------------------------------------------------------


---------- Date: 2017-12-31 04:03:41 ~ IP : 49.64.160.104 ----------
REQUEST URI : /
VQMod::_getMods - NO XML FILES READABLE IN XML FOLDER
----------------------------------------------------------------------


---------- Date: 2017-12-31 04:03:45 ~ IP : 49.64.160.104 ----------
REQUEST URI : /index.php?route=common/language/language
VQMod::_getMods - NO XML FILES READABLE IN XML FOLDER
----------------------------------------------------------------------


---------- Date: 2017-12-31 04:03:48 ~ IP : 49.64.160.104 ----------
REQUEST URI : /index.php?route=common/home
VQMod::_getMods - NO XML FILES READABLE IN XML FOLDER
----------------------------------------------------------------------


---------- Date: 2017-12-31 04:05:00 ~ IP : 49.64.160.104 ----------
REQUEST URI : /index.php?route=common/language/language
VQMod::_getMods - NO XML FILES READABLE IN XML FOLDER
----------------------------------------------------------------------


---------- Date: 2017-12-31 04:05:01 ~ IP : 49.64.160.104 ----------
REQUEST URI : /index.php?route=common/home
VQMod::_getMods - NO XML FILES READABLE IN XML FOLDER
----------------------------------------------------------------------


---------- Date: 2017-12-31 04:05:14 ~ IP : 49.64.160.104 ----------
REQUEST URI : /index.php?route=common/language/language
VQMod::_getMods - NO XML FILES READABLE IN XML FOLDER
----------------------------------------------------------------------


---------- Date: 2017-12-31 04:05:15 ~ IP : 49.64.160.104 ----------
REQUEST URI : /index.php?route=common/home
VQMod::_getMods - NO XML FILES READABLE IN XML FOLDER
----------------------------------------------------------------------


---------- Date: 2017-12-31 04:05:37 ~ IP : 49.64.160.104 ----------
REQUEST URI : /index.php?route=product/category&path=104_106
VQMod::_getMods - NO XML FILES READABLE IN XML FOLDER
----------------------------------------------------------------------


---------- Date: 2017-12-31 04:05:37 ~ IP : 49.64.160.104 ----------
REQUEST URI : /index.php?route=product/category&path=104_106
VQMod::_getMods - NO XML FILES READABLE IN XML FOLDER
----------------------------------------------------------------------


---------- Date: 2017-12-31 04:05:55 ~ IP : 49.64.160.104 ----------
REQUEST URI : /index.php?route=product/category&path=104_108
VQMod::_getMods - NO XML FILES READABLE IN XML FOLDER
----------------------------------------------------------------------


---------- Date: 2017-12-31 04:06:05 ~ IP : 49.64.160.104 ----------
REQUEST URI : /index.php?route=product/category&path=104_107
VQMod::_getMods - NO XML FILES READABLE IN XML FOLDER
----------------------------------------------------------------------


---------- Date: 2017-12-31 04:06:28 ~ IP : 49.64.160.104 ----------
REQUEST URI : /index.php?route=product/category&path=64
VQMod::_getMods - NO XML FILES READABLE IN XML FOLDER
----------------------------------------------------------------------


---------- Date: 2017-12-31 04:06:57 ~ IP : 49.64.160.104 ----------
REQUEST URI : /index.php?route=product/category&path=64_95
VQMod::_getMods - NO XML FILES READABLE IN XML FOLDER
----------------------------------------------------------------------


---------- Date: 2017-12-31 04:07:01 ~ IP : 49.64.160.104 ----------
REQUEST URI : /index.php?route=product/category&path=64_100
VQMod::_getMods - NO XML FILES READABLE IN XML FOLDER
----------------------------------------------------------------------


---------- Date: 2017-12-31 04:07:47 ~ IP : 49.64.160.104 ----------
REQUEST URI : /index.php?route=product/category&path=64_95
VQMod::_getMods - NO XML FILES READABLE IN XML FOLDER
----------------------------------------------------------------------


---------- Date: 2017-12-31 04:08:00 ~ IP : 49.64.160.104 ----------
REQUEST URI : /index.php?route=product/category&path=104
VQMod::_getMods - NO XML FILES READABLE IN XML FOLDER
----------------------------------------------------------------------


---------- Date: 2017-12-31 04:08:13 ~ IP : 49.64.160.104 ----------
REQUEST URI : /index.php?route=product/category&path=104_106
VQMod::_getMods - NO XML FILES READABLE IN XML FOLDER
----------------------------------------------------------------------


---------- Date: 2017-12-31 04:08:19 ~ IP : 49.64.160.104 ----------
REQUEST URI : /index.php?route=product/category&path=104_108
VQMod::_getMods - NO XML FILES READABLE IN XML FOLDER
----------------------------------------------------------------------


---------- Date: 2017-12-31 04:08:35 ~ IP : 49.64.160.104 ----------
REQUEST URI : /index.php?route=product/category&path=104_107
VQMod::_getMods - NO XML FILES READABLE IN XML FOLDER
----------------------------------------------------------------------


---------- Date: 2017-12-31 04:09:55 ~ IP : 49.64.160.104 ----------
REQUEST URI : /index.php?route=product/category&path=109_112
VQMod::_getMods - NO XML FILES READABLE IN XML FOLDER
----------------------------------------------------------------------


---------- Date: 2017-12-31 04:10:12 ~ IP : 49.64.160.104 ----------
REQUEST URI : /index.php?route=product/category&path=109_111
VQMod::_getMods - NO XML FILES READABLE IN XML FOLDER
----------------------------------------------------------------------


---------- Date: 2017-12-31 04:10:28 ~ IP : 49.64.160.104 ----------
REQUEST URI : /index.php?route=product/category&path=109_110
VQMod::_getMods - NO XML FILES READABLE IN XML FOLDER
----------------------------------------------------------------------


---------- Date: 2017-12-31 04:10:39 ~ IP : 49.64.160.104 ----------
REQUEST URI : /index.php?route=common/language/language
VQMod::_getMods - NO XML FILES READABLE IN XML FOLDER
----------------------------------------------------------------------


---------- Date: 2017-12-31 04:10:40 ~ IP : 49.64.160.104 ----------
REQUEST URI : /index.php?route=product/category&path=109_110
VQMod::_getMods - NO XML FILES READABLE IN XML FOLDER
----------------------------------------------------------------------


---------- Date: 2017-12-31 09:50:38 ~ IP : 104.130.124.209 ----------
REQUEST URI : /
VQMod::_getMods - NO XML FILES READABLE IN XML FOLDER
----------------------------------------------------------------------


---------- Date: 2017-12-31 10:40:20 ~ IP : 13.56.229.65 ----------
REQUEST URI : /
VQMod::_getMods - NO XML FILES READABLE IN XML FOLDER
----------------------------------------------------------------------


---------- Date: 2017-12-31 13:49:14 ~ IP : 104.130.124.209 ----------
REQUEST URI : /
VQMod::_getMods - NO XML FILES READABLE IN XML FOLDER
----------------------------------------------------------------------


---------- Date: 2017-12-31 17:59:39 ~ IP : 66.249.66.94 ----------
REQUEST URI : /index.php?route=product/product&product_id=114
VQMod::_getMods - NO XML FILES READABLE IN XML FOLDER
----------------------------------------------------------------------


---------- Date: 2017-12-31 17:59:50 ~ IP : 66.249.66.92 ----------
REQUEST URI : /index.php?route=product/product/review&product_id=114
VQMod::_getMods - NO XML FILES READABLE IN XML FOLDER
----------------------------------------------------------------------


---------- Date: 2017-12-31 19:54:10 ~ IP : 66.249.66.93 ----------
REQUEST URI : /
VQMod::_getMods - NO XML FILES READABLE IN XML FOLDER
----------------------------------------------------------------------


---------- Date: 2017-12-31 19:58:47 ~ IP : 66.249.66.92 ----------
REQUEST URI : /index.php?route=product/category&path=69_84
VQMod::_getMods - NO XML FILES READABLE IN XML FOLDER
----------------------------------------------------------------------


