---------- Date: 2018-01-01 03:05:28 ~ IP : 137.226.113.28 ----------
REQUEST URI : /
VQMod::_getMods - NO XML FILES READABLE IN XML FOLDER
----------------------------------------------------------------------


---------- Date: 2018-01-01 11:36:42 ~ IP : 49.64.160.104 ----------
REQUEST URI : /
VQMod::_getMods - NO XML FILES READABLE IN XML FOLDER
----------------------------------------------------------------------


---------- Date: 2018-01-01 11:37:26 ~ IP : 106.120.160.109 ----------
REQUEST URI : /
VQMod::_getMods - NO XML FILES READABLE IN XML FOLDER
----------------------------------------------------------------------


---------- Date: 2018-01-01 11:37:27 ~ IP : 66.249.93.81 ----------
REQUEST URI : /
VQMod::_getMods - NO XML FILES READABLE IN XML FOLDER
----------------------------------------------------------------------


---------- Date: 2018-01-01 11:37:41 ~ IP : 101.199.108.58 ----------
REQUEST URI : /
VQMod::_getMods - NO XML FILES READABLE IN XML FOLDER
----------------------------------------------------------------------


---------- Date: 2018-01-01 11:38:47 ~ IP : 49.64.160.104 ----------
REQUEST URI : /index.php?route=product/category&path=64
VQMod::_getMods - NO XML FILES READABLE IN XML FOLDER
----------------------------------------------------------------------


---------- Date: 2018-01-01 11:38:54 ~ IP : 49.64.160.104 ----------
REQUEST URI : /index.php?route=product/product&path=64&product_id=92
VQMod::_getMods - NO XML FILES READABLE IN XML FOLDER
----------------------------------------------------------------------


---------- Date: 2018-01-01 11:39:06 ~ IP : 49.64.160.104 ----------
REQUEST URI : /index.php?route=product/category&path=64
VQMod::_getMods - NO XML FILES READABLE IN XML FOLDER
----------------------------------------------------------------------


---------- Date: 2018-01-01 11:39:25 ~ IP : 49.64.160.104 ----------
REQUEST URI : /index.php?route=product/product&path=64&product_id=107
VQMod::_getMods - NO XML FILES READABLE IN XML FOLDER
----------------------------------------------------------------------


---------- Date: 2018-01-01 11:39:25 ~ IP : 106.120.161.68 ----------
REQUEST URI : /index.php?route=product/category&path=64
VQMod::_getMods - NO XML FILES READABLE IN XML FOLDER
----------------------------------------------------------------------


---------- Date: 2018-01-01 11:39:33 ~ IP : 106.120.161.68 ----------
REQUEST URI : /index.php?route=product/product&path=64&product_id=92
VQMod::_getMods - NO XML FILES READABLE IN XML FOLDER
----------------------------------------------------------------------


---------- Date: 2018-01-01 11:39:33 ~ IP : 106.120.161.68 ----------
REQUEST URI : /index.php?route=product/category&path=64
VQMod::_getMods - NO XML FILES READABLE IN XML FOLDER
----------------------------------------------------------------------


---------- Date: 2018-01-01 11:39:36 ~ IP : 220.181.132.199 ----------
REQUEST URI : /index.php?route=product/category&path=64
VQMod::_getMods - NO XML FILES READABLE IN XML FOLDER
----------------------------------------------------------------------


---------- Date: 2018-01-01 11:39:44 ~ IP : 220.181.132.192 ----------
REQUEST URI : /index.php?route=product/product&path=64&product_id=92
VQMod::_getMods - NO XML FILES READABLE IN XML FOLDER
----------------------------------------------------------------------


---------- Date: 2018-01-01 11:39:45 ~ IP : 101.199.112.52 ----------
REQUEST URI : /index.php?route=product/category&path=64
VQMod::_getMods - NO XML FILES READABLE IN XML FOLDER
----------------------------------------------------------------------


---------- Date: 2018-01-01 11:39:46 ~ IP : 49.64.160.104 ----------
REQUEST URI : /index.php?route=product/product/review&product_id=107
VQMod::_getMods - NO XML FILES READABLE IN XML FOLDER
----------------------------------------------------------------------


---------- Date: 2018-01-01 11:39:48 ~ IP : 106.120.161.68 ----------
REQUEST URI : /index.php?route=product/product&path=64&product_id=92
VQMod::_getMods - NO XML FILES READABLE IN XML FOLDER
----------------------------------------------------------------------


---------- Date: 2018-01-01 11:40:10 ~ IP : 220.181.132.200 ----------
REQUEST URI : /index.php?route=product/product&path=64&product_id=92
VQMod::_getMods - NO XML FILES READABLE IN XML FOLDER
----------------------------------------------------------------------


---------- Date: 2018-01-01 11:40:12 ~ IP : 106.120.160.109 ----------
REQUEST URI : /index.php?route=product/product&path=64&product_id=107
VQMod::_getMods - NO XML FILES READABLE IN XML FOLDER
----------------------------------------------------------------------


---------- Date: 2018-01-01 11:40:13 ~ IP : 106.120.161.68 ----------
REQUEST URI : /index.php?route=product/product&path=64&product_id=107
VQMod::_getMods - NO XML FILES READABLE IN XML FOLDER
----------------------------------------------------------------------


---------- Date: 2018-01-01 11:40:27 ~ IP : 49.64.160.104 ----------
REQUEST URI : /index.php?route=common/home
VQMod::_getMods - NO XML FILES READABLE IN XML FOLDER
----------------------------------------------------------------------


---------- Date: 2018-01-01 11:40:35 ~ IP : 101.199.112.53 ----------
REQUEST URI : /index.php?route=product/product&path=64&product_id=107
VQMod::_getMods - NO XML FILES READABLE IN XML FOLDER
----------------------------------------------------------------------


---------- Date: 2018-01-01 11:41:17 ~ IP : 101.199.112.49 ----------
REQUEST URI : /index.php?route=product/product&path=64&product_id=107
VQMod::_getMods - NO XML FILES READABLE IN XML FOLDER
----------------------------------------------------------------------


---------- Date: 2018-01-01 11:41:17 ~ IP : 106.120.161.68 ----------
REQUEST URI : /index.php?route=common/home
VQMod::_getMods - NO XML FILES READABLE IN XML FOLDER
----------------------------------------------------------------------


---------- Date: 2018-01-01 11:41:42 ~ IP : 49.64.160.104 ----------
REQUEST URI : /index.php?route=information/information&information_id=8
VQMod::_getMods - NO XML FILES READABLE IN XML FOLDER
----------------------------------------------------------------------


---------- Date: 2018-01-01 11:41:48 ~ IP : 49.64.160.104 ----------
REQUEST URI : /index.php?route=information/information&information_id=4
VQMod::_getMods - NO XML FILES READABLE IN XML FOLDER
----------------------------------------------------------------------


---------- Date: 2018-01-01 11:41:56 ~ IP : 220.181.132.199 ----------
REQUEST URI : /index.php?route=common/home
VQMod::_getMods - NO XML FILES READABLE IN XML FOLDER
----------------------------------------------------------------------


---------- Date: 2018-01-01 11:42:21 ~ IP : 106.120.160.109 ----------
REQUEST URI : /index.php?route=information/information&information_id=4
VQMod::_getMods - NO XML FILES READABLE IN XML FOLDER
----------------------------------------------------------------------


---------- Date: 2018-01-01 11:42:28 ~ IP : 106.120.160.109 ----------
REQUEST URI : /index.php?route=information/information&information_id=4
VQMod::_getMods - NO XML FILES READABLE IN XML FOLDER
----------------------------------------------------------------------


---------- Date: 2018-01-01 11:42:32 ~ IP : 220.181.132.199 ----------
REQUEST URI : /index.php?route=information/information&information_id=4
VQMod::_getMods - NO XML FILES READABLE IN XML FOLDER
----------------------------------------------------------------------


---------- Date: 2018-01-01 11:43:37 ~ IP : 220.181.132.197 ----------
REQUEST URI : /index.php?route=information/information&information_id=4
VQMod::_getMods - NO XML FILES READABLE IN XML FOLDER
----------------------------------------------------------------------


---------- Date: 2018-01-01 11:44:30 ~ IP : 49.64.160.104 ----------
REQUEST URI : /index.php?route=common/home
VQMod::_getMods - NO XML FILES READABLE IN XML FOLDER
----------------------------------------------------------------------


---------- Date: 2018-01-01 11:45:07 ~ IP : 49.64.160.104 ----------
REQUEST URI : /index.php?route=product/category&path=64
VQMod::_getMods - NO XML FILES READABLE IN XML FOLDER
----------------------------------------------------------------------


---------- Date: 2018-01-01 11:57:44 ~ IP : 49.64.160.104 ----------
REQUEST URI : /index.php?route=product/category&path=64_95
VQMod::_getMods - NO XML FILES READABLE IN XML FOLDER
----------------------------------------------------------------------


---------- Date: 2018-01-01 15:48:13 ~ IP : 66.249.66.94 ----------
REQUEST URI : /
VQMod::_getMods - NO XML FILES READABLE IN XML FOLDER
----------------------------------------------------------------------


