---------- Date: 2018-01-02 00:25:25 ~ IP : 117.82.167.123 ----------
REQUEST URI : /?_u_u_u=0.03309426241778979
VQMod::_getMods - NO XML FILES READABLE IN XML FOLDER
----------------------------------------------------------------------


---------- Date: 2018-01-02 00:51:22 ~ IP : 174.127.133.21 ----------
REQUEST URI : /
VQMod::_getMods - NO XML FILES READABLE IN XML FOLDER
----------------------------------------------------------------------


---------- Date: 2018-01-02 00:51:23 ~ IP : 174.127.133.21 ----------
REQUEST URI : /
VQMod::_getMods - NO XML FILES READABLE IN XML FOLDER
----------------------------------------------------------------------


---------- Date: 2018-01-02 01:32:02 ~ IP : 174.127.133.36 ----------
REQUEST URI : /
VQMod::_getMods - NO XML FILES READABLE IN XML FOLDER
----------------------------------------------------------------------


---------- Date: 2018-01-02 01:44:33 ~ IP : 174.127.133.37 ----------
REQUEST URI : /index.php?route=checkout/checkout
VQMod::_getMods - NO XML FILES READABLE IN XML FOLDER
----------------------------------------------------------------------


---------- Date: 2018-01-02 01:44:33 ~ IP : 174.127.133.37 ----------
REQUEST URI : /?route=information/contact
VQMod::_getMods - NO XML FILES READABLE IN XML FOLDER
----------------------------------------------------------------------


---------- Date: 2018-01-02 01:44:40 ~ IP : 174.127.133.37 ----------
REQUEST URI : /index.php?route=account/login
VQMod::_getMods - NO XML FILES READABLE IN XML FOLDER
----------------------------------------------------------------------


---------- Date: 2018-01-02 01:44:50 ~ IP : 174.127.133.36 ----------
REQUEST URI : /index.php?route=product/category&path=104
VQMod::_getMods - NO XML FILES READABLE IN XML FOLDER
----------------------------------------------------------------------


---------- Date: 2018-01-02 01:44:50 ~ IP : 174.127.133.33 ----------
REQUEST URI : /index.php?route=common/language/language
VQMod::_getMods - NO XML FILES READABLE IN XML FOLDER
----------------------------------------------------------------------


---------- Date: 2018-01-02 01:44:52 ~ IP : 174.127.133.37 ----------
REQUEST URI : /index.php?route=account/account
VQMod::_getMods - NO XML FILES READABLE IN XML FOLDER
----------------------------------------------------------------------


---------- Date: 2018-01-02 01:44:58 ~ IP : 174.127.133.34 ----------
REQUEST URI : /index.php?route=product/category&path=100_101
VQMod::_getMods - NO XML FILES READABLE IN XML FOLDER
----------------------------------------------------------------------


---------- Date: 2018-01-02 01:45:05 ~ IP : 174.127.133.37 ----------
REQUEST URI : /index.php?route=account/wishlist
VQMod::_getMods - NO XML FILES READABLE IN XML FOLDER
----------------------------------------------------------------------


---------- Date: 2018-01-02 01:45:19 ~ IP : 174.127.133.33 ----------
REQUEST URI : /
VQMod::_getMods - NO XML FILES READABLE IN XML FOLDER
----------------------------------------------------------------------


---------- Date: 2018-01-02 01:45:49 ~ IP : 174.127.133.37 ----------
REQUEST URI : /
VQMod::_getMods - NO XML FILES READABLE IN XML FOLDER
----------------------------------------------------------------------


---------- Date: 2018-01-02 01:45:52 ~ IP : 174.127.133.35 ----------
REQUEST URI : /index.php?route=product/category&path=95_97
VQMod::_getMods - NO XML FILES READABLE IN XML FOLDER
----------------------------------------------------------------------


---------- Date: 2018-01-02 01:46:18 ~ IP : 174.127.133.36 ----------
REQUEST URI : /index.php?route=product/category&path=95_96
VQMod::_getMods - NO XML FILES READABLE IN XML FOLDER
----------------------------------------------------------------------


---------- Date: 2018-01-02 01:46:19 ~ IP : 174.127.133.35 ----------
REQUEST URI : /index.php?route=product/category&path=104_107
VQMod::_getMods - NO XML FILES READABLE IN XML FOLDER
----------------------------------------------------------------------


---------- Date: 2018-01-02 01:46:25 ~ IP : 174.127.133.36 ----------
REQUEST URI : /
VQMod::_getMods - NO XML FILES READABLE IN XML FOLDER
----------------------------------------------------------------------


---------- Date: 2018-01-02 01:46:48 ~ IP : 174.127.133.37 ----------
REQUEST URI : /
VQMod::_getMods - NO XML FILES READABLE IN XML FOLDER
----------------------------------------------------------------------


---------- Date: 2018-01-02 01:47:03 ~ IP : 174.127.133.37 ----------
REQUEST URI : /index.php?route=product/category&path=100_103
VQMod::_getMods - NO XML FILES READABLE IN XML FOLDER
----------------------------------------------------------------------


---------- Date: 2018-01-02 01:47:27 ~ IP : 174.127.133.36 ----------
REQUEST URI : /index.php?route=product/category&path=95_98
VQMod::_getMods - NO XML FILES READABLE IN XML FOLDER
----------------------------------------------------------------------


---------- Date: 2018-01-02 01:47:30 ~ IP : 174.127.133.36 ----------
REQUEST URI : /index.php?route=product/category&path=104_105
VQMod::_getMods - NO XML FILES READABLE IN XML FOLDER
----------------------------------------------------------------------


---------- Date: 2018-01-02 01:47:58 ~ IP : 174.127.133.34 ----------
REQUEST URI : /index.php?route=product/category&path=104_106
VQMod::_getMods - NO XML FILES READABLE IN XML FOLDER
----------------------------------------------------------------------


---------- Date: 2018-01-02 01:48:06 ~ IP : 174.127.133.36 ----------
REQUEST URI : /index.php?route=product/category&path=64
VQMod::_getMods - NO XML FILES READABLE IN XML FOLDER
----------------------------------------------------------------------


---------- Date: 2018-01-02 01:48:11 ~ IP : 174.127.133.34 ----------
REQUEST URI : /
VQMod::_getMods - NO XML FILES READABLE IN XML FOLDER
----------------------------------------------------------------------


---------- Date: 2018-01-02 01:48:41 ~ IP : 174.127.133.37 ----------
REQUEST URI : /index.php?route=product/category&path=95_66
VQMod::_getMods - NO XML FILES READABLE IN XML FOLDER
----------------------------------------------------------------------


---------- Date: 2018-01-02 01:49:04 ~ IP : 174.127.133.37 ----------
REQUEST URI : /index.php?route=account/register
VQMod::_getMods - NO XML FILES READABLE IN XML FOLDER
----------------------------------------------------------------------


---------- Date: 2018-01-02 01:49:34 ~ IP : 117.82.167.123 ----------
REQUEST URI : /
VQMod::_getMods - NO XML FILES READABLE IN XML FOLDER
----------------------------------------------------------------------


---------- Date: 2018-01-02 01:49:44 ~ IP : 117.82.167.123 ----------
REQUEST URI : /index.php?route=product/category&path=69
VQMod::_getMods - NO XML FILES READABLE IN XML FOLDER
----------------------------------------------------------------------


---------- Date: 2018-01-02 01:58:26 ~ IP : 174.127.133.35 ----------
REQUEST URI : /?route=common/home
VQMod::_getMods - NO XML FILES READABLE IN XML FOLDER
----------------------------------------------------------------------


---------- Date: 2018-01-02 02:22:24 ~ IP : 174.127.133.35 ----------
REQUEST URI : /
VQMod::_getMods - NO XML FILES READABLE IN XML FOLDER
----------------------------------------------------------------------


---------- Date: 2018-01-02 03:02:18 ~ IP : 38.77.212.89 ----------
REQUEST URI : /
VQMod::_getMods - NO XML FILES READABLE IN XML FOLDER
----------------------------------------------------------------------


---------- Date: 2018-01-02 03:02:32 ~ IP : 38.77.210.245 ----------
REQUEST URI : /index.php?route=product/product&product_id=138
VQMod::_getMods - NO XML FILES READABLE IN XML FOLDER
----------------------------------------------------------------------


---------- Date: 2018-01-02 03:02:35 ~ IP : 38.77.220.144 ----------
REQUEST URI : /index.php?route=product/category&path=104_106
VQMod::_getMods - NO XML FILES READABLE IN XML FOLDER
----------------------------------------------------------------------


---------- Date: 2018-01-02 03:02:37 ~ IP : 38.94.186.213 ----------
REQUEST URI : /index.php?route=product/product&product_id=174
VQMod::_getMods - NO XML FILES READABLE IN XML FOLDER
----------------------------------------------------------------------


---------- Date: 2018-01-02 03:03:13 ~ IP : 38.94.180.206 ----------
REQUEST URI : /index.php?route=product/category&path=104
VQMod::_getMods - NO XML FILES READABLE IN XML FOLDER
----------------------------------------------------------------------


---------- Date: 2018-01-02 03:03:22 ~ IP : 38.94.184.245 ----------
REQUEST URI : /index.php?route=product/category&path=100_103
VQMod::_getMods - NO XML FILES READABLE IN XML FOLDER
----------------------------------------------------------------------


---------- Date: 2018-01-02 04:13:34 ~ IP : 174.127.133.35 ----------
REQUEST URI : /
VQMod::_getMods - NO XML FILES READABLE IN XML FOLDER
----------------------------------------------------------------------


---------- Date: 2018-01-02 05:20:40 ~ IP : 174.127.133.68 ----------
REQUEST URI : /index.php?route=product/category&path=95_97
VQMod::_getMods - NO XML FILES READABLE IN XML FOLDER
----------------------------------------------------------------------


---------- Date: 2018-01-02 05:20:55 ~ IP : 174.127.133.68 ----------
REQUEST URI : /index.php?route=product/category&path=104_107
VQMod::_getMods - NO XML FILES READABLE IN XML FOLDER
----------------------------------------------------------------------


---------- Date: 2018-01-02 05:21:27 ~ IP : 174.127.133.68 ----------
REQUEST URI : /?route=common/home
VQMod::_getMods - NO XML FILES READABLE IN XML FOLDER
----------------------------------------------------------------------


---------- Date: 2018-01-02 05:21:52 ~ IP : 174.127.133.68 ----------
REQUEST URI : /
VQMod::_getMods - NO XML FILES READABLE IN XML FOLDER
----------------------------------------------------------------------


---------- Date: 2018-01-02 05:23:21 ~ IP : 174.127.133.68 ----------
REQUEST URI : /
VQMod::_getMods - NO XML FILES READABLE IN XML FOLDER
----------------------------------------------------------------------


---------- Date: 2018-01-02 05:48:24 ~ IP : 174.127.133.34 ----------
REQUEST URI : /index.php?route=tool/upload
VQMod::_getMods - NO XML FILES READABLE IN XML FOLDER
----------------------------------------------------------------------


---------- Date: 2018-01-02 05:48:38 ~ IP : 174.127.133.37 ----------
REQUEST URI : /
VQMod::_getMods - NO XML FILES READABLE IN XML FOLDER
----------------------------------------------------------------------


---------- Date: 2018-01-02 05:48:49 ~ IP : 174.127.133.34 ----------
REQUEST URI : /?route=common/home
VQMod::_getMods - NO XML FILES READABLE IN XML FOLDER
----------------------------------------------------------------------


---------- Date: 2018-01-02 05:49:43 ~ IP : 174.127.133.37 ----------
REQUEST URI : /index.php?route=account/recurring
VQMod::_getMods - NO XML FILES READABLE IN XML FOLDER
----------------------------------------------------------------------


---------- Date: 2018-01-02 05:50:51 ~ IP : 174.127.133.34 ----------
REQUEST URI : /index.php?route=account/account/country&country_id=
VQMod::_getMods - NO XML FILES READABLE IN XML FOLDER
----------------------------------------------------------------------


---------- Date: 2018-01-02 05:51:21 ~ IP : 174.127.133.35 ----------
REQUEST URI : /index.php?route=account/return
VQMod::_getMods - NO XML FILES READABLE IN XML FOLDER
----------------------------------------------------------------------


---------- Date: 2018-01-02 05:51:26 ~ IP : 174.127.133.38 ----------
REQUEST URI : /index.php?route=account/register/customfield&customer_group_id=
VQMod::_getMods - NO XML FILES READABLE IN XML FOLDER
----------------------------------------------------------------------


---------- Date: 2018-01-02 05:51:53 ~ IP : 174.127.133.36 ----------
REQUEST URI : /index.php?route=product/category&path=95_66
VQMod::_getMods - NO XML FILES READABLE IN XML FOLDER
----------------------------------------------------------------------


---------- Date: 2018-01-02 05:52:03 ~ IP : 174.127.133.34 ----------
REQUEST URI : /
VQMod::_getMods - NO XML FILES READABLE IN XML FOLDER
----------------------------------------------------------------------


---------- Date: 2018-01-02 05:52:44 ~ IP : 174.127.133.33 ----------
REQUEST URI : /
VQMod::_getMods - NO XML FILES READABLE IN XML FOLDER
----------------------------------------------------------------------


---------- Date: 2018-01-02 05:52:55 ~ IP : 174.127.133.36 ----------
REQUEST URI : /
VQMod::_getMods - NO XML FILES READABLE IN XML FOLDER
----------------------------------------------------------------------


---------- Date: 2018-01-02 05:53:24 ~ IP : 174.127.133.34 ----------
REQUEST URI : /index.php?route=product/category&path=97
VQMod::_getMods - NO XML FILES READABLE IN XML FOLDER
----------------------------------------------------------------------


---------- Date: 2018-01-02 05:54:48 ~ IP : 174.127.133.36 ----------
REQUEST URI : /
VQMod::_getMods - NO XML FILES READABLE IN XML FOLDER
----------------------------------------------------------------------


---------- Date: 2018-01-02 05:54:54 ~ IP : 174.127.133.34 ----------
REQUEST URI : /index.php?route=product/category&path=100_103
VQMod::_getMods - NO XML FILES READABLE IN XML FOLDER
----------------------------------------------------------------------


---------- Date: 2018-01-02 05:56:26 ~ IP : 174.127.133.37 ----------
REQUEST URI : /index.php?route=product/category&path=104&page=2
VQMod::_getMods - NO XML FILES READABLE IN XML FOLDER
----------------------------------------------------------------------


---------- Date: 2018-01-02 05:56:32 ~ IP : 174.127.133.36 ----------
REQUEST URI : /index.php?route=information/contact
VQMod::_getMods - NO XML FILES READABLE IN XML FOLDER
----------------------------------------------------------------------


---------- Date: 2018-01-02 05:56:38 ~ IP : 174.127.133.38 ----------
REQUEST URI : /
VQMod::_getMods - NO XML FILES READABLE IN XML FOLDER
----------------------------------------------------------------------


---------- Date: 2018-01-02 05:56:49 ~ IP : 174.127.133.37 ----------
REQUEST URI : /?route=common/home
VQMod::_getMods - NO XML FILES READABLE IN XML FOLDER
----------------------------------------------------------------------


---------- Date: 2018-01-02 05:56:52 ~ IP : 174.127.133.34 ----------
REQUEST URI : /index.php?route=product/category&path=95_97
VQMod::_getMods - NO XML FILES READABLE IN XML FOLDER
----------------------------------------------------------------------


---------- Date: 2018-01-02 05:57:26 ~ IP : 174.127.133.34 ----------
REQUEST URI : /
VQMod::_getMods - NO XML FILES READABLE IN XML FOLDER
----------------------------------------------------------------------


---------- Date: 2018-01-02 05:57:40 ~ IP : 174.127.133.34 ----------
REQUEST URI : /
VQMod::_getMods - NO XML FILES READABLE IN XML FOLDER
----------------------------------------------------------------------


---------- Date: 2018-01-02 05:58:00 ~ IP : 174.127.133.33 ----------
REQUEST URI : /index.php?route=product/category&path=107
VQMod::_getMods - NO XML FILES READABLE IN XML FOLDER
----------------------------------------------------------------------


---------- Date: 2018-01-02 05:58:02 ~ IP : 174.127.133.38 ----------
REQUEST URI : /index.php?route=product/category&path=104_105
VQMod::_getMods - NO XML FILES READABLE IN XML FOLDER
----------------------------------------------------------------------


---------- Date: 2018-01-02 05:59:00 ~ IP : 174.127.133.37 ----------
REQUEST URI : /index.php?route=account/download
VQMod::_getMods - NO XML FILES READABLE IN XML FOLDER
----------------------------------------------------------------------


---------- Date: 2018-01-02 05:59:06 ~ IP : 174.127.133.37 ----------
REQUEST URI : /index.php?route=product/category&path=66
VQMod::_getMods - NO XML FILES READABLE IN XML FOLDER
----------------------------------------------------------------------


---------- Date: 2018-01-02 05:59:55 ~ IP : 174.127.133.33 ----------
REQUEST URI : /
VQMod::_getMods - NO XML FILES READABLE IN XML FOLDER
----------------------------------------------------------------------


---------- Date: 2018-01-02 06:00:10 ~ IP : 174.127.133.36 ----------
REQUEST URI : /index.php?route=product/category&path=98
VQMod::_getMods - NO XML FILES READABLE IN XML FOLDER
----------------------------------------------------------------------


---------- Date: 2018-01-02 06:00:16 ~ IP : 174.127.133.38 ----------
REQUEST URI : /
VQMod::_getMods - NO XML FILES READABLE IN XML FOLDER
----------------------------------------------------------------------


---------- Date: 2018-01-02 06:00:41 ~ IP : 174.127.133.38 ----------
REQUEST URI : /index.php?route=product/category&path=64&page=2
VQMod::_getMods - NO XML FILES READABLE IN XML FOLDER
----------------------------------------------------------------------


---------- Date: 2018-01-02 06:00:45 ~ IP : 174.127.133.34 ----------
REQUEST URI : /
VQMod::_getMods - NO XML FILES READABLE IN XML FOLDER
----------------------------------------------------------------------


---------- Date: 2018-01-02 06:01:03 ~ IP : 174.127.133.34 ----------
REQUEST URI : /
VQMod::_getMods - NO XML FILES READABLE IN XML FOLDER
----------------------------------------------------------------------


---------- Date: 2018-01-02 06:02:18 ~ IP : 174.127.133.37 ----------
REQUEST URI : /
VQMod::_getMods - NO XML FILES READABLE IN XML FOLDER
----------------------------------------------------------------------


---------- Date: 2018-01-02 06:02:23 ~ IP : 174.127.133.34 ----------
REQUEST URI : /index.php?route=product/category&path=105
VQMod::_getMods - NO XML FILES READABLE IN XML FOLDER
----------------------------------------------------------------------


---------- Date: 2018-01-02 06:02:35 ~ IP : 174.127.133.37 ----------
REQUEST URI : /
VQMod::_getMods - NO XML FILES READABLE IN XML FOLDER
----------------------------------------------------------------------


---------- Date: 2018-01-02 06:02:48 ~ IP : 174.127.133.33 ----------
REQUEST URI : /index.php?route=account/login
VQMod::_getMods - NO XML FILES READABLE IN XML FOLDER
----------------------------------------------------------------------


---------- Date: 2018-01-02 06:03:00 ~ IP : 174.127.133.34 ----------
REQUEST URI : /
VQMod::_getMods - NO XML FILES READABLE IN XML FOLDER
----------------------------------------------------------------------


---------- Date: 2018-01-02 06:03:55 ~ IP : 174.127.133.36 ----------
REQUEST URI : /?route=information/contact
VQMod::_getMods - NO XML FILES READABLE IN XML FOLDER
----------------------------------------------------------------------


---------- Date: 2018-01-02 06:04:06 ~ IP : 174.127.133.33 ----------
REQUEST URI : /
VQMod::_getMods - NO XML FILES READABLE IN XML FOLDER
----------------------------------------------------------------------


---------- Date: 2018-01-02 06:04:09 ~ IP : 174.127.133.36 ----------
REQUEST URI : /?route=common/home
VQMod::_getMods - NO XML FILES READABLE IN XML FOLDER
----------------------------------------------------------------------


---------- Date: 2018-01-02 06:04:19 ~ IP : 174.127.133.36 ----------
REQUEST URI : /index.php?route=product/category&path=103
VQMod::_getMods - NO XML FILES READABLE IN XML FOLDER
----------------------------------------------------------------------


---------- Date: 2018-01-02 06:04:39 ~ IP : 174.127.133.36 ----------
REQUEST URI : /index.php?route=account/register
VQMod::_getMods - NO XML FILES READABLE IN XML FOLDER
----------------------------------------------------------------------


---------- Date: 2018-01-02 06:04:56 ~ IP : 174.127.133.34 ----------
REQUEST URI : /
VQMod::_getMods - NO XML FILES READABLE IN XML FOLDER
----------------------------------------------------------------------


---------- Date: 2018-01-02 06:05:29 ~ IP : 174.127.133.34 ----------
REQUEST URI : /index.php?route=product/category&path=95_96
VQMod::_getMods - NO XML FILES READABLE IN XML FOLDER
----------------------------------------------------------------------


---------- Date: 2018-01-02 06:06:08 ~ IP : 174.127.133.34 ----------
REQUEST URI : /index.php?route=product/category&path=64
VQMod::_getMods - NO XML FILES READABLE IN XML FOLDER
----------------------------------------------------------------------


---------- Date: 2018-01-02 06:06:13 ~ IP : 174.127.133.33 ----------
REQUEST URI : /?route=common/home
VQMod::_getMods - NO XML FILES READABLE IN XML FOLDER
----------------------------------------------------------------------


---------- Date: 2018-01-02 06:06:26 ~ IP : 174.127.133.37 ----------
REQUEST URI : /index.php?route=product/category&path=100_101
VQMod::_getMods - NO XML FILES READABLE IN XML FOLDER
----------------------------------------------------------------------


---------- Date: 2018-01-02 06:06:55 ~ IP : 174.127.133.33 ----------
REQUEST URI : /index.php?route=product/category&path=104_107
VQMod::_getMods - NO XML FILES READABLE IN XML FOLDER
----------------------------------------------------------------------


---------- Date: 2018-01-02 06:08:46 ~ IP : 174.127.133.34 ----------
REQUEST URI : /index.php?route=account/forgotten
VQMod::_getMods - NO XML FILES READABLE IN XML FOLDER
----------------------------------------------------------------------


---------- Date: 2018-01-02 06:09:27 ~ IP : 174.127.133.33 ----------
REQUEST URI : /index.php?route=account/reward
VQMod::_getMods - NO XML FILES READABLE IN XML FOLDER
----------------------------------------------------------------------


---------- Date: 2018-01-02 06:09:32 ~ IP : 174.127.133.38 ----------
REQUEST URI : /index.php?route=product/category&path=101
VQMod::_getMods - NO XML FILES READABLE IN XML FOLDER
----------------------------------------------------------------------


---------- Date: 2018-01-02 06:09:34 ~ IP : 174.127.133.34 ----------
REQUEST URI : /
VQMod::_getMods - NO XML FILES READABLE IN XML FOLDER
----------------------------------------------------------------------


---------- Date: 2018-01-02 06:09:34 ~ IP : 174.127.133.38 ----------
REQUEST URI : /index.php?route=product/category&path=96
VQMod::_getMods - NO XML FILES READABLE IN XML FOLDER
----------------------------------------------------------------------


---------- Date: 2018-01-02 06:10:08 ~ IP : 174.127.133.38 ----------
REQUEST URI : /index.php?route=product/category&path=95_98
VQMod::_getMods - NO XML FILES READABLE IN XML FOLDER
----------------------------------------------------------------------


---------- Date: 2018-01-02 06:10:30 ~ IP : 174.127.133.38 ----------
REQUEST URI : /?route=common/home
VQMod::_getMods - NO XML FILES READABLE IN XML FOLDER
----------------------------------------------------------------------


---------- Date: 2018-01-02 06:10:35 ~ IP : 174.127.133.33 ----------
REQUEST URI : /
VQMod::_getMods - NO XML FILES READABLE IN XML FOLDER
----------------------------------------------------------------------


---------- Date: 2018-01-02 06:10:35 ~ IP : 174.127.133.38 ----------
REQUEST URI : /index.php?route=account/transaction
VQMod::_getMods - NO XML FILES READABLE IN XML FOLDER
----------------------------------------------------------------------


---------- Date: 2018-01-02 06:12:09 ~ IP : 174.127.133.68 ----------
REQUEST URI : /index.php?route=account/return
VQMod::_getMods - NO XML FILES READABLE IN XML FOLDER
----------------------------------------------------------------------


---------- Date: 2018-01-02 06:18:07 ~ IP : 174.127.133.68 ----------
REQUEST URI : /index.php?route=account/newsletter
VQMod::_getMods - NO XML FILES READABLE IN XML FOLDER
----------------------------------------------------------------------


---------- Date: 2018-01-02 06:18:58 ~ IP : 174.127.133.68 ----------
REQUEST URI : /
VQMod::_getMods - NO XML FILES READABLE IN XML FOLDER
----------------------------------------------------------------------


---------- Date: 2018-01-02 06:19:03 ~ IP : 174.127.133.68 ----------
REQUEST URI : /?route=common/home
VQMod::_getMods - NO XML FILES READABLE IN XML FOLDER
----------------------------------------------------------------------


---------- Date: 2018-01-02 06:19:04 ~ IP : 174.127.133.68 ----------
REQUEST URI : /index.php?route=information/information/agree&information_id=3
VQMod::_getMods - NO XML FILES READABLE IN XML FOLDER
----------------------------------------------------------------------


---------- Date: 2018-01-02 06:19:19 ~ IP : 174.127.133.68 ----------
REQUEST URI : /index.php?route=account/order
VQMod::_getMods - NO XML FILES READABLE IN XML FOLDER
----------------------------------------------------------------------


---------- Date: 2018-01-02 06:19:49 ~ IP : 174.127.133.68 ----------
REQUEST URI : /index.php?route=account/address
VQMod::_getMods - NO XML FILES READABLE IN XML FOLDER
----------------------------------------------------------------------


---------- Date: 2018-01-02 06:20:41 ~ IP : 174.127.133.68 ----------
REQUEST URI : /?route=common/home
VQMod::_getMods - NO XML FILES READABLE IN XML FOLDER
----------------------------------------------------------------------


---------- Date: 2018-01-02 06:22:16 ~ IP : 174.127.133.68 ----------
REQUEST URI : /index.php?route=product/category&path=104_106
VQMod::_getMods - NO XML FILES READABLE IN XML FOLDER
----------------------------------------------------------------------


---------- Date: 2018-01-02 06:22:57 ~ IP : 174.127.133.68 ----------
REQUEST URI : /
VQMod::_getMods - NO XML FILES READABLE IN XML FOLDER
----------------------------------------------------------------------


---------- Date: 2018-01-02 09:06:58 ~ IP : 66.249.93.81 ----------
REQUEST URI : /
VQMod::_getMods - NO XML FILES READABLE IN XML FOLDER
----------------------------------------------------------------------


---------- Date: 2018-01-02 09:07:13 ~ IP : 78.108.113.1 ----------
REQUEST URI : /
VQMod::_getMods - NO XML FILES READABLE IN XML FOLDER
----------------------------------------------------------------------


---------- Date: 2018-01-02 09:16:21 ~ IP : 78.108.113.1 ----------
REQUEST URI : /index.php?route=information/information&information_id=8
VQMod::_getMods - NO XML FILES READABLE IN XML FOLDER
----------------------------------------------------------------------


---------- Date: 2018-01-02 09:16:23 ~ IP : 78.108.113.1 ----------
REQUEST URI : /
VQMod::_getMods - NO XML FILES READABLE IN XML FOLDER
----------------------------------------------------------------------


---------- Date: 2018-01-02 09:16:27 ~ IP : 78.108.113.1 ----------
REQUEST URI : /index.php?route=information/information&information_id=3
VQMod::_getMods - NO XML FILES READABLE IN XML FOLDER
----------------------------------------------------------------------


---------- Date: 2018-01-02 09:16:30 ~ IP : 78.108.113.1 ----------
REQUEST URI : /
VQMod::_getMods - NO XML FILES READABLE IN XML FOLDER
----------------------------------------------------------------------


---------- Date: 2018-01-02 09:16:34 ~ IP : 78.108.113.1 ----------
REQUEST URI : /index.php?route=information/information&information_id=7
VQMod::_getMods - NO XML FILES READABLE IN XML FOLDER
----------------------------------------------------------------------


---------- Date: 2018-01-02 09:16:40 ~ IP : 78.108.113.1 ----------
REQUEST URI : /
VQMod::_getMods - NO XML FILES READABLE IN XML FOLDER
----------------------------------------------------------------------


---------- Date: 2018-01-02 09:17:15 ~ IP : 78.108.113.1 ----------
REQUEST URI : /index.php?route=api/login
VQMod::_getMods - NO XML FILES READABLE IN XML FOLDER
----------------------------------------------------------------------


---------- Date: 2018-01-02 09:17:28 ~ IP : 78.108.113.1 ----------
REQUEST URI : /index.php?route=api/login
VQMod::_getMods - NO XML FILES READABLE IN XML FOLDER
----------------------------------------------------------------------


---------- Date: 2018-01-02 09:18:09 ~ IP : 78.108.113.1 ----------
REQUEST URI : /
VQMod::_getMods - NO XML FILES READABLE IN XML FOLDER
----------------------------------------------------------------------


---------- Date: 2018-01-02 09:18:13 ~ IP : 78.108.113.1 ----------
REQUEST URI : /index.php?route=product/category&path=64
VQMod::_getMods - NO XML FILES READABLE IN XML FOLDER
----------------------------------------------------------------------


---------- Date: 2018-01-02 09:18:17 ~ IP : 78.108.113.1 ----------
REQUEST URI : /index.php?route=product/product&path=64&product_id=92
VQMod::_getMods - NO XML FILES READABLE IN XML FOLDER
----------------------------------------------------------------------


---------- Date: 2018-01-02 09:18:18 ~ IP : 78.108.113.1 ----------
REQUEST URI : /index.php?route=product/product/review&product_id=92
VQMod::_getMods - NO XML FILES READABLE IN XML FOLDER
----------------------------------------------------------------------


---------- Date: 2018-01-02 09:28:08 ~ IP : 83.175.70.69 ----------
REQUEST URI : /index.php?route=product/category&path=64
VQMod::_getMods - NO XML FILES READABLE IN XML FOLDER
----------------------------------------------------------------------


---------- Date: 2018-01-02 09:28:57 ~ IP : 83.175.70.69 ----------
REQUEST URI : /index.php?route=product/category&path=109
VQMod::_getMods - NO XML FILES READABLE IN XML FOLDER
----------------------------------------------------------------------


---------- Date: 2018-01-02 09:29:54 ~ IP : 83.175.70.69 ----------
REQUEST URI : /index.php?route=product/category&path=109_111
VQMod::_getMods - NO XML FILES READABLE IN XML FOLDER
----------------------------------------------------------------------


---------- Date: 2018-01-02 09:30:10 ~ IP : 83.175.70.69 ----------
REQUEST URI : /index.php?route=product/category&path=104
VQMod::_getMods - NO XML FILES READABLE IN XML FOLDER
----------------------------------------------------------------------


---------- Date: 2018-01-02 09:30:51 ~ IP : 83.175.70.69 ----------
REQUEST URI : /index.php?route=product/category&path=95_66
VQMod::_getMods - NO XML FILES READABLE IN XML FOLDER
----------------------------------------------------------------------


---------- Date: 2018-01-02 09:37:05 ~ IP : 117.82.167.123 ----------
REQUEST URI : /
VQMod::_getMods - NO XML FILES READABLE IN XML FOLDER
----------------------------------------------------------------------


---------- Date: 2018-01-02 09:39:40 ~ IP : 78.108.113.1 ----------
REQUEST URI : /index.php?route=product/category&path=104
VQMod::_getMods - NO XML FILES READABLE IN XML FOLDER
----------------------------------------------------------------------


---------- Date: 2018-01-02 09:39:42 ~ IP : 78.108.113.1 ----------
REQUEST URI : /index.php?route=product/category&path=109
VQMod::_getMods - NO XML FILES READABLE IN XML FOLDER
----------------------------------------------------------------------


---------- Date: 2018-01-02 09:39:43 ~ IP : 78.108.113.1 ----------
REQUEST URI : /index.php?route=product/category&path=69
VQMod::_getMods - NO XML FILES READABLE IN XML FOLDER
----------------------------------------------------------------------


---------- Date: 2018-01-02 09:39:45 ~ IP : 78.108.113.1 ----------
REQUEST URI : /index.php?route=information/contact
VQMod::_getMods - NO XML FILES READABLE IN XML FOLDER
----------------------------------------------------------------------


---------- Date: 2018-01-02 09:54:59 ~ IP : 83.175.70.69 ----------
REQUEST URI : /index.php?route=information/information&information_id=4
VQMod::_getMods - NO XML FILES READABLE IN XML FOLDER
----------------------------------------------------------------------


---------- Date: 2018-01-02 09:56:26 ~ IP : 83.175.70.69 ----------
REQUEST URI : /index.php?route=information/contact
VQMod::_getMods - NO XML FILES READABLE IN XML FOLDER
----------------------------------------------------------------------


---------- Date: 2018-01-02 09:56:45 ~ IP : 83.175.70.69 ----------
REQUEST URI : /index.php?route=common/home
VQMod::_getMods - NO XML FILES READABLE IN XML FOLDER
----------------------------------------------------------------------


---------- Date: 2018-01-02 10:06:51 ~ IP : 78.108.113.1 ----------
REQUEST URI : /
VQMod::_getMods - NO XML FILES READABLE IN XML FOLDER
----------------------------------------------------------------------


---------- Date: 2018-01-02 10:06:51 ~ IP : 78.108.113.1 ----------
REQUEST URI : /
VQMod::_getMods - NO XML FILES READABLE IN XML FOLDER
----------------------------------------------------------------------


---------- Date: 2018-01-02 10:08:38 ~ IP : 34.250.203.40 ----------
REQUEST URI : /index.php
VQMod::_getMods - NO XML FILES READABLE IN XML FOLDER
----------------------------------------------------------------------


---------- Date: 2018-01-02 10:19:32 ~ IP : 78.108.113.1 ----------
REQUEST URI : /
VQMod::_getMods - NO XML FILES READABLE IN XML FOLDER
----------------------------------------------------------------------


---------- Date: 2018-01-02 10:19:33 ~ IP : 78.108.113.1 ----------
REQUEST URI : /
VQMod::_getMods - NO XML FILES READABLE IN XML FOLDER
----------------------------------------------------------------------


---------- Date: 2018-01-02 10:29:04 ~ IP : 78.108.113.1 ----------
REQUEST URI : /
VQMod::_getMods - NO XML FILES READABLE IN XML FOLDER
----------------------------------------------------------------------


---------- Date: 2018-01-02 10:31:11 ~ IP : 66.102.6.13 ----------
REQUEST URI : /
VQMod::_getMods - NO XML FILES READABLE IN XML FOLDER
----------------------------------------------------------------------


---------- Date: 2018-01-02 10:37:50 ~ IP : 78.108.113.8 ----------
REQUEST URI : /
VQMod::_getMods - NO XML FILES READABLE IN XML FOLDER
----------------------------------------------------------------------


---------- Date: 2018-01-02 10:38:30 ~ IP : 89.234.68.77 ----------
REQUEST URI : /
VQMod::_getMods - NO XML FILES READABLE IN XML FOLDER
----------------------------------------------------------------------


---------- Date: 2018-01-02 10:38:44 ~ IP : 89.234.68.77 ----------
REQUEST URI : /index.php?route=product/category&path=64
VQMod::_getMods - NO XML FILES READABLE IN XML FOLDER
----------------------------------------------------------------------


---------- Date: 2018-01-02 10:38:57 ~ IP : 89.234.68.77 ----------
REQUEST URI : /index.php?route=product/category&amp;path=104
VQMod::_getMods - NO XML FILES READABLE IN XML FOLDER
----------------------------------------------------------------------


---------- Date: 2018-01-02 10:39:17 ~ IP : 89.234.68.77 ----------
REQUEST URI : /
VQMod::_getMods - NO XML FILES READABLE IN XML FOLDER
----------------------------------------------------------------------


---------- Date: 2018-01-02 10:39:34 ~ IP : 89.234.68.77 ----------
REQUEST URI : /?route=common/home
VQMod::_getMods - NO XML FILES READABLE IN XML FOLDER
----------------------------------------------------------------------


---------- Date: 2018-01-02 10:39:41 ~ IP : 89.234.68.77 ----------
REQUEST URI : /index.php?route=product/category&amp;path=104_106
VQMod::_getMods - NO XML FILES READABLE IN XML FOLDER
----------------------------------------------------------------------


---------- Date: 2018-01-02 10:41:06 ~ IP : 78.108.113.8 ----------
REQUEST URI : /
VQMod::_getMods - NO XML FILES READABLE IN XML FOLDER
----------------------------------------------------------------------


---------- Date: 2018-01-02 10:44:46 ~ IP : 78.108.113.8 ----------
REQUEST URI : /
VQMod::_getMods - NO XML FILES READABLE IN XML FOLDER
----------------------------------------------------------------------


---------- Date: 2018-01-02 10:46:02 ~ IP : 78.108.113.8 ----------
REQUEST URI : /
VQMod::_getMods - NO XML FILES READABLE IN XML FOLDER
----------------------------------------------------------------------


---------- Date: 2018-01-02 10:46:47 ~ IP : 78.108.113.8 ----------
REQUEST URI : /
VQMod::_getMods - NO XML FILES READABLE IN XML FOLDER
----------------------------------------------------------------------


---------- Date: 2018-01-02 10:47:07 ~ IP : 78.108.113.8 ----------
REQUEST URI : /index.php?route=common/language/language
VQMod::_getMods - NO XML FILES READABLE IN XML FOLDER
----------------------------------------------------------------------


---------- Date: 2018-01-02 10:47:08 ~ IP : 78.108.113.8 ----------
REQUEST URI : /index.php?route=common/home
VQMod::_getMods - NO XML FILES READABLE IN XML FOLDER
----------------------------------------------------------------------


---------- Date: 2018-01-02 10:48:21 ~ IP : 78.108.113.8 ----------
REQUEST URI : /index.php?route=common/home
VQMod::_getMods - NO XML FILES READABLE IN XML FOLDER
----------------------------------------------------------------------


---------- Date: 2018-01-02 10:50:14 ~ IP : 194.94.95.98 ----------
REQUEST URI : /
VQMod::_getMods - NO XML FILES READABLE IN XML FOLDER
----------------------------------------------------------------------


---------- Date: 2018-01-02 10:50:31 ~ IP : 117.82.167.123 ----------
REQUEST URI : /
VQMod::_getMods - NO XML FILES READABLE IN XML FOLDER
----------------------------------------------------------------------


---------- Date: 2018-01-02 10:50:36 ~ IP : 117.82.167.123 ----------
REQUEST URI : /index.php?route=account/account
VQMod::_getMods - NO XML FILES READABLE IN XML FOLDER
----------------------------------------------------------------------


---------- Date: 2018-01-02 10:50:36 ~ IP : 117.82.167.123 ----------
REQUEST URI : /index.php?route=account/login
VQMod::_getMods - NO XML FILES READABLE IN XML FOLDER
----------------------------------------------------------------------


---------- Date: 2018-01-02 10:50:45 ~ IP : 117.82.167.123 ----------
REQUEST URI : /index.php?route=account/register
VQMod::_getMods - NO XML FILES READABLE IN XML FOLDER
----------------------------------------------------------------------


---------- Date: 2018-01-02 10:51:08 ~ IP : 117.82.167.123 ----------
REQUEST URI : /index.php?route=account/register/customfield&customer_group_id=1
VQMod::_getMods - NO XML FILES READABLE IN XML FOLDER
----------------------------------------------------------------------


---------- Date: 2018-01-02 10:51:08 ~ IP : 117.82.167.123 ----------
REQUEST URI : /index.php?route=account/account/country&country_id=14
VQMod::_getMods - NO XML FILES READABLE IN XML FOLDER
----------------------------------------------------------------------


---------- Date: 2018-01-02 10:51:37 ~ IP : 194.94.95.98 ----------
REQUEST URI : /index.php?route=account/account
VQMod::_getMods - NO XML FILES READABLE IN XML FOLDER
----------------------------------------------------------------------


---------- Date: 2018-01-02 10:51:38 ~ IP : 194.94.95.98 ----------
REQUEST URI : /index.php?route=account/login
VQMod::_getMods - NO XML FILES READABLE IN XML FOLDER
----------------------------------------------------------------------


---------- Date: 2018-01-02 10:51:41 ~ IP : 194.94.95.98 ----------
REQUEST URI : /index.php?route=account/register
VQMod::_getMods - NO XML FILES READABLE IN XML FOLDER
----------------------------------------------------------------------


---------- Date: 2018-01-02 10:51:48 ~ IP : 194.94.95.98 ----------
REQUEST URI : /index.php?route=account/account/country&country_id=14
VQMod::_getMods - NO XML FILES READABLE IN XML FOLDER
----------------------------------------------------------------------


---------- Date: 2018-01-02 10:51:48 ~ IP : 194.94.95.98 ----------
REQUEST URI : /index.php?route=account/register/customfield&customer_group_id=1
VQMod::_getMods - NO XML FILES READABLE IN XML FOLDER
----------------------------------------------------------------------


---------- Date: 2018-01-02 10:52:15 ~ IP : 194.94.95.98 ----------
REQUEST URI : /index.php?route=account/account/country&country_id=78
VQMod::_getMods - NO XML FILES READABLE IN XML FOLDER
----------------------------------------------------------------------


---------- Date: 2018-01-02 10:52:16 ~ IP : 194.94.95.98 ----------
REQUEST URI : /index.php?route=account/account/country&country_id=80
VQMod::_getMods - NO XML FILES READABLE IN XML FOLDER
----------------------------------------------------------------------


---------- Date: 2018-01-02 10:52:16 ~ IP : 194.94.95.98 ----------
REQUEST URI : /index.php?route=account/account/country&country_id=81
VQMod::_getMods - NO XML FILES READABLE IN XML FOLDER
----------------------------------------------------------------------


---------- Date: 2018-01-02 10:52:37 ~ IP : 194.94.95.98 ----------
REQUEST URI : /index.php?route=account/register
VQMod::_getMods - NO XML FILES READABLE IN XML FOLDER
----------------------------------------------------------------------


---------- Date: 2018-01-02 10:52:38 ~ IP : 194.94.95.98 ----------
REQUEST URI : /index.php?route=account/success
VQMod::_getMods - NO XML FILES READABLE IN XML FOLDER
----------------------------------------------------------------------


---------- Date: 2018-01-02 10:52:40 ~ IP : 194.94.95.98 ----------
REQUEST URI : /index.php?route=account/account
VQMod::_getMods - NO XML FILES READABLE IN XML FOLDER
----------------------------------------------------------------------


---------- Date: 2018-01-02 10:53:26 ~ IP : 194.94.95.98 ----------
REQUEST URI : /index.php?route=account/edit
VQMod::_getMods - NO XML FILES READABLE IN XML FOLDER
----------------------------------------------------------------------


---------- Date: 2018-01-02 10:53:35 ~ IP : 194.94.95.98 ----------
REQUEST URI : /index.php?route=account/account
VQMod::_getMods - NO XML FILES READABLE IN XML FOLDER
----------------------------------------------------------------------


---------- Date: 2018-01-02 10:53:39 ~ IP : 194.94.95.98 ----------
REQUEST URI : /index.php?route=account/download
VQMod::_getMods - NO XML FILES READABLE IN XML FOLDER
----------------------------------------------------------------------


---------- Date: 2018-01-02 10:53:41 ~ IP : 194.94.95.98 ----------
REQUEST URI : /index.php?route=account/account
VQMod::_getMods - NO XML FILES READABLE IN XML FOLDER
----------------------------------------------------------------------


---------- Date: 2018-01-02 10:53:43 ~ IP : 194.94.95.98 ----------
REQUEST URI : /index.php?route=account/reward
VQMod::_getMods - NO XML FILES READABLE IN XML FOLDER
----------------------------------------------------------------------


---------- Date: 2018-01-02 10:53:45 ~ IP : 194.94.95.98 ----------
REQUEST URI : /index.php?route=account/account
VQMod::_getMods - NO XML FILES READABLE IN XML FOLDER
----------------------------------------------------------------------


---------- Date: 2018-01-02 10:53:56 ~ IP : 117.82.167.123 ----------
REQUEST URI : /index.php?route=account/account/country&country_id=44
VQMod::_getMods - NO XML FILES READABLE IN XML FOLDER
----------------------------------------------------------------------


---------- Date: 2018-01-02 10:54:00 ~ IP : 194.94.95.98 ----------
REQUEST URI : /index.php?route=information/information&information_id=3
VQMod::_getMods - NO XML FILES READABLE IN XML FOLDER
----------------------------------------------------------------------


---------- Date: 2018-01-02 10:54:13 ~ IP : 194.94.95.98 ----------
REQUEST URI : /index.php?route=information/information&information_id=7
VQMod::_getMods - NO XML FILES READABLE IN XML FOLDER
----------------------------------------------------------------------


---------- Date: 2018-01-02 10:54:22 ~ IP : 194.94.95.98 ----------
REQUEST URI : /index.php?route=information/information&information_id=3
VQMod::_getMods - NO XML FILES READABLE IN XML FOLDER
----------------------------------------------------------------------


---------- Date: 2018-01-02 10:54:28 ~ IP : 194.94.95.98 ----------
REQUEST URI : /index.php?route=information/information&information_id=8
VQMod::_getMods - NO XML FILES READABLE IN XML FOLDER
----------------------------------------------------------------------


---------- Date: 2018-01-02 10:54:35 ~ IP : 194.94.95.98 ----------
REQUEST URI : /index.php?route=information/information&information_id=4
VQMod::_getMods - NO XML FILES READABLE IN XML FOLDER
----------------------------------------------------------------------


---------- Date: 2018-01-02 10:54:46 ~ IP : 117.82.167.123 ----------
REQUEST URI : /index.php?route=account/register
VQMod::_getMods - NO XML FILES READABLE IN XML FOLDER
----------------------------------------------------------------------


---------- Date: 2018-01-02 10:55:09 ~ IP : 117.82.167.123 ----------
REQUEST URI : /index.php?route=account/register/customfield&customer_group_id=1
VQMod::_getMods - NO XML FILES READABLE IN XML FOLDER
----------------------------------------------------------------------


---------- Date: 2018-01-02 10:55:09 ~ IP : 117.82.167.123 ----------
REQUEST URI : /index.php?route=account/account/country&country_id=44
VQMod::_getMods - NO XML FILES READABLE IN XML FOLDER
----------------------------------------------------------------------


---------- Date: 2018-01-02 10:55:38 ~ IP : 117.82.167.123 ----------
REQUEST URI : /index.php?route=account/register
VQMod::_getMods - NO XML FILES READABLE IN XML FOLDER
----------------------------------------------------------------------


---------- Date: 2018-01-02 10:56:01 ~ IP : 117.82.167.123 ----------
REQUEST URI : /index.php?route=account/account/country&country_id=44
VQMod::_getMods - NO XML FILES READABLE IN XML FOLDER
----------------------------------------------------------------------


---------- Date: 2018-01-02 10:56:01 ~ IP : 117.82.167.123 ----------
REQUEST URI : /index.php?route=account/register/customfield&customer_group_id=1
VQMod::_getMods - NO XML FILES READABLE IN XML FOLDER
----------------------------------------------------------------------


---------- Date: 2018-01-02 10:56:59 ~ IP : 78.108.113.8 ----------
REQUEST URI : /
VQMod::_getMods - NO XML FILES READABLE IN XML FOLDER
----------------------------------------------------------------------


---------- Date: 2018-01-02 10:57:06 ~ IP : 78.108.113.8 ----------
REQUEST URI : /index.php?route=common/language/language
VQMod::_getMods - NO XML FILES READABLE IN XML FOLDER
----------------------------------------------------------------------


---------- Date: 2018-01-02 10:57:07 ~ IP : 78.108.113.8 ----------
REQUEST URI : /index.php?route=common/home
VQMod::_getMods - NO XML FILES READABLE IN XML FOLDER
----------------------------------------------------------------------


---------- Date: 2018-01-02 10:57:10 ~ IP : 78.108.113.8 ----------
REQUEST URI : /index.php?route=information/information&information_id=4
VQMod::_getMods - NO XML FILES READABLE IN XML FOLDER
----------------------------------------------------------------------


---------- Date: 2018-01-02 10:57:27 ~ IP : 78.108.113.8 ----------
REQUEST URI : /index.php?route=information/information&information_id=7
VQMod::_getMods - NO XML FILES READABLE IN XML FOLDER
----------------------------------------------------------------------


---------- Date: 2018-01-02 10:57:36 ~ IP : 78.108.113.8 ----------
REQUEST URI : /index.php?route=information/information&information_id=3
VQMod::_getMods - NO XML FILES READABLE IN XML FOLDER
----------------------------------------------------------------------


---------- Date: 2018-01-02 10:59:24 ~ IP : 78.108.113.8 ----------
REQUEST URI : /index.php?route=information/information&information_id=4
VQMod::_getMods - NO XML FILES READABLE IN XML FOLDER
----------------------------------------------------------------------


---------- Date: 2018-01-02 10:59:29 ~ IP : 78.108.113.8 ----------
REQUEST URI : /index.php?route=information/information&information_id=3
VQMod::_getMods - NO XML FILES READABLE IN XML FOLDER
----------------------------------------------------------------------


---------- Date: 2018-01-02 10:59:32 ~ IP : 78.108.113.8 ----------
REQUEST URI : /index.php?route=information/information&information_id=7
VQMod::_getMods - NO XML FILES READABLE IN XML FOLDER
----------------------------------------------------------------------


---------- Date: 2018-01-02 10:59:36 ~ IP : 78.108.113.8 ----------
REQUEST URI : /index.php?route=information/information&information_id=8
VQMod::_getMods - NO XML FILES READABLE IN XML FOLDER
----------------------------------------------------------------------


---------- Date: 2018-01-02 10:59:38 ~ IP : 78.108.113.8 ----------
REQUEST URI : /index.php?route=information/information&information_id=4
VQMod::_getMods - NO XML FILES READABLE IN XML FOLDER
----------------------------------------------------------------------


---------- Date: 2018-01-02 10:59:40 ~ IP : 78.108.113.8 ----------
REQUEST URI : /index.php?route=information/information&information_id=3
VQMod::_getMods - NO XML FILES READABLE IN XML FOLDER
----------------------------------------------------------------------


---------- Date: 2018-01-02 10:59:44 ~ IP : 78.108.113.8 ----------
REQUEST URI : /index.php?route=information/information&information_id=4
VQMod::_getMods - NO XML FILES READABLE IN XML FOLDER
----------------------------------------------------------------------


---------- Date: 2018-01-02 10:59:58 ~ IP : 78.108.113.8 ----------
REQUEST URI : /index.php?route=information/information&information_id=3
VQMod::_getMods - NO XML FILES READABLE IN XML FOLDER
----------------------------------------------------------------------


---------- Date: 2018-01-02 11:00:22 ~ IP : 194.94.95.98 ----------
REQUEST URI : /
VQMod::_getMods - NO XML FILES READABLE IN XML FOLDER
----------------------------------------------------------------------


---------- Date: 2018-01-02 11:00:35 ~ IP : 78.108.113.8 ----------
REQUEST URI : /index.php?route=information/information&information_id=4
VQMod::_getMods - NO XML FILES READABLE IN XML FOLDER
----------------------------------------------------------------------


---------- Date: 2018-01-02 11:00:45 ~ IP : 194.94.95.98 ----------
REQUEST URI : /?route=information/contact
VQMod::_getMods - NO XML FILES READABLE IN XML FOLDER
----------------------------------------------------------------------


---------- Date: 2018-01-02 11:01:13 ~ IP : 78.108.113.8 ----------
REQUEST URI : /index.php?route=information/information&information_id=4
VQMod::_getMods - NO XML FILES READABLE IN XML FOLDER
----------------------------------------------------------------------


---------- Date: 2018-01-02 11:01:46 ~ IP : 194.94.95.98 ----------
REQUEST URI : /index.php?route=information/information&information_id=7
VQMod::_getMods - NO XML FILES READABLE IN XML FOLDER
----------------------------------------------------------------------


---------- Date: 2018-01-02 11:02:55 ~ IP : 194.94.95.98 ----------
REQUEST URI : /index.php?route=information/information&information_id=7
VQMod::_getMods - NO XML FILES READABLE IN XML FOLDER
----------------------------------------------------------------------


---------- Date: 2018-01-02 11:03:50 ~ IP : 78.108.113.8 ----------
REQUEST URI : /index.php?route=information/information&information_id=3
VQMod::_getMods - NO XML FILES READABLE IN XML FOLDER
----------------------------------------------------------------------


---------- Date: 2018-01-02 11:05:56 ~ IP : 78.108.113.8 ----------
REQUEST URI : /index.php?route=common/language/language
VQMod::_getMods - NO XML FILES READABLE IN XML FOLDER
----------------------------------------------------------------------


---------- Date: 2018-01-02 11:05:57 ~ IP : 78.108.113.8 ----------
REQUEST URI : /index.php?route=information/information&information_id=3
VQMod::_getMods - NO XML FILES READABLE IN XML FOLDER
----------------------------------------------------------------------


---------- Date: 2018-01-02 11:06:33 ~ IP : 78.108.113.8 ----------
REQUEST URI : /index.php?route=information/information&information_id=4
VQMod::_getMods - NO XML FILES READABLE IN XML FOLDER
----------------------------------------------------------------------


---------- Date: 2018-01-02 11:06:39 ~ IP : 194.94.95.98 ----------
REQUEST URI : /index.php?route=product/category&path=64
VQMod::_getMods - NO XML FILES READABLE IN XML FOLDER
----------------------------------------------------------------------


---------- Date: 2018-01-02 11:06:40 ~ IP : 78.108.113.8 ----------
REQUEST URI : /index.php?route=common/home
VQMod::_getMods - NO XML FILES READABLE IN XML FOLDER
----------------------------------------------------------------------


---------- Date: 2018-01-02 11:06:42 ~ IP : 194.94.95.98 ----------
REQUEST URI : /index.php?route=product/product&path=64&product_id=107
VQMod::_getMods - NO XML FILES READABLE IN XML FOLDER
----------------------------------------------------------------------


---------- Date: 2018-01-02 11:06:46 ~ IP : 194.94.95.98 ----------
REQUEST URI : /index.php?route=product/product/review&product_id=107
VQMod::_getMods - NO XML FILES READABLE IN XML FOLDER
----------------------------------------------------------------------


---------- Date: 2018-01-02 11:06:56 ~ IP : 78.108.113.8 ----------
REQUEST URI : /index.php?route=information/information&information_id=7
VQMod::_getMods - NO XML FILES READABLE IN XML FOLDER
----------------------------------------------------------------------


---------- Date: 2018-01-02 11:06:59 ~ IP : 78.108.113.8 ----------
REQUEST URI : /index.php?route=information/information&information_id=7
VQMod::_getMods - NO XML FILES READABLE IN XML FOLDER
----------------------------------------------------------------------


---------- Date: 2018-01-02 11:07:02 ~ IP : 78.108.113.8 ----------
REQUEST URI : /index.php?route=common/home
VQMod::_getMods - NO XML FILES READABLE IN XML FOLDER
----------------------------------------------------------------------


---------- Date: 2018-01-02 11:07:05 ~ IP : 78.108.113.8 ----------
REQUEST URI : /index.php?route=information/information&information_id=3
VQMod::_getMods - NO XML FILES READABLE IN XML FOLDER
----------------------------------------------------------------------


---------- Date: 2018-01-02 11:07:08 ~ IP : 78.108.113.8 ----------
REQUEST URI : /index.php?route=information/information&information_id=7
VQMod::_getMods - NO XML FILES READABLE IN XML FOLDER
----------------------------------------------------------------------


---------- Date: 2018-01-02 11:07:12 ~ IP : 78.108.113.8 ----------
REQUEST URI : /index.php?route=information/information&information_id=3
VQMod::_getMods - NO XML FILES READABLE IN XML FOLDER
----------------------------------------------------------------------


---------- Date: 2018-01-02 11:07:13 ~ IP : 78.108.113.8 ----------
REQUEST URI : /index.php?route=information/information&information_id=4
VQMod::_getMods - NO XML FILES READABLE IN XML FOLDER
----------------------------------------------------------------------


---------- Date: 2018-01-02 11:07:18 ~ IP : 78.108.113.8 ----------
REQUEST URI : /index.php?route=information/information&information_id=3
VQMod::_getMods - NO XML FILES READABLE IN XML FOLDER
----------------------------------------------------------------------


---------- Date: 2018-01-02 11:07:21 ~ IP : 78.108.113.8 ----------
REQUEST URI : /index.php?route=information/information&information_id=7
VQMod::_getMods - NO XML FILES READABLE IN XML FOLDER
----------------------------------------------------------------------


---------- Date: 2018-01-02 11:07:24 ~ IP : 78.108.113.8 ----------
REQUEST URI : /index.php?route=common/language/language
VQMod::_getMods - NO XML FILES READABLE IN XML FOLDER
----------------------------------------------------------------------


---------- Date: 2018-01-02 11:07:25 ~ IP : 78.108.113.8 ----------
REQUEST URI : /index.php?route=information/information&information_id=7
VQMod::_getMods - NO XML FILES READABLE IN XML FOLDER
----------------------------------------------------------------------


---------- Date: 2018-01-02 11:07:30 ~ IP : 78.108.113.8 ----------
REQUEST URI : /index.php?route=information/information&information_id=7
VQMod::_getMods - NO XML FILES READABLE IN XML FOLDER
----------------------------------------------------------------------


---------- Date: 2018-01-02 11:07:34 ~ IP : 78.108.113.8 ----------
REQUEST URI : /index.php?route=common/home
VQMod::_getMods - NO XML FILES READABLE IN XML FOLDER
----------------------------------------------------------------------


---------- Date: 2018-01-02 11:07:38 ~ IP : 78.108.113.8 ----------
REQUEST URI : /index.php?route=information/information&information_id=4
VQMod::_getMods - NO XML FILES READABLE IN XML FOLDER
----------------------------------------------------------------------


---------- Date: 2018-01-02 11:07:40 ~ IP : 78.108.113.8 ----------
REQUEST URI : /index.php?route=information/information&information_id=3
VQMod::_getMods - NO XML FILES READABLE IN XML FOLDER
----------------------------------------------------------------------


---------- Date: 2018-01-02 11:08:12 ~ IP : 78.108.113.8 ----------
REQUEST URI : /index.php?route=information/information&information_id=3
VQMod::_getMods - NO XML FILES READABLE IN XML FOLDER
----------------------------------------------------------------------


---------- Date: 2018-01-02 11:08:17 ~ IP : 78.108.113.8 ----------
REQUEST URI : /index.php?route=common/home
VQMod::_getMods - NO XML FILES READABLE IN XML FOLDER
----------------------------------------------------------------------


---------- Date: 2018-01-02 11:08:21 ~ IP : 78.108.113.8 ----------
REQUEST URI : /index.php?route=information/information&information_id=3
VQMod::_getMods - NO XML FILES READABLE IN XML FOLDER
----------------------------------------------------------------------


---------- Date: 2018-01-02 11:08:23 ~ IP : 78.108.113.8 ----------
REQUEST URI : /index.php?route=information/information&information_id=7
VQMod::_getMods - NO XML FILES READABLE IN XML FOLDER
----------------------------------------------------------------------


---------- Date: 2018-01-02 11:08:27 ~ IP : 78.108.113.8 ----------
REQUEST URI : /index.php?route=information/information&information_id=7
VQMod::_getMods - NO XML FILES READABLE IN XML FOLDER
----------------------------------------------------------------------


---------- Date: 2018-01-02 11:08:30 ~ IP : 78.108.113.8 ----------
REQUEST URI : /index.php?route=information/information&information_id=4
VQMod::_getMods - NO XML FILES READABLE IN XML FOLDER
----------------------------------------------------------------------


---------- Date: 2018-01-02 11:08:49 ~ IP : 78.108.113.8 ----------
REQUEST URI : /index.php?route=information/information&information_id=4
VQMod::_getMods - NO XML FILES READABLE IN XML FOLDER
----------------------------------------------------------------------


---------- Date: 2018-01-02 11:08:53 ~ IP : 78.108.113.8 ----------
REQUEST URI : /index.php?route=common/home
VQMod::_getMods - NO XML FILES READABLE IN XML FOLDER
----------------------------------------------------------------------


---------- Date: 2018-01-02 11:09:00 ~ IP : 78.108.113.8 ----------
REQUEST URI : /index.php?route=information/information&information_id=4
VQMod::_getMods - NO XML FILES READABLE IN XML FOLDER
----------------------------------------------------------------------


---------- Date: 2018-01-02 11:09:03 ~ IP : 78.108.113.8 ----------
REQUEST URI : /index.php?route=information/information&information_id=7
VQMod::_getMods - NO XML FILES READABLE IN XML FOLDER
----------------------------------------------------------------------


---------- Date: 2018-01-02 11:11:04 ~ IP : 78.108.113.8 ----------
REQUEST URI : /index.php?route=common/language/language
VQMod::_getMods - NO XML FILES READABLE IN XML FOLDER
----------------------------------------------------------------------


---------- Date: 2018-01-02 11:11:05 ~ IP : 78.108.113.8 ----------
REQUEST URI : /index.php?route=information/information&information_id=7
VQMod::_getMods - NO XML FILES READABLE IN XML FOLDER
----------------------------------------------------------------------


---------- Date: 2018-01-02 11:12:15 ~ IP : 78.108.113.8 ----------
REQUEST URI : /index.php?route=information/information&information_id=7
VQMod::_getMods - NO XML FILES READABLE IN XML FOLDER
----------------------------------------------------------------------


---------- Date: 2018-01-02 11:12:21 ~ IP : 78.108.113.8 ----------
REQUEST URI : /index.php?route=common/language/language
VQMod::_getMods - NO XML FILES READABLE IN XML FOLDER
----------------------------------------------------------------------


---------- Date: 2018-01-02 11:12:21 ~ IP : 78.108.113.8 ----------
REQUEST URI : /index.php?route=information/information&information_id=7
VQMod::_getMods - NO XML FILES READABLE IN XML FOLDER
----------------------------------------------------------------------


---------- Date: 2018-01-02 11:12:43 ~ IP : 78.108.113.8 ----------
REQUEST URI : /index.php?route=common/language/language
VQMod::_getMods - NO XML FILES READABLE IN XML FOLDER
----------------------------------------------------------------------


---------- Date: 2018-01-02 11:12:44 ~ IP : 78.108.113.8 ----------
REQUEST URI : /index.php?route=information/information&information_id=7
VQMod::_getMods - NO XML FILES READABLE IN XML FOLDER
----------------------------------------------------------------------


---------- Date: 2018-01-02 11:12:48 ~ IP : 78.108.113.8 ----------
REQUEST URI : /index.php?route=information/information&information_id=8
VQMod::_getMods - NO XML FILES READABLE IN XML FOLDER
----------------------------------------------------------------------


---------- Date: 2018-01-02 11:12:50 ~ IP : 78.108.113.8 ----------
REQUEST URI : /index.php?route=information/information&information_id=4
VQMod::_getMods - NO XML FILES READABLE IN XML FOLDER
----------------------------------------------------------------------


---------- Date: 2018-01-02 11:12:52 ~ IP : 78.108.113.8 ----------
REQUEST URI : /index.php?route=information/information&information_id=7
VQMod::_getMods - NO XML FILES READABLE IN XML FOLDER
----------------------------------------------------------------------


---------- Date: 2018-01-02 11:12:54 ~ IP : 78.108.113.8 ----------
REQUEST URI : /index.php?route=information/information&information_id=3
VQMod::_getMods - NO XML FILES READABLE IN XML FOLDER
----------------------------------------------------------------------


---------- Date: 2018-01-02 11:12:58 ~ IP : 78.108.113.8 ----------
REQUEST URI : /index.php?route=common/language/language
VQMod::_getMods - NO XML FILES READABLE IN XML FOLDER
----------------------------------------------------------------------


---------- Date: 2018-01-02 11:12:58 ~ IP : 78.108.113.8 ----------
REQUEST URI : /index.php?route=information/information&information_id=3
VQMod::_getMods - NO XML FILES READABLE IN XML FOLDER
----------------------------------------------------------------------


---------- Date: 2018-01-02 11:13:24 ~ IP : 78.108.113.8 ----------
REQUEST URI : /index.php?route=common/home
VQMod::_getMods - NO XML FILES READABLE IN XML FOLDER
----------------------------------------------------------------------


---------- Date: 2018-01-02 11:13:35 ~ IP : 78.108.113.8 ----------
REQUEST URI : /index.php?route=common/home
VQMod::_getMods - NO XML FILES READABLE IN XML FOLDER
----------------------------------------------------------------------


---------- Date: 2018-01-02 11:14:54 ~ IP : 13.56.229.65 ----------
REQUEST URI : /
VQMod::_getMods - NO XML FILES READABLE IN XML FOLDER
----------------------------------------------------------------------


---------- Date: 2018-01-02 11:21:24 ~ IP : 78.108.113.8 ----------
REQUEST URI : /index.php?route=api/login
VQMod::_getMods - NO XML FILES READABLE IN XML FOLDER
----------------------------------------------------------------------


---------- Date: 2018-01-02 11:21:42 ~ IP : 78.108.113.8 ----------
REQUEST URI : /index.php?route=api/login
VQMod::_getMods - NO XML FILES READABLE IN XML FOLDER
----------------------------------------------------------------------


---------- Date: 2018-01-02 11:56:33 ~ IP : 78.108.113.8 ----------
REQUEST URI : /
VQMod::_getMods - NO XML FILES READABLE IN XML FOLDER
----------------------------------------------------------------------


