---------- Date: 2017-12-27 00:09:49 ~ IP : 8.21.198.75 ----------
REQUEST URI : /index.php?route=product/product&product_id=88
VQMod::_getMods - NO XML FILES READABLE IN XML FOLDER
----------------------------------------------------------------------


---------- Date: 2017-12-27 00:34:55 ~ IP : 121.227.120.145 ----------
REQUEST URI : /
VQMod::_getMods - NO XML FILES READABLE IN XML FOLDER
----------------------------------------------------------------------


---------- Date: 2017-12-27 00:35:47 ~ IP : 106.120.161.68 ----------
REQUEST URI : /
VQMod::_getMods - NO XML FILES READABLE IN XML FOLDER
----------------------------------------------------------------------


---------- Date: 2017-12-27 00:36:01 ~ IP : 101.199.108.120 ----------
REQUEST URI : /
VQMod::_getMods - NO XML FILES READABLE IN XML FOLDER
----------------------------------------------------------------------


---------- Date: 2017-12-27 01:34:50 ~ IP : 121.227.120.145 ----------
REQUEST URI : /index.php?route=product/category&path=95_97
VQMod::_getMods - NO XML FILES READABLE IN XML FOLDER
----------------------------------------------------------------------


---------- Date: 2017-12-27 01:34:54 ~ IP : 121.227.120.145 ----------
REQUEST URI : /
VQMod::_getMods - NO XML FILES READABLE IN XML FOLDER
----------------------------------------------------------------------


---------- Date: 2017-12-27 01:35:06 ~ IP : 121.227.120.145 ----------
REQUEST URI : /index.php?route=product/category&path=104
VQMod::_getMods - NO XML FILES READABLE IN XML FOLDER
----------------------------------------------------------------------


---------- Date: 2017-12-27 01:35:27 ~ IP : 106.120.161.68 ----------
REQUEST URI : /index.php?route=product/category&path=95_97
VQMod::_getMods - NO XML FILES READABLE IN XML FOLDER
----------------------------------------------------------------------


---------- Date: 2017-12-27 01:35:31 ~ IP : 121.227.120.145 ----------
REQUEST URI : /index.php?route=common/home
VQMod::_getMods - NO XML FILES READABLE IN XML FOLDER
----------------------------------------------------------------------


---------- Date: 2017-12-27 01:35:52 ~ IP : 106.120.161.68 ----------
REQUEST URI : /index.php?route=product/category&path=104
VQMod::_getMods - NO XML FILES READABLE IN XML FOLDER
----------------------------------------------------------------------


---------- Date: 2017-12-27 01:36:05 ~ IP : 101.199.108.55 ----------
REQUEST URI : /index.php?route=product/category&path=95_97
VQMod::_getMods - NO XML FILES READABLE IN XML FOLDER
----------------------------------------------------------------------


---------- Date: 2017-12-27 01:36:10 ~ IP : 106.120.161.68 ----------
REQUEST URI : /index.php?route=common/home
VQMod::_getMods - NO XML FILES READABLE IN XML FOLDER
----------------------------------------------------------------------


---------- Date: 2017-12-27 01:37:01 ~ IP : 101.199.108.59 ----------
REQUEST URI : /index.php?route=product/category&path=104
VQMod::_getMods - NO XML FILES READABLE IN XML FOLDER
----------------------------------------------------------------------


---------- Date: 2017-12-27 01:37:42 ~ IP : 101.199.108.58 ----------
REQUEST URI : /index.php?route=common/home
VQMod::_getMods - NO XML FILES READABLE IN XML FOLDER
----------------------------------------------------------------------


---------- Date: 2017-12-27 01:39:05 ~ IP : 121.227.120.145 ----------
REQUEST URI : /
VQMod::_getMods - NO XML FILES READABLE IN XML FOLDER
----------------------------------------------------------------------


---------- Date: 2017-12-27 01:43:41 ~ IP : 121.227.120.145 ----------
REQUEST URI : /index.php?route=product/search
VQMod::_getMods - NO XML FILES READABLE IN XML FOLDER
----------------------------------------------------------------------


---------- Date: 2017-12-27 01:43:46 ~ IP : 121.227.120.145 ----------
REQUEST URI : /
VQMod::_getMods - NO XML FILES READABLE IN XML FOLDER
----------------------------------------------------------------------


---------- Date: 2017-12-27 01:43:59 ~ IP : 121.227.120.145 ----------
REQUEST URI : /index.php?route=product/product&path=64&product_id=52
VQMod::_getMods - NO XML FILES READABLE IN XML FOLDER
----------------------------------------------------------------------


---------- Date: 2017-12-27 01:44:08 ~ IP : 121.227.120.145 ----------
REQUEST URI : /
VQMod::_getMods - NO XML FILES READABLE IN XML FOLDER
----------------------------------------------------------------------


---------- Date: 2017-12-27 01:44:28 ~ IP : 106.120.161.68 ----------
REQUEST URI : /index.php?route=product/search
VQMod::_getMods - NO XML FILES READABLE IN XML FOLDER
----------------------------------------------------------------------


---------- Date: 2017-12-27 01:44:46 ~ IP : 101.199.108.58 ----------
REQUEST URI : /index.php?route=product/search
VQMod::_getMods - NO XML FILES READABLE IN XML FOLDER
----------------------------------------------------------------------


---------- Date: 2017-12-27 01:44:49 ~ IP : 106.120.161.68 ----------
REQUEST URI : /index.php?route=product/product&path=64&product_id=52
VQMod::_getMods - NO XML FILES READABLE IN XML FOLDER
----------------------------------------------------------------------


---------- Date: 2017-12-27 01:44:51 ~ IP : 171.13.14.145 ----------
REQUEST URI : /index.php?route=product/product&path=64&product_id=52
VQMod::_getMods - NO XML FILES READABLE IN XML FOLDER
----------------------------------------------------------------------


---------- Date: 2017-12-27 01:44:53 ~ IP : 182.118.20.158 ----------
REQUEST URI : /index.php?route=product/product&path=64&product_id=52
VQMod::_getMods - NO XML FILES READABLE IN XML FOLDER
----------------------------------------------------------------------


---------- Date: 2017-12-27 01:45:09 ~ IP : 220.181.132.193 ----------
REQUEST URI : /index.php?route=product/product&path=64&product_id=52
VQMod::_getMods - NO XML FILES READABLE IN XML FOLDER
----------------------------------------------------------------------


---------- Date: 2017-12-27 01:45:41 ~ IP : 220.181.132.197 ----------
REQUEST URI : /index.php?route=product/product&path=64&product_id=52
VQMod::_getMods - NO XML FILES READABLE IN XML FOLDER
----------------------------------------------------------------------


---------- Date: 2017-12-27 01:46:14 ~ IP : 101.199.108.120 ----------
REQUEST URI : /index.php?route=product/product&path=64&product_id=52
VQMod::_getMods - NO XML FILES READABLE IN XML FOLDER
----------------------------------------------------------------------


---------- Date: 2017-12-27 01:48:13 ~ IP : 121.227.120.145 ----------
REQUEST URI : /index.php?route=information/sitemap
VQMod::_getMods - NO XML FILES READABLE IN XML FOLDER
----------------------------------------------------------------------


---------- Date: 2017-12-27 01:48:30 ~ IP : 121.227.120.145 ----------
REQUEST URI : /index.php?route=product/category&path=69_84
VQMod::_getMods - NO XML FILES READABLE IN XML FOLDER
----------------------------------------------------------------------


---------- Date: 2017-12-27 01:48:32 ~ IP : 121.227.120.145 ----------
REQUEST URI : /index.php?route=information/sitemap
VQMod::_getMods - NO XML FILES READABLE IN XML FOLDER
----------------------------------------------------------------------


---------- Date: 2017-12-27 01:48:34 ~ IP : 121.227.120.145 ----------
REQUEST URI : /
VQMod::_getMods - NO XML FILES READABLE IN XML FOLDER
----------------------------------------------------------------------


---------- Date: 2017-12-27 01:48:40 ~ IP : 106.120.160.109 ----------
REQUEST URI : /index.php?route=information/sitemap
VQMod::_getMods - NO XML FILES READABLE IN XML FOLDER
----------------------------------------------------------------------


---------- Date: 2017-12-27 01:48:48 ~ IP : 106.120.160.109 ----------
REQUEST URI : /index.php?route=information/sitemap
VQMod::_getMods - NO XML FILES READABLE IN XML FOLDER
----------------------------------------------------------------------


---------- Date: 2017-12-27 01:48:55 ~ IP : 101.199.112.50 ----------
REQUEST URI : /index.php?route=information/sitemap
VQMod::_getMods - NO XML FILES READABLE IN XML FOLDER
----------------------------------------------------------------------


---------- Date: 2017-12-27 01:48:57 ~ IP : 121.227.120.145 ----------
REQUEST URI : /?route=information/contact
VQMod::_getMods - NO XML FILES READABLE IN XML FOLDER
----------------------------------------------------------------------


---------- Date: 2017-12-27 01:48:59 ~ IP : 106.120.161.68 ----------
REQUEST URI : /index.php?route=product/category&path=69_84
VQMod::_getMods - NO XML FILES READABLE IN XML FOLDER
----------------------------------------------------------------------


---------- Date: 2017-12-27 01:49:00 ~ IP : 101.199.108.59 ----------
REQUEST URI : /index.php?route=information/sitemap
VQMod::_getMods - NO XML FILES READABLE IN XML FOLDER
----------------------------------------------------------------------


---------- Date: 2017-12-27 01:49:04 ~ IP : 106.120.160.109 ----------
REQUEST URI : /index.php?route=product/category&path=69_84
VQMod::_getMods - NO XML FILES READABLE IN XML FOLDER
----------------------------------------------------------------------


---------- Date: 2017-12-27 01:49:13 ~ IP : 101.199.108.57 ----------
REQUEST URI : /index.php?route=product/category&path=69_84
VQMod::_getMods - NO XML FILES READABLE IN XML FOLDER
----------------------------------------------------------------------


---------- Date: 2017-12-27 01:49:18 ~ IP : 101.199.108.55 ----------
REQUEST URI : /index.php?route=product/category&path=69_84
VQMod::_getMods - NO XML FILES READABLE IN XML FOLDER
----------------------------------------------------------------------


---------- Date: 2017-12-27 01:50:44 ~ IP : 121.227.120.145 ----------
REQUEST URI : /index.php?route=product/category&path=69
VQMod::_getMods - NO XML FILES READABLE IN XML FOLDER
----------------------------------------------------------------------


---------- Date: 2017-12-27 01:50:52 ~ IP : 121.227.120.145 ----------
REQUEST URI : /index.php?route=product/category&path=109
VQMod::_getMods - NO XML FILES READABLE IN XML FOLDER
----------------------------------------------------------------------


---------- Date: 2017-12-27 02:36:59 ~ IP : 106.120.161.68 ----------
REQUEST URI : /index.php?route=product/search
VQMod::_getMods - NO XML FILES READABLE IN XML FOLDER
----------------------------------------------------------------------


---------- Date: 2017-12-27 02:37:02 ~ IP : 106.120.161.68 ----------
REQUEST URI : /index.php?route=product/product&path=64&product_id=52
VQMod::_getMods - NO XML FILES READABLE IN XML FOLDER
----------------------------------------------------------------------


---------- Date: 2017-12-27 02:37:03 ~ IP : 171.13.14.147 ----------
REQUEST URI : /index.php?route=product/product&path=64&product_id=52
VQMod::_getMods - NO XML FILES READABLE IN XML FOLDER
----------------------------------------------------------------------


---------- Date: 2017-12-27 02:37:05 ~ IP : 106.120.161.68 ----------
REQUEST URI : /index.php?route=product/category&path=69_84
VQMod::_getMods - NO XML FILES READABLE IN XML FOLDER
----------------------------------------------------------------------


---------- Date: 2017-12-27 02:37:05 ~ IP : 171.13.14.133 ----------
REQUEST URI : /index.php?route=product/product&path=64&product_id=52
VQMod::_getMods - NO XML FILES READABLE IN XML FOLDER
----------------------------------------------------------------------


---------- Date: 2017-12-27 02:37:05 ~ IP : 106.120.160.109 ----------
REQUEST URI : /
VQMod::_getMods - NO XML FILES READABLE IN XML FOLDER
----------------------------------------------------------------------


---------- Date: 2017-12-27 02:37:06 ~ IP : 106.120.160.109 ----------
REQUEST URI : /index.php?route=product/category&path=109
VQMod::_getMods - NO XML FILES READABLE IN XML FOLDER
----------------------------------------------------------------------


---------- Date: 2017-12-27 02:37:06 ~ IP : 106.120.161.68 ----------
REQUEST URI : /?route=information/contact
VQMod::_getMods - NO XML FILES READABLE IN XML FOLDER
----------------------------------------------------------------------


---------- Date: 2017-12-27 02:37:06 ~ IP : 106.120.161.68 ----------
REQUEST URI : /index.php?route=information/sitemap
VQMod::_getMods - NO XML FILES READABLE IN XML FOLDER
----------------------------------------------------------------------


---------- Date: 2017-12-27 02:37:06 ~ IP : 106.120.161.68 ----------
REQUEST URI : /index.php?route=product/category&path=69
VQMod::_getMods - NO XML FILES READABLE IN XML FOLDER
----------------------------------------------------------------------


---------- Date: 2017-12-27 02:37:07 ~ IP : 106.120.160.109 ----------
REQUEST URI : /index.php?route=product/category&path=109
VQMod::_getMods - NO XML FILES READABLE IN XML FOLDER
----------------------------------------------------------------------


---------- Date: 2017-12-27 02:37:17 ~ IP : 106.120.161.68 ----------
REQUEST URI : /index.php?route=product/category&path=69
VQMod::_getMods - NO XML FILES READABLE IN XML FOLDER
----------------------------------------------------------------------


---------- Date: 2017-12-27 02:37:56 ~ IP : 101.199.108.50 ----------
REQUEST URI : /index.php?route=product/category&path=69
VQMod::_getMods - NO XML FILES READABLE IN XML FOLDER
----------------------------------------------------------------------


---------- Date: 2017-12-27 02:37:56 ~ IP : 101.199.108.53 ----------
REQUEST URI : /index.php?route=product/category&path=109
VQMod::_getMods - NO XML FILES READABLE IN XML FOLDER
----------------------------------------------------------------------


---------- Date: 2017-12-27 02:37:57 ~ IP : 101.199.108.58 ----------
REQUEST URI : /
VQMod::_getMods - NO XML FILES READABLE IN XML FOLDER
----------------------------------------------------------------------


---------- Date: 2017-12-27 02:37:57 ~ IP : 101.199.108.59 ----------
REQUEST URI : /index.php?route=information/sitemap
VQMod::_getMods - NO XML FILES READABLE IN XML FOLDER
----------------------------------------------------------------------


---------- Date: 2017-12-27 02:38:03 ~ IP : 101.199.112.53 ----------
REQUEST URI : /index.php?route=product/category&path=69
VQMod::_getMods - NO XML FILES READABLE IN XML FOLDER
----------------------------------------------------------------------


---------- Date: 2017-12-27 02:38:30 ~ IP : 220.181.132.197 ----------
REQUEST URI : /
VQMod::_getMods - NO XML FILES READABLE IN XML FOLDER
----------------------------------------------------------------------


---------- Date: 2017-12-27 02:39:10 ~ IP : 101.199.108.54 ----------
REQUEST URI : /index.php?route=product/search
VQMod::_getMods - NO XML FILES READABLE IN XML FOLDER
----------------------------------------------------------------------


---------- Date: 2017-12-27 02:39:35 ~ IP : 101.199.112.51 ----------
REQUEST URI : /?route=information/contact
VQMod::_getMods - NO XML FILES READABLE IN XML FOLDER
----------------------------------------------------------------------


---------- Date: 2017-12-27 02:39:47 ~ IP : 220.181.132.199 ----------
REQUEST URI : /index.php?route=product/category&path=69_84
VQMod::_getMods - NO XML FILES READABLE IN XML FOLDER
----------------------------------------------------------------------


---------- Date: 2017-12-27 02:39:48 ~ IP : 101.199.108.51 ----------
REQUEST URI : /index.php?route=product/product&path=64&product_id=52
VQMod::_getMods - NO XML FILES READABLE IN XML FOLDER
----------------------------------------------------------------------


---------- Date: 2017-12-27 02:39:56 ~ IP : 220.181.132.196 ----------
REQUEST URI : /index.php?route=product/category&path=109
VQMod::_getMods - NO XML FILES READABLE IN XML FOLDER
----------------------------------------------------------------------


---------- Date: 2017-12-27 02:40:21 ~ IP : 101.199.108.53 ----------
REQUEST URI : /index.php?route=product/product&path=64&product_id=52
VQMod::_getMods - NO XML FILES READABLE IN XML FOLDER
----------------------------------------------------------------------


---------- Date: 2017-12-27 02:54:27 ~ IP : 194.28.172.81 ----------
REQUEST URI : /
VQMod::_getMods - NO XML FILES READABLE IN XML FOLDER
----------------------------------------------------------------------


---------- Date: 2017-12-27 02:56:57 ~ IP : 121.227.120.145 ----------
REQUEST URI : /index.php?route=product/category&path=109
VQMod::_getMods - NO XML FILES READABLE IN XML FOLDER
----------------------------------------------------------------------


---------- Date: 2017-12-27 02:57:02 ~ IP : 121.227.120.145 ----------
REQUEST URI : /index.php?route=product/category&path=104
VQMod::_getMods - NO XML FILES READABLE IN XML FOLDER
----------------------------------------------------------------------


---------- Date: 2017-12-27 03:00:08 ~ IP : 121.227.120.145 ----------
REQUEST URI : /index.php?route=common/home
VQMod::_getMods - NO XML FILES READABLE IN XML FOLDER
----------------------------------------------------------------------


---------- Date: 2017-12-27 03:00:16 ~ IP : 121.227.120.145 ----------
REQUEST URI : /index.php?route=common/language/language
VQMod::_getMods - NO XML FILES READABLE IN XML FOLDER
----------------------------------------------------------------------


---------- Date: 2017-12-27 03:00:17 ~ IP : 121.227.120.145 ----------
REQUEST URI : /index.php?route=common/home
VQMod::_getMods - NO XML FILES READABLE IN XML FOLDER
----------------------------------------------------------------------


---------- Date: 2017-12-27 03:01:25 ~ IP : 121.227.120.145 ----------
REQUEST URI : /index.php?route=product/category&path=104
VQMod::_getMods - NO XML FILES READABLE IN XML FOLDER
----------------------------------------------------------------------


---------- Date: 2017-12-27 03:20:26 ~ IP : 121.227.120.145 ----------
REQUEST URI : /index.php?route=common/home
VQMod::_getMods - NO XML FILES READABLE IN XML FOLDER
----------------------------------------------------------------------


---------- Date: 2017-12-27 03:20:36 ~ IP : 121.227.120.145 ----------
REQUEST URI : /index.php?route=account/login
VQMod::_getMods - NO XML FILES READABLE IN XML FOLDER
----------------------------------------------------------------------


---------- Date: 2017-12-27 03:20:50 ~ IP : 121.227.120.145 ----------
REQUEST URI : /index.php?route=account/register
VQMod::_getMods - NO XML FILES READABLE IN XML FOLDER
----------------------------------------------------------------------


---------- Date: 2017-12-27 03:21:09 ~ IP : 121.227.120.145 ----------
REQUEST URI : /index.php?route=common/home
VQMod::_getMods - NO XML FILES READABLE IN XML FOLDER
----------------------------------------------------------------------


---------- Date: 2017-12-27 03:23:31 ~ IP : 66.249.66.93 ----------
REQUEST URI : /
VQMod::_getMods - NO XML FILES READABLE IN XML FOLDER
----------------------------------------------------------------------


---------- Date: 2017-12-27 03:34:33 ~ IP : 121.227.120.145 ----------
REQUEST URI : /
VQMod::_getMods - NO XML FILES READABLE IN XML FOLDER
----------------------------------------------------------------------


---------- Date: 2017-12-27 03:35:04 ~ IP : 121.227.120.145 ----------
REQUEST URI : /index.php?route=product/product&path=64&product_id=52
VQMod::_getMods - NO XML FILES READABLE IN XML FOLDER
----------------------------------------------------------------------


---------- Date: 2017-12-27 03:35:10 ~ IP : 121.227.120.145 ----------
REQUEST URI : /
VQMod::_getMods - NO XML FILES READABLE IN XML FOLDER
----------------------------------------------------------------------


---------- Date: 2017-12-27 03:37:16 ~ IP : 121.227.120.145 ----------
REQUEST URI : /index.php?route=product/product&path=64&product_id=52
VQMod::_getMods - NO XML FILES READABLE IN XML FOLDER
----------------------------------------------------------------------


---------- Date: 2017-12-27 03:37:22 ~ IP : 121.227.120.145 ----------
REQUEST URI : /index.php?route=common/home
VQMod::_getMods - NO XML FILES READABLE IN XML FOLDER
----------------------------------------------------------------------


---------- Date: 2017-12-27 03:37:54 ~ IP : 121.227.120.145 ----------
REQUEST URI : /index.php?route=product/compare/add
VQMod::_getMods - NO XML FILES READABLE IN XML FOLDER
----------------------------------------------------------------------


---------- Date: 2017-12-27 03:38:08 ~ IP : 121.227.120.145 ----------
REQUEST URI : /index.php?route=checkout/cart/add
VQMod::_getMods - NO XML FILES READABLE IN XML FOLDER
----------------------------------------------------------------------


---------- Date: 2017-12-27 03:38:10 ~ IP : 121.227.120.145 ----------
REQUEST URI : /index.php?route=product/product&product_id=96
VQMod::_getMods - NO XML FILES READABLE IN XML FOLDER
----------------------------------------------------------------------


---------- Date: 2017-12-27 03:38:33 ~ IP : 121.227.120.145 ----------
REQUEST URI : /index.php?route=product/product/review&product_id=96
VQMod::_getMods - NO XML FILES READABLE IN XML FOLDER
----------------------------------------------------------------------


---------- Date: 2017-12-27 03:38:36 ~ IP : 121.227.120.145 ----------
REQUEST URI : /index.php?route=checkout/cart/add
VQMod::_getMods - NO XML FILES READABLE IN XML FOLDER
----------------------------------------------------------------------


---------- Date: 2017-12-27 03:38:42 ~ IP : 121.227.120.145 ----------
REQUEST URI : /index.php?route=checkout/cart/add
VQMod::_getMods - NO XML FILES READABLE IN XML FOLDER
----------------------------------------------------------------------


---------- Date: 2017-12-27 03:38:43 ~ IP : 121.227.120.145 ----------
REQUEST URI : /index.php?route=common/cart/info
VQMod::_getMods - NO XML FILES READABLE IN XML FOLDER
----------------------------------------------------------------------


---------- Date: 2017-12-27 03:38:47 ~ IP : 121.227.120.145 ----------
REQUEST URI : /index.php?route=checkout/cart
VQMod::_getMods - NO XML FILES READABLE IN XML FOLDER
----------------------------------------------------------------------


---------- Date: 2017-12-27 03:38:48 ~ IP : 121.227.120.145 ----------
REQUEST URI : /index.php?route=total/shipping/country&country_id=14
VQMod::_getMods - NO XML FILES READABLE IN XML FOLDER
----------------------------------------------------------------------


---------- Date: 2017-12-27 03:38:56 ~ IP : 121.227.120.145 ----------
REQUEST URI : /index.php?route=checkout/cart/edit
VQMod::_getMods - NO XML FILES READABLE IN XML FOLDER
----------------------------------------------------------------------


---------- Date: 2017-12-27 03:38:57 ~ IP : 121.227.120.145 ----------
REQUEST URI : /index.php?route=checkout/cart
VQMod::_getMods - NO XML FILES READABLE IN XML FOLDER
----------------------------------------------------------------------


---------- Date: 2017-12-27 03:38:59 ~ IP : 121.227.120.145 ----------
REQUEST URI : /index.php?route=total/shipping/country&country_id=14
VQMod::_getMods - NO XML FILES READABLE IN XML FOLDER
----------------------------------------------------------------------


---------- Date: 2017-12-27 03:39:40 ~ IP : 121.227.120.145 ----------
REQUEST URI : /index.php?route=checkout/checkout
VQMod::_getMods - NO XML FILES READABLE IN XML FOLDER
----------------------------------------------------------------------


---------- Date: 2017-12-27 03:39:41 ~ IP : 121.227.120.145 ----------
REQUEST URI : /index.php?route=checkout/login
VQMod::_getMods - NO XML FILES READABLE IN XML FOLDER
----------------------------------------------------------------------


---------- Date: 2017-12-27 03:39:51 ~ IP : 121.227.120.145 ----------
REQUEST URI : /index.php?route=checkout/guest
VQMod::_getMods - NO XML FILES READABLE IN XML FOLDER
----------------------------------------------------------------------


---------- Date: 2017-12-27 03:39:53 ~ IP : 121.227.120.145 ----------
REQUEST URI : /index.php?route=checkout/checkout/country&country_id=14
VQMod::_getMods - NO XML FILES READABLE IN XML FOLDER
----------------------------------------------------------------------


---------- Date: 2017-12-27 03:39:53 ~ IP : 121.227.120.145 ----------
REQUEST URI : /index.php?route=checkout/checkout/customfield&customer_group_id=1
VQMod::_getMods - NO XML FILES READABLE IN XML FOLDER
----------------------------------------------------------------------


---------- Date: 2017-12-27 03:40:11 ~ IP : 121.227.120.145 ----------
REQUEST URI : /index.php?route=checkout/guest/save
VQMod::_getMods - NO XML FILES READABLE IN XML FOLDER
----------------------------------------------------------------------


---------- Date: 2017-12-27 03:41:46 ~ IP : 35.163.182.202 ----------
REQUEST URI : /
VQMod::_getMods - NO XML FILES READABLE IN XML FOLDER
----------------------------------------------------------------------


---------- Date: 2017-12-27 07:37:43 ~ IP : 194.28.172.81 ----------
REQUEST URI : /
VQMod::_getMods - NO XML FILES READABLE IN XML FOLDER
----------------------------------------------------------------------


---------- Date: 2017-12-27 09:57:23 ~ IP : 83.175.70.69 ----------
REQUEST URI : /
VQMod::_getMods - NO XML FILES READABLE IN XML FOLDER
----------------------------------------------------------------------


---------- Date: 2017-12-27 09:58:09 ~ IP : 83.175.70.69 ----------
REQUEST URI : /
VQMod::_getMods - NO XML FILES READABLE IN XML FOLDER
----------------------------------------------------------------------


---------- Date: 2017-12-27 09:58:14 ~ IP : 83.175.70.69 ----------
REQUEST URI : /
VQMod::_getMods - NO XML FILES READABLE IN XML FOLDER
----------------------------------------------------------------------


---------- Date: 2017-12-27 10:34:09 ~ IP : 83.175.70.69 ----------
REQUEST URI : /
VQMod::_getMods - NO XML FILES READABLE IN XML FOLDER
----------------------------------------------------------------------


---------- Date: 2017-12-27 10:34:42 ~ IP : 83.175.70.69 ----------
REQUEST URI : /index.php?route=information/information&information_id=4
VQMod::_getMods - NO XML FILES READABLE IN XML FOLDER
----------------------------------------------------------------------


---------- Date: 2017-12-27 10:34:48 ~ IP : 83.175.70.69 ----------
REQUEST URI : /
VQMod::_getMods - NO XML FILES READABLE IN XML FOLDER
----------------------------------------------------------------------


---------- Date: 2017-12-27 10:35:01 ~ IP : 83.175.70.69 ----------
REQUEST URI : /
VQMod::_getMods - NO XML FILES READABLE IN XML FOLDER
----------------------------------------------------------------------


---------- Date: 2017-12-27 10:35:05 ~ IP : 83.175.70.69 ----------
REQUEST URI : /index.php?route=product/category&path=95_66
VQMod::_getMods - NO XML FILES READABLE IN XML FOLDER
----------------------------------------------------------------------


---------- Date: 2017-12-27 10:35:13 ~ IP : 83.175.70.69 ----------
REQUEST URI : /index.php?route=product/category&path=95_97
VQMod::_getMods - NO XML FILES READABLE IN XML FOLDER
----------------------------------------------------------------------


---------- Date: 2017-12-27 10:35:18 ~ IP : 83.175.70.69 ----------
REQUEST URI : /index.php?route=product/category&path=95_98
VQMod::_getMods - NO XML FILES READABLE IN XML FOLDER
----------------------------------------------------------------------


---------- Date: 2017-12-27 10:35:23 ~ IP : 83.175.70.69 ----------
REQUEST URI : /index.php?route=common/home
VQMod::_getMods - NO XML FILES READABLE IN XML FOLDER
----------------------------------------------------------------------


---------- Date: 2017-12-27 10:35:25 ~ IP : 83.175.70.69 ----------
REQUEST URI : /index.php?route=product/category&path=104
VQMod::_getMods - NO XML FILES READABLE IN XML FOLDER
----------------------------------------------------------------------


---------- Date: 2017-12-27 10:35:32 ~ IP : 83.175.70.69 ----------
REQUEST URI : /index.php?route=product/category&path=109
VQMod::_getMods - NO XML FILES READABLE IN XML FOLDER
----------------------------------------------------------------------


---------- Date: 2017-12-27 10:35:37 ~ IP : 83.175.70.69 ----------
REQUEST URI : /index.php?route=product/category&path=69
VQMod::_getMods - NO XML FILES READABLE IN XML FOLDER
----------------------------------------------------------------------


---------- Date: 2017-12-27 10:35:41 ~ IP : 83.175.70.69 ----------
REQUEST URI : /index.php?route=common/home
VQMod::_getMods - NO XML FILES READABLE IN XML FOLDER
----------------------------------------------------------------------


---------- Date: 2017-12-27 10:41:02 ~ IP : 83.175.70.69 ----------
REQUEST URI : /index.php?route=product/category&path=69
VQMod::_getMods - NO XML FILES READABLE IN XML FOLDER
----------------------------------------------------------------------


---------- Date: 2017-12-27 10:42:16 ~ IP : 83.175.70.69 ----------
REQUEST URI : /index.php?route=product/category&path=69_73
VQMod::_getMods - NO XML FILES READABLE IN XML FOLDER
----------------------------------------------------------------------


---------- Date: 2017-12-27 10:42:17 ~ IP : 83.175.70.69 ----------
REQUEST URI : /index.php?route=product/category&path=69_120
VQMod::_getMods - NO XML FILES READABLE IN XML FOLDER
----------------------------------------------------------------------


---------- Date: 2017-12-27 10:42:30 ~ IP : 83.175.70.69 ----------
REQUEST URI : /index.php?route=common/home
VQMod::_getMods - NO XML FILES READABLE IN XML FOLDER
----------------------------------------------------------------------


---------- Date: 2017-12-27 10:45:39 ~ IP : 83.175.70.69 ----------
REQUEST URI : /index.php?route=product/category&path=104
VQMod::_getMods - NO XML FILES READABLE IN XML FOLDER
----------------------------------------------------------------------


---------- Date: 2017-12-27 10:45:48 ~ IP : 83.175.70.69 ----------
REQUEST URI : /index.php?route=product/category&path=104_107
VQMod::_getMods - NO XML FILES READABLE IN XML FOLDER
----------------------------------------------------------------------


---------- Date: 2017-12-27 10:45:55 ~ IP : 83.175.70.69 ----------
REQUEST URI : /index.php?route=common/home
VQMod::_getMods - NO XML FILES READABLE IN XML FOLDER
----------------------------------------------------------------------


---------- Date: 2017-12-27 10:45:58 ~ IP : 83.175.70.69 ----------
REQUEST URI : /index.php?route=information/contact
VQMod::_getMods - NO XML FILES READABLE IN XML FOLDER
----------------------------------------------------------------------


---------- Date: 2017-12-27 10:49:56 ~ IP : 83.175.70.69 ----------
REQUEST URI : /
VQMod::_getMods - NO XML FILES READABLE IN XML FOLDER
----------------------------------------------------------------------


---------- Date: 2017-12-27 10:58:58 ~ IP : 83.175.70.69 ----------
REQUEST URI : /
VQMod::_getMods - NO XML FILES READABLE IN XML FOLDER
----------------------------------------------------------------------


---------- Date: 2017-12-27 11:06:20 ~ IP : 83.175.70.69 ----------
REQUEST URI : /?route=information/contact
VQMod::_getMods - NO XML FILES READABLE IN XML FOLDER
----------------------------------------------------------------------


---------- Date: 2017-12-27 11:06:36 ~ IP : 83.175.70.69 ----------
REQUEST URI : /?route=common/home
VQMod::_getMods - NO XML FILES READABLE IN XML FOLDER
----------------------------------------------------------------------


---------- Date: 2017-12-27 11:07:46 ~ IP : 83.175.70.69 ----------
REQUEST URI : /index.php?route=information/information&information_id=4
VQMod::_getMods - NO XML FILES READABLE IN XML FOLDER
----------------------------------------------------------------------


---------- Date: 2017-12-27 11:07:58 ~ IP : 83.175.70.69 ----------
REQUEST URI : /?route=common/home
VQMod::_getMods - NO XML FILES READABLE IN XML FOLDER
----------------------------------------------------------------------


---------- Date: 2017-12-27 11:08:03 ~ IP : 83.175.70.69 ----------
REQUEST URI : /index.php?route=information/information&information_id=3
VQMod::_getMods - NO XML FILES READABLE IN XML FOLDER
----------------------------------------------------------------------


---------- Date: 2017-12-27 11:08:08 ~ IP : 83.175.70.69 ----------
REQUEST URI : /?route=common/home
VQMod::_getMods - NO XML FILES READABLE IN XML FOLDER
----------------------------------------------------------------------


---------- Date: 2017-12-27 11:08:13 ~ IP : 83.175.70.69 ----------
REQUEST URI : /index.php?route=information/information&information_id=7
VQMod::_getMods - NO XML FILES READABLE IN XML FOLDER
----------------------------------------------------------------------


---------- Date: 2017-12-27 11:08:16 ~ IP : 83.175.70.69 ----------
REQUEST URI : /?route=common/home
VQMod::_getMods - NO XML FILES READABLE IN XML FOLDER
----------------------------------------------------------------------


---------- Date: 2017-12-27 11:09:47 ~ IP : 83.175.70.69 ----------
REQUEST URI : /index.php?route=information/sitemap
VQMod::_getMods - NO XML FILES READABLE IN XML FOLDER
----------------------------------------------------------------------


---------- Date: 2017-12-27 11:09:52 ~ IP : 83.175.70.69 ----------
REQUEST URI : /?route=common/home
VQMod::_getMods - NO XML FILES READABLE IN XML FOLDER
----------------------------------------------------------------------


---------- Date: 2017-12-27 11:09:57 ~ IP : 83.175.70.69 ----------
REQUEST URI : /index.php?route=account/order
VQMod::_getMods - NO XML FILES READABLE IN XML FOLDER
----------------------------------------------------------------------


---------- Date: 2017-12-27 11:09:57 ~ IP : 83.175.70.69 ----------
REQUEST URI : /index.php?route=account/login
VQMod::_getMods - NO XML FILES READABLE IN XML FOLDER
----------------------------------------------------------------------


---------- Date: 2017-12-27 11:10:01 ~ IP : 83.175.70.69 ----------
REQUEST URI : /?route=common/home
VQMod::_getMods - NO XML FILES READABLE IN XML FOLDER
----------------------------------------------------------------------


---------- Date: 2017-12-27 11:10:09 ~ IP : 83.175.70.69 ----------
REQUEST URI : /index.php?route=account/newsletter
VQMod::_getMods - NO XML FILES READABLE IN XML FOLDER
----------------------------------------------------------------------


---------- Date: 2017-12-27 11:10:09 ~ IP : 83.175.70.69 ----------
REQUEST URI : /index.php?route=account/login
VQMod::_getMods - NO XML FILES READABLE IN XML FOLDER
----------------------------------------------------------------------


---------- Date: 2017-12-27 11:10:14 ~ IP : 83.175.70.69 ----------
REQUEST URI : /?route=common/home
VQMod::_getMods - NO XML FILES READABLE IN XML FOLDER
----------------------------------------------------------------------


---------- Date: 2017-12-27 11:10:49 ~ IP : 83.175.70.69 ----------
REQUEST URI : /index.php?route=account/newsletter
VQMod::_getMods - NO XML FILES READABLE IN XML FOLDER
----------------------------------------------------------------------


---------- Date: 2017-12-27 11:10:51 ~ IP : 83.175.70.69 ----------
REQUEST URI : /index.php?route=account/login
VQMod::_getMods - NO XML FILES READABLE IN XML FOLDER
----------------------------------------------------------------------


---------- Date: 2017-12-27 11:10:54 ~ IP : 83.175.70.69 ----------
REQUEST URI : /?route=common/home
VQMod::_getMods - NO XML FILES READABLE IN XML FOLDER
----------------------------------------------------------------------


---------- Date: 2017-12-27 11:11:56 ~ IP : 83.175.70.69 ----------
REQUEST URI : /index.php?route=information/contact
VQMod::_getMods - NO XML FILES READABLE IN XML FOLDER
----------------------------------------------------------------------


---------- Date: 2017-12-27 11:12:14 ~ IP : 83.175.70.69 ----------
REQUEST URI : /index.php?route=common/home
VQMod::_getMods - NO XML FILES READABLE IN XML FOLDER
----------------------------------------------------------------------


---------- Date: 2017-12-27 11:12:45 ~ IP : 83.175.70.69 ----------
REQUEST URI : /index.php?route=common/home
VQMod::_getMods - NO XML FILES READABLE IN XML FOLDER
----------------------------------------------------------------------


---------- Date: 2017-12-27 11:12:59 ~ IP : 83.175.70.69 ----------
REQUEST URI : /index.php?route=common/home
VQMod::_getMods - NO XML FILES READABLE IN XML FOLDER
----------------------------------------------------------------------


---------- Date: 2017-12-27 11:14:07 ~ IP : 83.175.70.69 ----------
REQUEST URI : /index.php?route=common/home
VQMod::_getMods - NO XML FILES READABLE IN XML FOLDER
----------------------------------------------------------------------


---------- Date: 2017-12-27 11:34:38 ~ IP : 83.175.70.69 ----------
REQUEST URI : /index.php?route=common/home
VQMod::_getMods - NO XML FILES READABLE IN XML FOLDER
----------------------------------------------------------------------


---------- Date: 2017-12-27 11:40:14 ~ IP : 83.175.70.69 ----------
REQUEST URI : /index.php?route=product/category&path=95_66
VQMod::_getMods - NO XML FILES READABLE IN XML FOLDER
----------------------------------------------------------------------


---------- Date: 2017-12-27 11:40:20 ~ IP : 83.175.70.69 ----------
REQUEST URI : /index.php?route=product/category&path=95_96
VQMod::_getMods - NO XML FILES READABLE IN XML FOLDER
----------------------------------------------------------------------


---------- Date: 2017-12-27 11:40:25 ~ IP : 83.175.70.69 ----------
REQUEST URI : /index.php?route=product/category&path=64
VQMod::_getMods - NO XML FILES READABLE IN XML FOLDER
----------------------------------------------------------------------


---------- Date: 2017-12-27 11:52:00 ~ IP : 36.149.69.122 ----------
REQUEST URI : /
VQMod::_getMods - NO XML FILES READABLE IN XML FOLDER
----------------------------------------------------------------------


---------- Date: 2017-12-27 11:54:11 ~ IP : 66.249.66.94 ----------
REQUEST URI : /index.php?route=product/product&product_id=75
VQMod::_getMods - NO XML FILES READABLE IN XML FOLDER
----------------------------------------------------------------------


---------- Date: 2017-12-27 11:54:19 ~ IP : 66.249.66.92 ----------
REQUEST URI : /index.php?route=product/product/review&product_id=75
VQMod::_getMods - NO XML FILES READABLE IN XML FOLDER
----------------------------------------------------------------------


---------- Date: 2017-12-27 13:06:25 ~ IP : 121.227.120.145 ----------
REQUEST URI : /
VQMod::_getMods - NO XML FILES READABLE IN XML FOLDER
----------------------------------------------------------------------


---------- Date: 2017-12-27 13:06:28 ~ IP : 121.227.120.145 ----------
REQUEST URI : /?route=information/contact
VQMod::_getMods - NO XML FILES READABLE IN XML FOLDER
----------------------------------------------------------------------


---------- Date: 2017-12-27 13:06:49 ~ IP : 121.227.120.145 ----------
REQUEST URI : /?route=information/contact
VQMod::_getMods - NO XML FILES READABLE IN XML FOLDER
----------------------------------------------------------------------


---------- Date: 2017-12-27 13:13:43 ~ IP : 121.227.120.145 ----------
REQUEST URI : /?route=common/home
VQMod::_getMods - NO XML FILES READABLE IN XML FOLDER
----------------------------------------------------------------------


---------- Date: 2017-12-27 13:13:51 ~ IP : 121.227.120.145 ----------
REQUEST URI : /index.php?route=common/home
VQMod::_getMods - NO XML FILES READABLE IN XML FOLDER
----------------------------------------------------------------------


---------- Date: 2017-12-27 13:13:52 ~ IP : 121.227.120.145 ----------
REQUEST URI : /index.php?route=product/category&path=104
VQMod::_getMods - NO XML FILES READABLE IN XML FOLDER
----------------------------------------------------------------------


---------- Date: 2017-12-27 13:13:55 ~ IP : 121.227.120.145 ----------
REQUEST URI : /index.php?route=common/home
VQMod::_getMods - NO XML FILES READABLE IN XML FOLDER
----------------------------------------------------------------------


---------- Date: 2017-12-27 13:51:58 ~ IP : 66.249.66.94 ----------
REQUEST URI : /index.php?route=product/category&path=69_71&sort=pd.name&order=DESC
VQMod::_getMods - NO XML FILES READABLE IN XML FOLDER
----------------------------------------------------------------------


---------- Date: 2017-12-27 14:09:59 ~ IP : 121.227.120.145 ----------
REQUEST URI : /index.php?route=information/information&information_id=7
VQMod::_getMods - NO XML FILES READABLE IN XML FOLDER
----------------------------------------------------------------------


---------- Date: 2017-12-27 14:10:11 ~ IP : 121.227.120.145 ----------
REQUEST URI : /index.php?route=information/information&information_id=4
VQMod::_getMods - NO XML FILES READABLE IN XML FOLDER
----------------------------------------------------------------------


---------- Date: 2017-12-27 14:10:23 ~ IP : 121.227.120.145 ----------
REQUEST URI : /index.php?route=account/account
VQMod::_getMods - NO XML FILES READABLE IN XML FOLDER
----------------------------------------------------------------------


---------- Date: 2017-12-27 14:10:24 ~ IP : 121.227.120.145 ----------
REQUEST URI : /index.php?route=account/login
VQMod::_getMods - NO XML FILES READABLE IN XML FOLDER
----------------------------------------------------------------------


---------- Date: 2017-12-27 14:10:30 ~ IP : 121.227.120.145 ----------
REQUEST URI : /index.php?route=information/information&information_id=4
VQMod::_getMods - NO XML FILES READABLE IN XML FOLDER
----------------------------------------------------------------------


---------- Date: 2017-12-27 14:10:37 ~ IP : 121.227.120.145 ----------
REQUEST URI : /index.php?route=common/home
VQMod::_getMods - NO XML FILES READABLE IN XML FOLDER
----------------------------------------------------------------------


---------- Date: 2017-12-27 16:00:32 ~ IP : 83.175.70.69 ----------
REQUEST URI : /?route=common/home
VQMod::_getMods - NO XML FILES READABLE IN XML FOLDER
----------------------------------------------------------------------


---------- Date: 2017-12-27 17:04:12 ~ IP : 66.249.66.94 ----------
REQUEST URI : /index.php?route=product/search&tag=Chloe
VQMod::_getMods - NO XML FILES READABLE IN XML FOLDER
----------------------------------------------------------------------


---------- Date: 2017-12-27 18:03:30 ~ IP : 112.169.246.50 ----------
REQUEST URI : /
VQMod::_getMods - NO XML FILES READABLE IN XML FOLDER
----------------------------------------------------------------------


---------- Date: 2017-12-27 18:23:04 ~ IP : 66.249.66.92 ----------
REQUEST URI : /index.php?route=product/category&path=64_95_97
VQMod::_getMods - NO XML FILES READABLE IN XML FOLDER
----------------------------------------------------------------------


---------- Date: 2017-12-27 19:07:22 ~ IP : 54.183.130.127 ----------
REQUEST URI : /
VQMod::_getMods - NO XML FILES READABLE IN XML FOLDER
----------------------------------------------------------------------


---------- Date: 2017-12-27 21:00:45 ~ IP : 77.180.59.177 ----------
REQUEST URI : /
VQMod::_getMods - NO XML FILES READABLE IN XML FOLDER
----------------------------------------------------------------------


---------- Date: 2017-12-27 21:01:56 ~ IP : 77.180.59.177 ----------
REQUEST URI : /
VQMod::_getMods - NO XML FILES READABLE IN XML FOLDER
----------------------------------------------------------------------


---------- Date: 2017-12-27 21:06:46 ~ IP : 77.180.59.177 ----------
REQUEST URI : /
VQMod::_getMods - NO XML FILES READABLE IN XML FOLDER
----------------------------------------------------------------------


---------- Date: 2017-12-27 21:08:28 ~ IP : 77.180.59.177 ----------
REQUEST URI : /
VQMod::_getMods - NO XML FILES READABLE IN XML FOLDER
----------------------------------------------------------------------


---------- Date: 2017-12-27 21:08:45 ~ IP : 77.180.59.177 ----------
REQUEST URI : /index.php?route=common/language/language
VQMod::_getMods - NO XML FILES READABLE IN XML FOLDER
----------------------------------------------------------------------


---------- Date: 2017-12-27 21:08:45 ~ IP : 77.180.59.177 ----------
REQUEST URI : /index.php?route=common/home
VQMod::_getMods - NO XML FILES READABLE IN XML FOLDER
----------------------------------------------------------------------


---------- Date: 2017-12-27 21:09:51 ~ IP : 66.249.81.111 ----------
REQUEST URI : /
VQMod::_getMods - NO XML FILES READABLE IN XML FOLDER
----------------------------------------------------------------------


---------- Date: 2017-12-27 21:10:35 ~ IP : 77.180.59.177 ----------
REQUEST URI : /index.php?route=common/home
VQMod::_getMods - NO XML FILES READABLE IN XML FOLDER
----------------------------------------------------------------------


---------- Date: 2017-12-27 21:13:29 ~ IP : 77.180.59.177 ----------
REQUEST URI : /index.php?route=common/home
VQMod::_getMods - NO XML FILES READABLE IN XML FOLDER
----------------------------------------------------------------------


---------- Date: 2017-12-27 21:13:52 ~ IP : 77.180.59.177 ----------
REQUEST URI : /index.php?route=common/language/language
VQMod::_getMods - NO XML FILES READABLE IN XML FOLDER
----------------------------------------------------------------------


---------- Date: 2017-12-27 21:13:53 ~ IP : 77.180.59.177 ----------
REQUEST URI : /index.php?route=common/home
VQMod::_getMods - NO XML FILES READABLE IN XML FOLDER
----------------------------------------------------------------------


---------- Date: 2017-12-27 21:14:12 ~ IP : 77.180.59.177 ----------
REQUEST URI : /index.php?route=product/category&path=95_66
VQMod::_getMods - NO XML FILES READABLE IN XML FOLDER
----------------------------------------------------------------------


---------- Date: 2017-12-27 21:14:14 ~ IP : 77.180.59.177 ----------
REQUEST URI : /index.php?route=product/product&path=95_66&product_id=73
VQMod::_getMods - NO XML FILES READABLE IN XML FOLDER
----------------------------------------------------------------------


---------- Date: 2017-12-27 21:14:14 ~ IP : 77.180.59.177 ----------
REQUEST URI : /index.php?route=product/product/review&product_id=73
VQMod::_getMods - NO XML FILES READABLE IN XML FOLDER
----------------------------------------------------------------------


---------- Date: 2017-12-27 21:16:21 ~ IP : 77.180.59.177 ----------
REQUEST URI : /index.php?route=common/home
VQMod::_getMods - NO XML FILES READABLE IN XML FOLDER
----------------------------------------------------------------------


---------- Date: 2017-12-27 21:17:06 ~ IP : 77.180.59.177 ----------
REQUEST URI : /index.php?route=common/language/language
VQMod::_getMods - NO XML FILES READABLE IN XML FOLDER
----------------------------------------------------------------------


---------- Date: 2017-12-27 21:17:07 ~ IP : 77.180.59.177 ----------
REQUEST URI : /index.php?route=common/home
VQMod::_getMods - NO XML FILES READABLE IN XML FOLDER
----------------------------------------------------------------------


---------- Date: 2017-12-27 21:17:09 ~ IP : 77.180.59.177 ----------
REQUEST URI : /index.php?route=common/language/language
VQMod::_getMods - NO XML FILES READABLE IN XML FOLDER
----------------------------------------------------------------------


---------- Date: 2017-12-27 21:17:09 ~ IP : 77.180.59.177 ----------
REQUEST URI : /index.php?route=common/home
VQMod::_getMods - NO XML FILES READABLE IN XML FOLDER
----------------------------------------------------------------------


---------- Date: 2017-12-27 21:17:31 ~ IP : 77.180.59.177 ----------
REQUEST URI : /index.php?route=product/category&path=95_96
VQMod::_getMods - NO XML FILES READABLE IN XML FOLDER
----------------------------------------------------------------------


---------- Date: 2017-12-27 21:17:33 ~ IP : 77.180.59.177 ----------
REQUEST URI : /index.php?route=product/product&path=95_96&product_id=90
VQMod::_getMods - NO XML FILES READABLE IN XML FOLDER
----------------------------------------------------------------------


---------- Date: 2017-12-27 21:17:34 ~ IP : 77.180.59.177 ----------
REQUEST URI : /index.php?route=product/product/review&product_id=90
VQMod::_getMods - NO XML FILES READABLE IN XML FOLDER
----------------------------------------------------------------------


---------- Date: 2017-12-27 21:33:33 ~ IP : 77.180.59.177 ----------
REQUEST URI : /index.php?route=product/product&path=95_96&product_id=90
VQMod::_getMods - NO XML FILES READABLE IN XML FOLDER
----------------------------------------------------------------------


---------- Date: 2017-12-27 21:33:34 ~ IP : 77.180.59.177 ----------
REQUEST URI : /index.php?route=product/product/review&product_id=90
VQMod::_getMods - NO XML FILES READABLE IN XML FOLDER
----------------------------------------------------------------------


---------- Date: 2017-12-27 21:34:52 ~ IP : 77.180.59.177 ----------
REQUEST URI : /index.php?route=product/product&path=95_96&product_id=90
VQMod::_getMods - NO XML FILES READABLE IN XML FOLDER
----------------------------------------------------------------------


---------- Date: 2017-12-27 21:34:53 ~ IP : 77.180.59.177 ----------
REQUEST URI : /index.php?route=product/product/review&product_id=90
VQMod::_getMods - NO XML FILES READABLE IN XML FOLDER
----------------------------------------------------------------------


---------- Date: 2017-12-27 21:35:07 ~ IP : 77.180.59.177 ----------
REQUEST URI : /index.php?route=product/product&path=95_96&product_id=90
VQMod::_getMods - NO XML FILES READABLE IN XML FOLDER
----------------------------------------------------------------------


---------- Date: 2017-12-27 21:35:08 ~ IP : 77.180.59.177 ----------
REQUEST URI : /index.php?route=product/product/review&product_id=90
VQMod::_getMods - NO XML FILES READABLE IN XML FOLDER
----------------------------------------------------------------------


---------- Date: 2017-12-27 21:42:35 ~ IP : 77.180.59.177 ----------
REQUEST URI : /index.php?route=product/product&path=95_96&product_id=90
VQMod::_getMods - NO XML FILES READABLE IN XML FOLDER
----------------------------------------------------------------------


---------- Date: 2017-12-27 21:42:36 ~ IP : 77.180.59.177 ----------
REQUEST URI : /index.php?route=product/product/review&product_id=90
VQMod::_getMods - NO XML FILES READABLE IN XML FOLDER
----------------------------------------------------------------------


---------- Date: 2017-12-27 21:43:51 ~ IP : 77.180.59.177 ----------
REQUEST URI : /index.php?route=information/information&information_id=7
VQMod::_getMods - NO XML FILES READABLE IN XML FOLDER
----------------------------------------------------------------------


---------- Date: 2017-12-27 21:44:43 ~ IP : 77.180.59.177 ----------
REQUEST URI : /index.php?route=product/category&path=64
VQMod::_getMods - NO XML FILES READABLE IN XML FOLDER
----------------------------------------------------------------------


---------- Date: 2017-12-27 21:45:15 ~ IP : 77.180.59.177 ----------
REQUEST URI : /index.php?route=product/category&path=64
VQMod::_getMods - NO XML FILES READABLE IN XML FOLDER
----------------------------------------------------------------------


---------- Date: 2017-12-27 21:45:24 ~ IP : 77.180.59.177 ----------
REQUEST URI : /index.php?route=product/category&path=64_100
VQMod::_getMods - NO XML FILES READABLE IN XML FOLDER
----------------------------------------------------------------------


---------- Date: 2017-12-27 21:45:28 ~ IP : 77.180.59.177 ----------
REQUEST URI : /index.php?route=product/category&path=64_100
VQMod::_getMods - NO XML FILES READABLE IN XML FOLDER
----------------------------------------------------------------------


---------- Date: 2017-12-27 21:45:34 ~ IP : 77.180.59.177 ----------
REQUEST URI : /index.php?route=product/category&path=64_95
VQMod::_getMods - NO XML FILES READABLE IN XML FOLDER
----------------------------------------------------------------------


---------- Date: 2017-12-27 21:45:38 ~ IP : 77.180.59.177 ----------
REQUEST URI : /index.php?route=product/category&path=64_95_96
VQMod::_getMods - NO XML FILES READABLE IN XML FOLDER
----------------------------------------------------------------------


---------- Date: 2017-12-27 21:45:40 ~ IP : 77.180.59.177 ----------
REQUEST URI : /index.php?route=product/product&path=64_95_96&product_id=90
VQMod::_getMods - NO XML FILES READABLE IN XML FOLDER
----------------------------------------------------------------------


---------- Date: 2017-12-27 21:45:40 ~ IP : 77.180.59.177 ----------
REQUEST URI : /index.php?route=product/product/review&product_id=90
VQMod::_getMods - NO XML FILES READABLE IN XML FOLDER
----------------------------------------------------------------------


---------- Date: 2017-12-27 21:47:06 ~ IP : 77.180.59.177 ----------
REQUEST URI : /index.php?route=product/product&path=64_95_96&product_id=90
VQMod::_getMods - NO XML FILES READABLE IN XML FOLDER
----------------------------------------------------------------------


---------- Date: 2017-12-27 21:47:07 ~ IP : 77.180.59.177 ----------
REQUEST URI : /index.php?route=product/product/review&product_id=90
VQMod::_getMods - NO XML FILES READABLE IN XML FOLDER
----------------------------------------------------------------------


---------- Date: 2017-12-27 21:50:46 ~ IP : 77.180.59.177 ----------
REQUEST URI : /index.php?route=product/product&path=64_95_96&product_id=90
VQMod::_getMods - NO XML FILES READABLE IN XML FOLDER
----------------------------------------------------------------------


---------- Date: 2017-12-27 21:50:47 ~ IP : 77.180.59.177 ----------
REQUEST URI : /index.php?route=product/product/review&product_id=90
VQMod::_getMods - NO XML FILES READABLE IN XML FOLDER
----------------------------------------------------------------------


---------- Date: 2017-12-27 21:51:17 ~ IP : 77.180.59.177 ----------
REQUEST URI : /index.php?route=product/product&path=64_95_96&product_id=90
VQMod::_getMods - NO XML FILES READABLE IN XML FOLDER
----------------------------------------------------------------------


---------- Date: 2017-12-27 21:51:18 ~ IP : 77.180.59.177 ----------
REQUEST URI : /index.php?route=product/product/review&product_id=90
VQMod::_getMods - NO XML FILES READABLE IN XML FOLDER
----------------------------------------------------------------------


---------- Date: 2017-12-27 21:55:08 ~ IP : 77.180.59.177 ----------
REQUEST URI : /index.php?route=product/product&path=64_95_96&product_id=90
VQMod::_getMods - NO XML FILES READABLE IN XML FOLDER
----------------------------------------------------------------------


---------- Date: 2017-12-27 21:55:09 ~ IP : 77.180.59.177 ----------
REQUEST URI : /index.php?route=product/product/review&product_id=90
VQMod::_getMods - NO XML FILES READABLE IN XML FOLDER
----------------------------------------------------------------------


---------- Date: 2017-12-27 21:55:46 ~ IP : 77.180.59.177 ----------
REQUEST URI : /index.php?route=product/product&path=64_95_96&product_id=90
VQMod::_getMods - NO XML FILES READABLE IN XML FOLDER
----------------------------------------------------------------------


---------- Date: 2017-12-27 21:55:46 ~ IP : 77.180.59.177 ----------
REQUEST URI : /index.php?route=product/product/review&product_id=90
VQMod::_getMods - NO XML FILES READABLE IN XML FOLDER
----------------------------------------------------------------------


---------- Date: 2017-12-27 22:03:06 ~ IP : 77.180.59.177 ----------
REQUEST URI : /index.php?route=module/pavmegamenu/renderwidget
VQMod::_getMods - NO XML FILES READABLE IN XML FOLDER
----------------------------------------------------------------------


---------- Date: 2017-12-27 22:03:06 ~ IP : 77.180.59.177 ----------
REQUEST URI : /index.php?route=module/pavmegamenu/renderwidget
VQMod::_getMods - NO XML FILES READABLE IN XML FOLDER
----------------------------------------------------------------------


---------- Date: 2017-12-27 22:03:06 ~ IP : 77.180.59.177 ----------
REQUEST URI : /index.php?route=module/pavmegamenu/renderwidget
VQMod::_getMods - NO XML FILES READABLE IN XML FOLDER
----------------------------------------------------------------------


---------- Date: 2017-12-27 22:03:06 ~ IP : 77.180.59.177 ----------
REQUEST URI : /index.php?route=module/pavmegamenu/renderwidget
VQMod::_getMods - NO XML FILES READABLE IN XML FOLDER
----------------------------------------------------------------------


---------- Date: 2017-12-27 22:03:06 ~ IP : 77.180.59.177 ----------
REQUEST URI : /index.php?route=module/pavmegamenu/renderwidget
VQMod::_getMods - NO XML FILES READABLE IN XML FOLDER
----------------------------------------------------------------------


---------- Date: 2017-12-27 22:03:06 ~ IP : 77.180.59.177 ----------
REQUEST URI : /index.php?route=module/pavmegamenu/renderwidget
VQMod::_getMods - NO XML FILES READABLE IN XML FOLDER
----------------------------------------------------------------------


---------- Date: 2017-12-27 22:03:07 ~ IP : 77.180.59.177 ----------
REQUEST URI : /index.php?route=module/pavmegamenu/renderwidget
VQMod::_getMods - NO XML FILES READABLE IN XML FOLDER
----------------------------------------------------------------------


---------- Date: 2017-12-27 22:03:07 ~ IP : 77.180.59.177 ----------
REQUEST URI : /index.php?route=module/pavmegamenu/renderwidget
VQMod::_getMods - NO XML FILES READABLE IN XML FOLDER
----------------------------------------------------------------------


---------- Date: 2017-12-27 22:03:07 ~ IP : 77.180.59.177 ----------
REQUEST URI : /index.php?route=module/pavmegamenu/renderwidget
VQMod::_getMods - NO XML FILES READABLE IN XML FOLDER
----------------------------------------------------------------------


---------- Date: 2017-12-27 22:11:22 ~ IP : 77.180.59.177 ----------
REQUEST URI : /index.php?route=module/pavmegamenu/renderwidget
VQMod::_getMods - NO XML FILES READABLE IN XML FOLDER
----------------------------------------------------------------------


---------- Date: 2017-12-27 22:11:22 ~ IP : 77.180.59.177 ----------
REQUEST URI : /index.php?route=module/pavmegamenu/renderwidget
VQMod::_getMods - NO XML FILES READABLE IN XML FOLDER
----------------------------------------------------------------------


---------- Date: 2017-12-27 22:11:22 ~ IP : 77.180.59.177 ----------
REQUEST URI : /index.php?route=module/pavmegamenu/renderwidget
VQMod::_getMods - NO XML FILES READABLE IN XML FOLDER
----------------------------------------------------------------------


---------- Date: 2017-12-27 22:11:22 ~ IP : 77.180.59.177 ----------
REQUEST URI : /index.php?route=module/pavmegamenu/renderwidget
VQMod::_getMods - NO XML FILES READABLE IN XML FOLDER
----------------------------------------------------------------------


---------- Date: 2017-12-27 22:11:22 ~ IP : 77.180.59.177 ----------
REQUEST URI : /index.php?route=module/pavmegamenu/renderwidget
VQMod::_getMods - NO XML FILES READABLE IN XML FOLDER
----------------------------------------------------------------------


---------- Date: 2017-12-27 22:11:22 ~ IP : 77.180.59.177 ----------
REQUEST URI : /index.php?route=module/pavmegamenu/renderwidget
VQMod::_getMods - NO XML FILES READABLE IN XML FOLDER
----------------------------------------------------------------------


---------- Date: 2017-12-27 22:11:22 ~ IP : 77.180.59.177 ----------
REQUEST URI : /index.php?route=module/pavmegamenu/renderwidget
VQMod::_getMods - NO XML FILES READABLE IN XML FOLDER
----------------------------------------------------------------------


---------- Date: 2017-12-27 22:11:22 ~ IP : 77.180.59.177 ----------
REQUEST URI : /index.php?route=module/pavmegamenu/renderwidget
VQMod::_getMods - NO XML FILES READABLE IN XML FOLDER
----------------------------------------------------------------------


---------- Date: 2017-12-27 22:11:22 ~ IP : 77.180.59.177 ----------
REQUEST URI : /index.php?route=module/pavmegamenu/renderwidget
VQMod::_getMods - NO XML FILES READABLE IN XML FOLDER
----------------------------------------------------------------------


---------- Date: 2017-12-27 22:11:25 ~ IP : 77.180.59.177 ----------
REQUEST URI : /index.php?route=product/product&path=64_95_96&product_id=90
VQMod::_getMods - NO XML FILES READABLE IN XML FOLDER
----------------------------------------------------------------------


---------- Date: 2017-12-27 22:11:25 ~ IP : 77.180.59.177 ----------
REQUEST URI : /index.php?route=product/product/review&product_id=90
VQMod::_getMods - NO XML FILES READABLE IN XML FOLDER
----------------------------------------------------------------------


---------- Date: 2017-12-27 22:12:30 ~ IP : 77.180.59.177 ----------
REQUEST URI : /index.php?route=information/information&information_id=7
VQMod::_getMods - NO XML FILES READABLE IN XML FOLDER
----------------------------------------------------------------------


---------- Date: 2017-12-27 22:16:41 ~ IP : 77.180.59.177 ----------
REQUEST URI : /index.php?route=information/information&information_id=7
VQMod::_getMods - NO XML FILES READABLE IN XML FOLDER
----------------------------------------------------------------------


---------- Date: 2017-12-27 22:17:57 ~ IP : 77.180.59.177 ----------
REQUEST URI : /index.php?route=information/information&information_id=7
VQMod::_getMods - NO XML FILES READABLE IN XML FOLDER
----------------------------------------------------------------------


---------- Date: 2017-12-27 22:18:57 ~ IP : 77.180.59.177 ----------
REQUEST URI : /index.php?route=information/information&information_id=7
VQMod::_getMods - NO XML FILES READABLE IN XML FOLDER
----------------------------------------------------------------------


---------- Date: 2017-12-27 22:20:47 ~ IP : 77.180.59.177 ----------
REQUEST URI : /index.php?route=information/information&information_id=7
VQMod::_getMods - NO XML FILES READABLE IN XML FOLDER
----------------------------------------------------------------------


---------- Date: 2017-12-27 22:20:54 ~ IP : 77.180.59.177 ----------
REQUEST URI : /index.php?route=information/information&information_id=3
VQMod::_getMods - NO XML FILES READABLE IN XML FOLDER
----------------------------------------------------------------------


---------- Date: 2017-12-27 22:21:43 ~ IP : 77.180.59.177 ----------
REQUEST URI : /index.php?route=information/information&information_id=7
VQMod::_getMods - NO XML FILES READABLE IN XML FOLDER
----------------------------------------------------------------------


---------- Date: 2017-12-27 22:21:45 ~ IP : 77.180.59.177 ----------
REQUEST URI : /index.php?route=information/information&information_id=3
VQMod::_getMods - NO XML FILES READABLE IN XML FOLDER
----------------------------------------------------------------------


---------- Date: 2017-12-27 22:25:16 ~ IP : 77.180.59.177 ----------
REQUEST URI : /index.php?route=information/information&information_id=3
VQMod::_getMods - NO XML FILES READABLE IN XML FOLDER
----------------------------------------------------------------------


---------- Date: 2017-12-27 22:25:54 ~ IP : 77.180.59.177 ----------
REQUEST URI : /index.php?route=information/information&information_id=3
VQMod::_getMods - NO XML FILES READABLE IN XML FOLDER
----------------------------------------------------------------------


---------- Date: 2017-12-27 22:27:31 ~ IP : 77.180.59.177 ----------
REQUEST URI : /index.php?route=information/information&information_id=3
VQMod::_getMods - NO XML FILES READABLE IN XML FOLDER
----------------------------------------------------------------------


---------- Date: 2017-12-27 22:27:53 ~ IP : 77.180.59.177 ----------
REQUEST URI : /index.php?route=information/information&information_id=4
VQMod::_getMods - NO XML FILES READABLE IN XML FOLDER
----------------------------------------------------------------------


---------- Date: 2017-12-27 22:29:49 ~ IP : 77.180.59.177 ----------
REQUEST URI : /index.php?route=information/information&information_id=4
VQMod::_getMods - NO XML FILES READABLE IN XML FOLDER
----------------------------------------------------------------------


---------- Date: 2017-12-27 22:30:31 ~ IP : 77.180.59.177 ----------
REQUEST URI : /index.php?route=information/information&information_id=4
VQMod::_getMods - NO XML FILES READABLE IN XML FOLDER
----------------------------------------------------------------------


---------- Date: 2017-12-27 22:30:46 ~ IP : 77.180.59.177 ----------
REQUEST URI : /index.php?route=information/information&information_id=4
VQMod::_getMods - NO XML FILES READABLE IN XML FOLDER
----------------------------------------------------------------------


---------- Date: 2017-12-27 22:32:20 ~ IP : 77.180.59.177 ----------
REQUEST URI : /index.php?route=common/home
VQMod::_getMods - NO XML FILES READABLE IN XML FOLDER
----------------------------------------------------------------------


---------- Date: 2017-12-27 22:34:14 ~ IP : 77.180.59.177 ----------
REQUEST URI : /index.php?route=common/home
VQMod::_getMods - NO XML FILES READABLE IN XML FOLDER
----------------------------------------------------------------------


---------- Date: 2017-12-27 22:34:22 ~ IP : 77.180.59.177 ----------
REQUEST URI : /index.php?route=common/home
VQMod::_getMods - NO XML FILES READABLE IN XML FOLDER
----------------------------------------------------------------------


---------- Date: 2017-12-27 22:34:30 ~ IP : 77.180.59.177 ----------
REQUEST URI : /index.php?route=common/home
VQMod::_getMods - NO XML FILES READABLE IN XML FOLDER
----------------------------------------------------------------------


---------- Date: 2017-12-27 22:39:15 ~ IP : 77.180.59.177 ----------
REQUEST URI : /index.php?route=common/home
VQMod::_getMods - NO XML FILES READABLE IN XML FOLDER
----------------------------------------------------------------------


---------- Date: 2017-12-27 22:39:20 ~ IP : 77.180.59.177 ----------
REQUEST URI : /index.php?route=common/home
VQMod::_getMods - NO XML FILES READABLE IN XML FOLDER
----------------------------------------------------------------------


---------- Date: 2017-12-27 22:39:27 ~ IP : 77.180.59.177 ----------
REQUEST URI : /index.php?route=common/home
VQMod::_getMods - NO XML FILES READABLE IN XML FOLDER
----------------------------------------------------------------------


---------- Date: 2017-12-27 22:44:32 ~ IP : 77.180.59.177 ----------
REQUEST URI : /index.php?route=common/home
VQMod::_getMods - NO XML FILES READABLE IN XML FOLDER
----------------------------------------------------------------------


---------- Date: 2017-12-27 22:50:56 ~ IP : 77.180.59.177 ----------
REQUEST URI : /index.php?route=common/home
VQMod::_getMods - NO XML FILES READABLE IN XML FOLDER
----------------------------------------------------------------------


---------- Date: 2017-12-27 22:51:31 ~ IP : 77.180.59.177 ----------
REQUEST URI : /index.php?route=common/home
VQMod::_getMods - NO XML FILES READABLE IN XML FOLDER
----------------------------------------------------------------------


---------- Date: 2017-12-27 22:51:38 ~ IP : 77.180.59.177 ----------
REQUEST URI : /index.php?route=common/home
VQMod::_getMods - NO XML FILES READABLE IN XML FOLDER
----------------------------------------------------------------------


---------- Date: 2017-12-27 22:53:18 ~ IP : 77.180.59.177 ----------
REQUEST URI : /index.php?route=product/product&path=64&product_id=52
VQMod::_getMods - NO XML FILES READABLE IN XML FOLDER
----------------------------------------------------------------------


---------- Date: 2017-12-27 22:53:21 ~ IP : 77.180.59.177 ----------
REQUEST URI : /index.php?route=common/home
VQMod::_getMods - NO XML FILES READABLE IN XML FOLDER
----------------------------------------------------------------------


---------- Date: 2017-12-27 23:02:30 ~ IP : 77.180.59.177 ----------
REQUEST URI : /index.php?route=information/information&information_id=4
VQMod::_getMods - NO XML FILES READABLE IN XML FOLDER
----------------------------------------------------------------------


---------- Date: 2017-12-27 23:04:34 ~ IP : 77.180.59.177 ----------
REQUEST URI : /index.php?route=information/information&information_id=4
VQMod::_getMods - NO XML FILES READABLE IN XML FOLDER
----------------------------------------------------------------------


---------- Date: 2017-12-27 23:05:03 ~ IP : 77.180.59.177 ----------
REQUEST URI : /index.php?route=information/information&information_id=3
VQMod::_getMods - NO XML FILES READABLE IN XML FOLDER
----------------------------------------------------------------------


---------- Date: 2017-12-27 23:05:20 ~ IP : 77.180.59.177 ----------
REQUEST URI : /index.php?route=information/information&information_id=7
VQMod::_getMods - NO XML FILES READABLE IN XML FOLDER
----------------------------------------------------------------------


---------- Date: 2017-12-27 23:05:32 ~ IP : 77.180.59.177 ----------
REQUEST URI : /index.php?route=information/contact
VQMod::_getMods - NO XML FILES READABLE IN XML FOLDER
----------------------------------------------------------------------


---------- Date: 2017-12-27 23:05:46 ~ IP : 77.180.59.177 ----------
REQUEST URI : /index.php?route=product/category&path=95_66
VQMod::_getMods - NO XML FILES READABLE IN XML FOLDER
----------------------------------------------------------------------


---------- Date: 2017-12-27 23:05:48 ~ IP : 77.180.59.177 ----------
REQUEST URI : /index.php?route=product/product&path=95_66&product_id=73
VQMod::_getMods - NO XML FILES READABLE IN XML FOLDER
----------------------------------------------------------------------


---------- Date: 2017-12-27 23:05:48 ~ IP : 77.180.59.177 ----------
REQUEST URI : /index.php?route=product/product/review&product_id=73
VQMod::_getMods - NO XML FILES READABLE IN XML FOLDER
----------------------------------------------------------------------


---------- Date: 2017-12-27 23:05:53 ~ IP : 77.180.59.177 ----------
REQUEST URI : /index.php?route=common/home
VQMod::_getMods - NO XML FILES READABLE IN XML FOLDER
----------------------------------------------------------------------


---------- Date: 2017-12-27 23:07:04 ~ IP : 77.180.59.177 ----------
REQUEST URI : /
VQMod::_getMods - NO XML FILES READABLE IN XML FOLDER
----------------------------------------------------------------------


---------- Date: 2017-12-27 23:08:25 ~ IP : 121.227.120.145 ----------
REQUEST URI : /
VQMod::_getMods - NO XML FILES READABLE IN XML FOLDER
----------------------------------------------------------------------


---------- Date: 2017-12-27 23:08:36 ~ IP : 121.227.120.145 ----------
REQUEST URI : /index.php?route=product/category&path=69
VQMod::_getMods - NO XML FILES READABLE IN XML FOLDER
----------------------------------------------------------------------


---------- Date: 2017-12-27 23:12:41 ~ IP : 77.180.59.177 ----------
REQUEST URI : /index.php?route=product/category&path=69
VQMod::_getMods - NO XML FILES READABLE IN XML FOLDER
----------------------------------------------------------------------


---------- Date: 2017-12-27 23:14:53 ~ IP : 77.180.59.177 ----------
REQUEST URI : /index.php?route=common/language/language
VQMod::_getMods - NO XML FILES READABLE IN XML FOLDER
----------------------------------------------------------------------


---------- Date: 2017-12-27 23:14:53 ~ IP : 77.180.59.177 ----------
REQUEST URI : /index.php?route=product/category&path=69
VQMod::_getMods - NO XML FILES READABLE IN XML FOLDER
----------------------------------------------------------------------


---------- Date: 2017-12-27 23:14:55 ~ IP : 77.180.59.177 ----------
REQUEST URI : /index.php?route=product/category&path=69
VQMod::_getMods - NO XML FILES READABLE IN XML FOLDER
----------------------------------------------------------------------


---------- Date: 2017-12-27 23:15:54 ~ IP : 77.180.59.177 ----------
REQUEST URI : /index.php?route=common/home
VQMod::_getMods - NO XML FILES READABLE IN XML FOLDER
----------------------------------------------------------------------


---------- Date: 2017-12-27 23:21:49 ~ IP : 77.180.59.177 ----------
REQUEST URI : /index.php?route=product/category&path=104
VQMod::_getMods - NO XML FILES READABLE IN XML FOLDER
----------------------------------------------------------------------


---------- Date: 2017-12-27 23:22:08 ~ IP : 77.180.59.177 ----------
REQUEST URI : /index.php?route=common/home
VQMod::_getMods - NO XML FILES READABLE IN XML FOLDER
----------------------------------------------------------------------


---------- Date: 2017-12-27 23:23:02 ~ IP : 77.180.59.177 ----------
REQUEST URI : /index.php?route=product/category&path=64
VQMod::_getMods - NO XML FILES READABLE IN XML FOLDER
----------------------------------------------------------------------


---------- Date: 2017-12-27 23:23:04 ~ IP : 77.180.59.177 ----------
REQUEST URI : /index.php?route=common/home
VQMod::_getMods - NO XML FILES READABLE IN XML FOLDER
----------------------------------------------------------------------


---------- Date: 2017-12-27 23:23:35 ~ IP : 77.180.59.177 ----------
REQUEST URI : /index.php?route=product/category&path=64
VQMod::_getMods - NO XML FILES READABLE IN XML FOLDER
----------------------------------------------------------------------


---------- Date: 2017-12-27 23:23:39 ~ IP : 77.180.59.177 ----------
REQUEST URI : /index.php?route=product/category&path=64_95
VQMod::_getMods - NO XML FILES READABLE IN XML FOLDER
----------------------------------------------------------------------


---------- Date: 2017-12-27 23:23:55 ~ IP : 77.180.59.177 ----------
REQUEST URI : /index.php?route=common/home
VQMod::_getMods - NO XML FILES READABLE IN XML FOLDER
----------------------------------------------------------------------


---------- Date: 2017-12-27 23:26:18 ~ IP : 77.180.59.177 ----------
REQUEST URI : /index.php?route=common/language/language
VQMod::_getMods - NO XML FILES READABLE IN XML FOLDER
----------------------------------------------------------------------


---------- Date: 2017-12-27 23:26:18 ~ IP : 77.180.59.177 ----------
REQUEST URI : /index.php?route=common/home
VQMod::_getMods - NO XML FILES READABLE IN XML FOLDER
----------------------------------------------------------------------


---------- Date: 2017-12-27 23:39:16 ~ IP : 77.180.59.177 ----------
REQUEST URI : /index.php?route=common/home
VQMod::_getMods - NO XML FILES READABLE IN XML FOLDER
----------------------------------------------------------------------


---------- Date: 2017-12-27 23:49:56 ~ IP : 77.180.59.177 ----------
REQUEST URI : /index.php?route=common/home
VQMod::_getMods - NO XML FILES READABLE IN XML FOLDER
----------------------------------------------------------------------


