---------- Date: 2017-12-28 00:00:40 ~ IP : 121.227.120.145 ----------
REQUEST URI : /index.php?route=product/category&path=69
VQMod::_getMods - NO XML FILES READABLE IN XML FOLDER
----------------------------------------------------------------------


---------- Date: 2017-12-28 00:01:45 ~ IP : 121.227.120.145 ----------
REQUEST URI : /index.php?route=information/contact
VQMod::_getMods - NO XML FILES READABLE IN XML FOLDER
----------------------------------------------------------------------


---------- Date: 2017-12-28 00:02:49 ~ IP : 121.227.120.145 ----------
REQUEST URI : /index.php?route=information/contact
VQMod::_getMods - NO XML FILES READABLE IN XML FOLDER
----------------------------------------------------------------------


---------- Date: 2017-12-28 00:03:00 ~ IP : 121.227.120.145 ----------
REQUEST URI : /index.php?route=product/category&path=95_97
VQMod::_getMods - NO XML FILES READABLE IN XML FOLDER
----------------------------------------------------------------------


---------- Date: 2017-12-28 00:03:07 ~ IP : 121.227.120.145 ----------
REQUEST URI : /index.php?route=product/product&path=95_97&product_id=88
VQMod::_getMods - NO XML FILES READABLE IN XML FOLDER
----------------------------------------------------------------------


---------- Date: 2017-12-28 00:03:11 ~ IP : 121.227.120.145 ----------
REQUEST URI : /index.php?route=product/product/review&product_id=88
VQMod::_getMods - NO XML FILES READABLE IN XML FOLDER
----------------------------------------------------------------------


---------- Date: 2017-12-28 00:05:19 ~ IP : 121.227.120.145 ----------
REQUEST URI : /index.php?route=product/category&path=104_106
VQMod::_getMods - NO XML FILES READABLE IN XML FOLDER
----------------------------------------------------------------------


---------- Date: 2017-12-28 00:05:22 ~ IP : 121.227.120.145 ----------
REQUEST URI : /index.php?route=product/product&path=104_106&product_id=75
VQMod::_getMods - NO XML FILES READABLE IN XML FOLDER
----------------------------------------------------------------------


---------- Date: 2017-12-28 00:05:40 ~ IP : 121.227.120.145 ----------
REQUEST URI : /index.php?route=product/product/review&product_id=75
VQMod::_getMods - NO XML FILES READABLE IN XML FOLDER
----------------------------------------------------------------------


---------- Date: 2017-12-28 00:05:44 ~ IP : 121.227.120.145 ----------
REQUEST URI : /index.php?route=product/category&path=104_107
VQMod::_getMods - NO XML FILES READABLE IN XML FOLDER
----------------------------------------------------------------------


---------- Date: 2017-12-28 00:05:46 ~ IP : 121.227.120.145 ----------
REQUEST URI : /index.php?route=product/product&path=104_107&product_id=74
VQMod::_getMods - NO XML FILES READABLE IN XML FOLDER
----------------------------------------------------------------------


---------- Date: 2017-12-28 00:06:04 ~ IP : 121.227.120.145 ----------
REQUEST URI : /index.php?route=product/product/review&product_id=74
VQMod::_getMods - NO XML FILES READABLE IN XML FOLDER
----------------------------------------------------------------------


---------- Date: 2017-12-28 00:11:57 ~ IP : 77.180.59.177 ----------
REQUEST URI : /index.php?route=product/search
VQMod::_getMods - NO XML FILES READABLE IN XML FOLDER
----------------------------------------------------------------------


---------- Date: 2017-12-28 00:11:59 ~ IP : 77.180.59.177 ----------
REQUEST URI : /index.php?route=common/home
VQMod::_getMods - NO XML FILES READABLE IN XML FOLDER
----------------------------------------------------------------------


---------- Date: 2017-12-28 00:12:03 ~ IP : 77.180.59.177 ----------
REQUEST URI : /index.php?route=common/language/language
VQMod::_getMods - NO XML FILES READABLE IN XML FOLDER
----------------------------------------------------------------------


---------- Date: 2017-12-28 00:12:03 ~ IP : 77.180.59.177 ----------
REQUEST URI : /index.php?route=common/home
VQMod::_getMods - NO XML FILES READABLE IN XML FOLDER
----------------------------------------------------------------------


---------- Date: 2017-12-28 00:12:06 ~ IP : 77.180.59.177 ----------
REQUEST URI : /index.php?route=common/language/language
VQMod::_getMods - NO XML FILES READABLE IN XML FOLDER
----------------------------------------------------------------------


---------- Date: 2017-12-28 00:12:06 ~ IP : 77.180.59.177 ----------
REQUEST URI : /index.php?route=common/home
VQMod::_getMods - NO XML FILES READABLE IN XML FOLDER
----------------------------------------------------------------------


---------- Date: 2017-12-28 00:15:09 ~ IP : 77.180.59.177 ----------
REQUEST URI : /index.php?route=product/category&path=64
VQMod::_getMods - NO XML FILES READABLE IN XML FOLDER
----------------------------------------------------------------------


---------- Date: 2017-12-28 00:15:13 ~ IP : 77.180.59.177 ----------
REQUEST URI : /index.php?route=common/home
VQMod::_getMods - NO XML FILES READABLE IN XML FOLDER
----------------------------------------------------------------------


---------- Date: 2017-12-28 00:15:15 ~ IP : 77.180.59.177 ----------
REQUEST URI : /index.php?route=product/category&path=104
VQMod::_getMods - NO XML FILES READABLE IN XML FOLDER
----------------------------------------------------------------------


---------- Date: 2017-12-28 00:15:18 ~ IP : 77.180.59.177 ----------
REQUEST URI : /index.php?route=common/home
VQMod::_getMods - NO XML FILES READABLE IN XML FOLDER
----------------------------------------------------------------------


---------- Date: 2017-12-28 00:15:33 ~ IP : 8.21.199.19 ----------
REQUEST URI : /index.php?route=product/product&product_id=90
VQMod::_getMods - NO XML FILES READABLE IN XML FOLDER
----------------------------------------------------------------------


---------- Date: 2017-12-28 00:15:51 ~ IP : 77.180.59.177 ----------
REQUEST URI : /index.php?route=product/category&path=95_97
VQMod::_getMods - NO XML FILES READABLE IN XML FOLDER
----------------------------------------------------------------------


---------- Date: 2017-12-28 00:15:56 ~ IP : 77.180.59.177 ----------
REQUEST URI : /index.php?route=product/product&path=95_97&product_id=88
VQMod::_getMods - NO XML FILES READABLE IN XML FOLDER
----------------------------------------------------------------------


---------- Date: 2017-12-28 00:15:57 ~ IP : 77.180.59.177 ----------
REQUEST URI : /index.php?route=product/product/review&product_id=88
VQMod::_getMods - NO XML FILES READABLE IN XML FOLDER
----------------------------------------------------------------------


---------- Date: 2017-12-28 00:16:00 ~ IP : 77.180.59.177 ----------
REQUEST URI : /index.php?route=product/category&path=95_97
VQMod::_getMods - NO XML FILES READABLE IN XML FOLDER
----------------------------------------------------------------------


---------- Date: 2017-12-28 00:16:02 ~ IP : 77.180.59.177 ----------
REQUEST URI : /index.php?route=common/home
VQMod::_getMods - NO XML FILES READABLE IN XML FOLDER
----------------------------------------------------------------------


---------- Date: 2017-12-28 00:16:09 ~ IP : 77.180.59.177 ----------
REQUEST URI : /index.php?route=product/category&path=104_107
VQMod::_getMods - NO XML FILES READABLE IN XML FOLDER
----------------------------------------------------------------------


---------- Date: 2017-12-28 00:16:15 ~ IP : 77.180.59.177 ----------
REQUEST URI : /index.php?route=common/home
VQMod::_getMods - NO XML FILES READABLE IN XML FOLDER
----------------------------------------------------------------------


---------- Date: 2017-12-28 00:17:40 ~ IP : 77.180.59.177 ----------
REQUEST URI : /index.php?route=product/product&path=64&product_id=52
VQMod::_getMods - NO XML FILES READABLE IN XML FOLDER
----------------------------------------------------------------------


---------- Date: 2017-12-28 00:17:43 ~ IP : 77.180.59.177 ----------
REQUEST URI : /index.php?route=common/home
VQMod::_getMods - NO XML FILES READABLE IN XML FOLDER
----------------------------------------------------------------------


---------- Date: 2017-12-28 00:18:16 ~ IP : 77.180.59.177 ----------
REQUEST URI : /index.php?route=module/pavnewsletter/subscribe
VQMod::_getMods - NO XML FILES READABLE IN XML FOLDER
----------------------------------------------------------------------


---------- Date: 2017-12-28 00:18:50 ~ IP : 77.180.59.177 ----------
REQUEST URI : /index.php?route=information/information&information_id=4
VQMod::_getMods - NO XML FILES READABLE IN XML FOLDER
----------------------------------------------------------------------


---------- Date: 2017-12-28 00:18:57 ~ IP : 77.180.59.177 ----------
REQUEST URI : /index.php?route=common/home
VQMod::_getMods - NO XML FILES READABLE IN XML FOLDER
----------------------------------------------------------------------


---------- Date: 2017-12-28 00:19:00 ~ IP : 77.180.59.177 ----------
REQUEST URI : /index.php?route=information/information&information_id=3
VQMod::_getMods - NO XML FILES READABLE IN XML FOLDER
----------------------------------------------------------------------


---------- Date: 2017-12-28 00:19:08 ~ IP : 77.180.59.177 ----------
REQUEST URI : /index.php?route=information/information&information_id=7
VQMod::_getMods - NO XML FILES READABLE IN XML FOLDER
----------------------------------------------------------------------


---------- Date: 2017-12-28 00:19:19 ~ IP : 77.180.59.177 ----------
REQUEST URI : /index.php?route=information/information&information_id=3
VQMod::_getMods - NO XML FILES READABLE IN XML FOLDER
----------------------------------------------------------------------


---------- Date: 2017-12-28 00:19:24 ~ IP : 77.180.59.177 ----------
REQUEST URI : /index.php?route=product/category&path=64
VQMod::_getMods - NO XML FILES READABLE IN XML FOLDER
----------------------------------------------------------------------


---------- Date: 2017-12-28 00:19:27 ~ IP : 77.180.59.177 ----------
REQUEST URI : /index.php?route=product/category&path=104
VQMod::_getMods - NO XML FILES READABLE IN XML FOLDER
----------------------------------------------------------------------


---------- Date: 2017-12-28 00:19:39 ~ IP : 77.180.59.177 ----------
REQUEST URI : /index.php?route=product/category&path=109
VQMod::_getMods - NO XML FILES READABLE IN XML FOLDER
----------------------------------------------------------------------


---------- Date: 2017-12-28 00:19:41 ~ IP : 77.180.59.177 ----------
REQUEST URI : /index.php?route=product/category&path=69
VQMod::_getMods - NO XML FILES READABLE IN XML FOLDER
----------------------------------------------------------------------


---------- Date: 2017-12-28 00:19:55 ~ IP : 77.180.59.177 ----------
REQUEST URI : /index.php?route=product/category&path=109
VQMod::_getMods - NO XML FILES READABLE IN XML FOLDER
----------------------------------------------------------------------


---------- Date: 2017-12-28 00:20:00 ~ IP : 77.180.59.177 ----------
REQUEST URI : /index.php?route=information/contact
VQMod::_getMods - NO XML FILES READABLE IN XML FOLDER
----------------------------------------------------------------------


---------- Date: 2017-12-28 00:20:23 ~ IP : 77.180.59.177 ----------
REQUEST URI : /index.php?route=common/home
VQMod::_getMods - NO XML FILES READABLE IN XML FOLDER
----------------------------------------------------------------------


---------- Date: 2017-12-28 00:26:49 ~ IP : 77.180.59.177 ----------
REQUEST URI : /index.php?route=product/category&path=64
VQMod::_getMods - NO XML FILES READABLE IN XML FOLDER
----------------------------------------------------------------------


---------- Date: 2017-12-28 00:30:08 ~ IP : 77.180.59.177 ----------
REQUEST URI : /index.php?route=product/product&path=64&product_id=73
VQMod::_getMods - NO XML FILES READABLE IN XML FOLDER
----------------------------------------------------------------------


---------- Date: 2017-12-28 00:30:08 ~ IP : 77.180.59.177 ----------
REQUEST URI : /index.php?route=product/product/review&product_id=73
VQMod::_getMods - NO XML FILES READABLE IN XML FOLDER
----------------------------------------------------------------------


---------- Date: 2017-12-28 00:30:18 ~ IP : 77.180.59.177 ----------
REQUEST URI : /index.php?route=product/category&path=109
VQMod::_getMods - NO XML FILES READABLE IN XML FOLDER
----------------------------------------------------------------------


---------- Date: 2017-12-28 00:30:20 ~ IP : 77.180.59.177 ----------
REQUEST URI : /index.php?route=product/product&path=109&product_id=94
VQMod::_getMods - NO XML FILES READABLE IN XML FOLDER
----------------------------------------------------------------------


---------- Date: 2017-12-28 00:30:20 ~ IP : 77.180.59.177 ----------
REQUEST URI : /index.php?route=product/product/review&product_id=94
VQMod::_getMods - NO XML FILES READABLE IN XML FOLDER
----------------------------------------------------------------------


---------- Date: 2017-12-28 00:35:06 ~ IP : 77.180.59.177 ----------
REQUEST URI : /index.php?route=product/category&path=95_66
VQMod::_getMods - NO XML FILES READABLE IN XML FOLDER
----------------------------------------------------------------------


---------- Date: 2017-12-28 00:35:13 ~ IP : 77.180.59.177 ----------
REQUEST URI : /index.php?route=product/product&path=95_66&product_id=98
VQMod::_getMods - NO XML FILES READABLE IN XML FOLDER
----------------------------------------------------------------------


---------- Date: 2017-12-28 00:35:14 ~ IP : 77.180.59.177 ----------
REQUEST URI : /index.php?route=product/product/review&product_id=98
VQMod::_getMods - NO XML FILES READABLE IN XML FOLDER
----------------------------------------------------------------------


---------- Date: 2017-12-28 00:35:32 ~ IP : 77.180.59.177 ----------
REQUEST URI : /index.php?route=product/product&path=95_66&product_id=98
VQMod::_getMods - NO XML FILES READABLE IN XML FOLDER
----------------------------------------------------------------------


---------- Date: 2017-12-28 00:35:33 ~ IP : 77.180.59.177 ----------
REQUEST URI : /index.php?route=product/product/review&product_id=98
VQMod::_getMods - NO XML FILES READABLE IN XML FOLDER
----------------------------------------------------------------------


---------- Date: 2017-12-28 00:36:19 ~ IP : 77.180.59.177 ----------
REQUEST URI : /index.php?route=product/product&path=95_66&product_id=98
VQMod::_getMods - NO XML FILES READABLE IN XML FOLDER
----------------------------------------------------------------------


---------- Date: 2017-12-28 00:36:19 ~ IP : 77.180.59.177 ----------
REQUEST URI : /index.php?route=product/product/review&product_id=98
VQMod::_getMods - NO XML FILES READABLE IN XML FOLDER
----------------------------------------------------------------------


---------- Date: 2017-12-28 00:48:19 ~ IP : 77.180.59.177 ----------
REQUEST URI : /index.php?route=common/home
VQMod::_getMods - NO XML FILES READABLE IN XML FOLDER
----------------------------------------------------------------------


---------- Date: 2017-12-28 00:49:20 ~ IP : 77.180.59.177 ----------
REQUEST URI : /index.php?route=product/category&path=95_66
VQMod::_getMods - NO XML FILES READABLE IN XML FOLDER
----------------------------------------------------------------------


---------- Date: 2017-12-28 00:49:58 ~ IP : 77.180.59.177 ----------
REQUEST URI : /index.php?route=product/product&path=95_66&product_id=73
VQMod::_getMods - NO XML FILES READABLE IN XML FOLDER
----------------------------------------------------------------------


---------- Date: 2017-12-28 00:49:59 ~ IP : 77.180.59.177 ----------
REQUEST URI : /index.php?route=product/product/review&product_id=73
VQMod::_getMods - NO XML FILES READABLE IN XML FOLDER
----------------------------------------------------------------------


---------- Date: 2017-12-28 00:49:59 ~ IP : 77.180.59.177 ----------
REQUEST URI : /index.php?route=product/product&path=95_66&product_id=73
VQMod::_getMods - NO XML FILES READABLE IN XML FOLDER
----------------------------------------------------------------------


---------- Date: 2017-12-28 00:50:00 ~ IP : 77.180.59.177 ----------
REQUEST URI : /index.php?route=product/product/review&product_id=73
VQMod::_getMods - NO XML FILES READABLE IN XML FOLDER
----------------------------------------------------------------------


---------- Date: 2017-12-28 00:50:02 ~ IP : 77.180.59.177 ----------
REQUEST URI : /index.php?route=product/category&path=95_66
VQMod::_getMods - NO XML FILES READABLE IN XML FOLDER
----------------------------------------------------------------------


---------- Date: 2017-12-28 00:50:09 ~ IP : 77.180.59.177 ----------
REQUEST URI : /index.php?route=product/product&path=95_66&product_id=99
VQMod::_getMods - NO XML FILES READABLE IN XML FOLDER
----------------------------------------------------------------------


---------- Date: 2017-12-28 00:50:10 ~ IP : 77.180.59.177 ----------
REQUEST URI : /index.php?route=product/product/review&product_id=99
VQMod::_getMods - NO XML FILES READABLE IN XML FOLDER
----------------------------------------------------------------------


---------- Date: 2017-12-28 00:50:15 ~ IP : 77.180.59.177 ----------
REQUEST URI : /index.php?route=product/category&path=95_66
VQMod::_getMods - NO XML FILES READABLE IN XML FOLDER
----------------------------------------------------------------------


---------- Date: 2017-12-28 00:50:16 ~ IP : 77.180.59.177 ----------
REQUEST URI : /index.php?route=product/product&path=95_66&product_id=73
VQMod::_getMods - NO XML FILES READABLE IN XML FOLDER
----------------------------------------------------------------------


---------- Date: 2017-12-28 00:50:17 ~ IP : 77.180.59.177 ----------
REQUEST URI : /index.php?route=product/product/review&product_id=73
VQMod::_getMods - NO XML FILES READABLE IN XML FOLDER
----------------------------------------------------------------------


---------- Date: 2017-12-28 00:50:19 ~ IP : 77.180.59.177 ----------
REQUEST URI : /index.php?route=common/home
VQMod::_getMods - NO XML FILES READABLE IN XML FOLDER
----------------------------------------------------------------------


---------- Date: 2017-12-28 00:50:44 ~ IP : 77.180.59.177 ----------
REQUEST URI : /index.php?route=information/contact
VQMod::_getMods - NO XML FILES READABLE IN XML FOLDER
----------------------------------------------------------------------


---------- Date: 2017-12-28 00:50:52 ~ IP : 77.180.59.177 ----------
REQUEST URI : /index.php?route=common/home
VQMod::_getMods - NO XML FILES READABLE IN XML FOLDER
----------------------------------------------------------------------


---------- Date: 2017-12-28 00:51:25 ~ IP : 77.180.59.177 ----------
REQUEST URI : /index.php?route=information/information&information_id=7
VQMod::_getMods - NO XML FILES READABLE IN XML FOLDER
----------------------------------------------------------------------


---------- Date: 2017-12-28 00:51:30 ~ IP : 77.180.59.177 ----------
REQUEST URI : /index.php?route=common/home
VQMod::_getMods - NO XML FILES READABLE IN XML FOLDER
----------------------------------------------------------------------


---------- Date: 2017-12-28 00:51:46 ~ IP : 77.180.59.177 ----------
REQUEST URI : /index.php?route=information/sitemap
VQMod::_getMods - NO XML FILES READABLE IN XML FOLDER
----------------------------------------------------------------------


---------- Date: 2017-12-28 00:51:49 ~ IP : 77.180.59.177 ----------
REQUEST URI : /index.php?route=common/home
VQMod::_getMods - NO XML FILES READABLE IN XML FOLDER
----------------------------------------------------------------------


---------- Date: 2017-12-28 00:52:31 ~ IP : 77.180.59.177 ----------
REQUEST URI : /index.php?route=product/category&path=104
VQMod::_getMods - NO XML FILES READABLE IN XML FOLDER
----------------------------------------------------------------------


---------- Date: 2017-12-28 00:52:33 ~ IP : 77.180.59.177 ----------
REQUEST URI : /index.php?route=product/product&path=104&product_id=77
VQMod::_getMods - NO XML FILES READABLE IN XML FOLDER
----------------------------------------------------------------------


---------- Date: 2017-12-28 00:52:34 ~ IP : 77.180.59.177 ----------
REQUEST URI : /index.php?route=product/product/review&product_id=77
VQMod::_getMods - NO XML FILES READABLE IN XML FOLDER
----------------------------------------------------------------------


---------- Date: 2017-12-28 00:53:06 ~ IP : 77.180.59.177 ----------
REQUEST URI : /index.php?route=common/home
VQMod::_getMods - NO XML FILES READABLE IN XML FOLDER
----------------------------------------------------------------------


---------- Date: 2017-12-28 00:55:04 ~ IP : 77.180.59.177 ----------
REQUEST URI : /index.php?route=product/category&path=95_66
VQMod::_getMods - NO XML FILES READABLE IN XML FOLDER
----------------------------------------------------------------------


---------- Date: 2017-12-28 00:55:05 ~ IP : 77.180.59.177 ----------
REQUEST URI : /index.php?route=product/product&path=95_66&product_id=73
VQMod::_getMods - NO XML FILES READABLE IN XML FOLDER
----------------------------------------------------------------------


---------- Date: 2017-12-28 00:55:06 ~ IP : 77.180.59.177 ----------
REQUEST URI : /index.php?route=product/product/review&product_id=73
VQMod::_getMods - NO XML FILES READABLE IN XML FOLDER
----------------------------------------------------------------------


---------- Date: 2017-12-28 00:59:40 ~ IP : 77.180.59.177 ----------
REQUEST URI : /index.php?route=common/home
VQMod::_getMods - NO XML FILES READABLE IN XML FOLDER
----------------------------------------------------------------------


---------- Date: 2017-12-28 01:02:24 ~ IP : 77.180.59.177 ----------
REQUEST URI : /index.php?route=product/category&path=95_96
VQMod::_getMods - NO XML FILES READABLE IN XML FOLDER
----------------------------------------------------------------------


---------- Date: 2017-12-28 01:02:26 ~ IP : 77.180.59.177 ----------
REQUEST URI : /index.php?route=product/product&path=95_96&product_id=90
VQMod::_getMods - NO XML FILES READABLE IN XML FOLDER
----------------------------------------------------------------------


---------- Date: 2017-12-28 01:02:26 ~ IP : 77.180.59.177 ----------
REQUEST URI : /index.php?route=product/product/review&product_id=90
VQMod::_getMods - NO XML FILES READABLE IN XML FOLDER
----------------------------------------------------------------------


---------- Date: 2017-12-28 01:05:53 ~ IP : 77.180.59.177 ----------
REQUEST URI : /index.php?route=common/home
VQMod::_getMods - NO XML FILES READABLE IN XML FOLDER
----------------------------------------------------------------------


---------- Date: 2017-12-28 01:06:06 ~ IP : 77.180.59.177 ----------
REQUEST URI : /index.php?route=product/product&path=64&product_id=52
VQMod::_getMods - NO XML FILES READABLE IN XML FOLDER
----------------------------------------------------------------------


---------- Date: 2017-12-28 01:06:09 ~ IP : 77.180.59.177 ----------
REQUEST URI : /index.php?route=common/home
VQMod::_getMods - NO XML FILES READABLE IN XML FOLDER
----------------------------------------------------------------------


---------- Date: 2017-12-28 01:06:25 ~ IP : 77.180.59.177 ----------
REQUEST URI : /index.php?route=product/category&path=95_66
VQMod::_getMods - NO XML FILES READABLE IN XML FOLDER
----------------------------------------------------------------------


---------- Date: 2017-12-28 01:06:27 ~ IP : 77.180.59.177 ----------
REQUEST URI : /index.php?route=product/product&path=95_66&product_id=73
VQMod::_getMods - NO XML FILES READABLE IN XML FOLDER
----------------------------------------------------------------------


---------- Date: 2017-12-28 01:06:28 ~ IP : 77.180.59.177 ----------
REQUEST URI : /index.php?route=product/product/review&product_id=73
VQMod::_getMods - NO XML FILES READABLE IN XML FOLDER
----------------------------------------------------------------------


---------- Date: 2017-12-28 01:07:03 ~ IP : 77.180.59.177 ----------
REQUEST URI : /index.php?route=common/home
VQMod::_getMods - NO XML FILES READABLE IN XML FOLDER
----------------------------------------------------------------------


---------- Date: 2017-12-28 01:07:15 ~ IP : 77.180.59.177 ----------
REQUEST URI : /index.php?route=common/home
VQMod::_getMods - NO XML FILES READABLE IN XML FOLDER
----------------------------------------------------------------------


---------- Date: 2017-12-28 01:07:22 ~ IP : 77.180.59.177 ----------
REQUEST URI : /index.php?route=product/category&path=104
VQMod::_getMods - NO XML FILES READABLE IN XML FOLDER
----------------------------------------------------------------------


---------- Date: 2017-12-28 01:08:50 ~ IP : 77.180.59.177 ----------
REQUEST URI : /index.php?route=common/home
VQMod::_getMods - NO XML FILES READABLE IN XML FOLDER
----------------------------------------------------------------------


---------- Date: 2017-12-28 01:13:38 ~ IP : 77.180.59.177 ----------
REQUEST URI : /index.php?route=product/category&path=100_103
VQMod::_getMods - NO XML FILES READABLE IN XML FOLDER
----------------------------------------------------------------------


---------- Date: 2017-12-28 01:13:59 ~ IP : 77.180.59.177 ----------
REQUEST URI : /index.php?route=common/home
VQMod::_getMods - NO XML FILES READABLE IN XML FOLDER
----------------------------------------------------------------------


---------- Date: 2017-12-28 01:14:03 ~ IP : 77.180.59.177 ----------
REQUEST URI : /index.php?route=information/contact
VQMod::_getMods - NO XML FILES READABLE IN XML FOLDER
----------------------------------------------------------------------


---------- Date: 2017-12-28 01:14:09 ~ IP : 77.180.59.177 ----------
REQUEST URI : /index.php?route=common/home
VQMod::_getMods - NO XML FILES READABLE IN XML FOLDER
----------------------------------------------------------------------


---------- Date: 2017-12-28 01:14:52 ~ IP : 77.180.59.177 ----------
REQUEST URI : /index.php?route=product/product&product_id=97
VQMod::_getMods - NO XML FILES READABLE IN XML FOLDER
----------------------------------------------------------------------


---------- Date: 2017-12-28 01:14:53 ~ IP : 77.180.59.177 ----------
REQUEST URI : /index.php?route=product/product/review&product_id=97
VQMod::_getMods - NO XML FILES READABLE IN XML FOLDER
----------------------------------------------------------------------


---------- Date: 2017-12-28 01:15:56 ~ IP : 77.180.59.177 ----------
REQUEST URI : /index.php?route=common/home
VQMod::_getMods - NO XML FILES READABLE IN XML FOLDER
----------------------------------------------------------------------


---------- Date: 2017-12-28 01:25:45 ~ IP : 77.180.59.177 ----------
REQUEST URI : /index.php?route=common/home
VQMod::_getMods - NO XML FILES READABLE IN XML FOLDER
----------------------------------------------------------------------


---------- Date: 2017-12-28 01:28:19 ~ IP : 77.180.59.177 ----------
REQUEST URI : /
VQMod::_getMods - NO XML FILES READABLE IN XML FOLDER
----------------------------------------------------------------------


---------- Date: 2017-12-28 01:29:43 ~ IP : 77.180.59.177 ----------
REQUEST URI : /
VQMod::_getMods - NO XML FILES READABLE IN XML FOLDER
----------------------------------------------------------------------


---------- Date: 2017-12-28 01:29:43 ~ IP : 77.180.59.177 ----------
REQUEST URI : /
VQMod::_getMods - NO XML FILES READABLE IN XML FOLDER
----------------------------------------------------------------------


---------- Date: 2017-12-28 01:32:09 ~ IP : 77.180.59.177 ----------
REQUEST URI : /
VQMod::_getMods - NO XML FILES READABLE IN XML FOLDER
----------------------------------------------------------------------


---------- Date: 2017-12-28 01:33:48 ~ IP : 77.180.59.177 ----------
REQUEST URI : /
VQMod::_getMods - NO XML FILES READABLE IN XML FOLDER
----------------------------------------------------------------------


---------- Date: 2017-12-28 01:34:01 ~ IP : 77.180.59.177 ----------
REQUEST URI : /
VQMod::_getMods - NO XML FILES READABLE IN XML FOLDER
----------------------------------------------------------------------


---------- Date: 2017-12-28 01:36:17 ~ IP : 77.180.59.177 ----------
REQUEST URI : /
VQMod::_getMods - NO XML FILES READABLE IN XML FOLDER
----------------------------------------------------------------------


---------- Date: 2017-12-28 01:38:32 ~ IP : 77.180.59.177 ----------
REQUEST URI : /index.php?route=common/home
VQMod::_getMods - NO XML FILES READABLE IN XML FOLDER
----------------------------------------------------------------------


---------- Date: 2017-12-28 01:38:51 ~ IP : 77.180.59.177 ----------
REQUEST URI : /
VQMod::_getMods - NO XML FILES READABLE IN XML FOLDER
----------------------------------------------------------------------


---------- Date: 2017-12-28 01:40:16 ~ IP : 77.180.59.177 ----------
REQUEST URI : /
VQMod::_getMods - NO XML FILES READABLE IN XML FOLDER
----------------------------------------------------------------------


---------- Date: 2017-12-28 01:42:06 ~ IP : 77.180.59.177 ----------
REQUEST URI : /
VQMod::_getMods - NO XML FILES READABLE IN XML FOLDER
----------------------------------------------------------------------


---------- Date: 2017-12-28 01:42:44 ~ IP : 77.180.59.177 ----------
REQUEST URI : /
VQMod::_getMods - NO XML FILES READABLE IN XML FOLDER
----------------------------------------------------------------------


---------- Date: 2017-12-28 01:43:14 ~ IP : 77.180.59.177 ----------
REQUEST URI : /
VQMod::_getMods - NO XML FILES READABLE IN XML FOLDER
----------------------------------------------------------------------


---------- Date: 2017-12-28 01:44:09 ~ IP : 77.180.59.177 ----------
REQUEST URI : /
VQMod::_getMods - NO XML FILES READABLE IN XML FOLDER
----------------------------------------------------------------------


---------- Date: 2017-12-28 01:44:20 ~ IP : 77.180.59.177 ----------
REQUEST URI : /
VQMod::_getMods - NO XML FILES READABLE IN XML FOLDER
----------------------------------------------------------------------


---------- Date: 2017-12-28 01:47:32 ~ IP : 77.180.59.177 ----------
REQUEST URI : /
VQMod::_getMods - NO XML FILES READABLE IN XML FOLDER
----------------------------------------------------------------------


---------- Date: 2017-12-28 01:52:25 ~ IP : 121.227.120.145 ----------
REQUEST URI : /?_u_u_u=0.03309426241778979
VQMod::_getMods - NO XML FILES READABLE IN XML FOLDER
----------------------------------------------------------------------


---------- Date: 2017-12-28 01:54:21 ~ IP : 77.180.59.177 ----------
REQUEST URI : /
VQMod::_getMods - NO XML FILES READABLE IN XML FOLDER
----------------------------------------------------------------------


---------- Date: 2017-12-28 01:54:31 ~ IP : 77.180.59.177 ----------
REQUEST URI : /?route=common/home
VQMod::_getMods - NO XML FILES READABLE IN XML FOLDER
----------------------------------------------------------------------


---------- Date: 2017-12-28 01:54:50 ~ IP : 77.180.59.177 ----------
REQUEST URI : /index.php?route=account/return/add
VQMod::_getMods - NO XML FILES READABLE IN XML FOLDER
----------------------------------------------------------------------


---------- Date: 2017-12-28 01:54:54 ~ IP : 77.180.59.177 ----------
REQUEST URI : /?route=common/home
VQMod::_getMods - NO XML FILES READABLE IN XML FOLDER
----------------------------------------------------------------------


---------- Date: 2017-12-28 01:54:58 ~ IP : 77.180.59.177 ----------
REQUEST URI : /index.php?route=information/contact
VQMod::_getMods - NO XML FILES READABLE IN XML FOLDER
----------------------------------------------------------------------


---------- Date: 2017-12-28 01:55:00 ~ IP : 77.180.59.177 ----------
REQUEST URI : /?route=common/home
VQMod::_getMods - NO XML FILES READABLE IN XML FOLDER
----------------------------------------------------------------------


---------- Date: 2017-12-28 01:55:06 ~ IP : 77.180.59.177 ----------
REQUEST URI : /index.php?route=information/sitemap
VQMod::_getMods - NO XML FILES READABLE IN XML FOLDER
----------------------------------------------------------------------


---------- Date: 2017-12-28 02:02:22 ~ IP : 77.180.59.177 ----------
REQUEST URI : /index.php?route=common/home
VQMod::_getMods - NO XML FILES READABLE IN XML FOLDER
----------------------------------------------------------------------


---------- Date: 2017-12-28 02:02:27 ~ IP : 77.180.59.177 ----------
REQUEST URI : /index.php?route=account/register
VQMod::_getMods - NO XML FILES READABLE IN XML FOLDER
----------------------------------------------------------------------


---------- Date: 2017-12-28 02:02:27 ~ IP : 77.180.59.177 ----------
REQUEST URI : /index.php?route=account/register/customfield&customer_group_id=1
VQMod::_getMods - NO XML FILES READABLE IN XML FOLDER
----------------------------------------------------------------------


---------- Date: 2017-12-28 02:02:27 ~ IP : 77.180.59.177 ----------
REQUEST URI : /index.php?route=account/account/country&country_id=14
VQMod::_getMods - NO XML FILES READABLE IN XML FOLDER
----------------------------------------------------------------------


---------- Date: 2017-12-28 02:04:46 ~ IP : 77.180.59.177 ----------
REQUEST URI : /index.php?route=common/home
VQMod::_getMods - NO XML FILES READABLE IN XML FOLDER
----------------------------------------------------------------------


---------- Date: 2017-12-28 02:19:39 ~ IP : 8.21.198.13 ----------
REQUEST URI : /index.php?route=product/product&product_id=94
VQMod::_getMods - NO XML FILES READABLE IN XML FOLDER
----------------------------------------------------------------------


---------- Date: 2017-12-28 02:24:07 ~ IP : 77.180.59.177 ----------
REQUEST URI : /
VQMod::_getMods - NO XML FILES READABLE IN XML FOLDER
----------------------------------------------------------------------


---------- Date: 2017-12-28 02:24:24 ~ IP : 77.180.59.177 ----------
REQUEST URI : /index.php?route=account/order
VQMod::_getMods - NO XML FILES READABLE IN XML FOLDER
----------------------------------------------------------------------


---------- Date: 2017-12-28 02:24:24 ~ IP : 77.180.59.177 ----------
REQUEST URI : /index.php?route=account/login
VQMod::_getMods - NO XML FILES READABLE IN XML FOLDER
----------------------------------------------------------------------


---------- Date: 2017-12-28 02:24:27 ~ IP : 77.180.59.177 ----------
REQUEST URI : /index.php?route=common/home
VQMod::_getMods - NO XML FILES READABLE IN XML FOLDER
----------------------------------------------------------------------


---------- Date: 2017-12-28 02:24:33 ~ IP : 77.180.59.177 ----------
REQUEST URI : /index.php?route=product/category&path=64
VQMod::_getMods - NO XML FILES READABLE IN XML FOLDER
----------------------------------------------------------------------


---------- Date: 2017-12-28 02:24:34 ~ IP : 77.180.59.177 ----------
REQUEST URI : /index.php?route=product/category&path=104
VQMod::_getMods - NO XML FILES READABLE IN XML FOLDER
----------------------------------------------------------------------


---------- Date: 2017-12-28 02:24:35 ~ IP : 77.180.59.177 ----------
REQUEST URI : /index.php?route=product/category&path=109
VQMod::_getMods - NO XML FILES READABLE IN XML FOLDER
----------------------------------------------------------------------


---------- Date: 2017-12-28 03:08:04 ~ IP : 8.21.198.52 ----------
REQUEST URI : /index.php?route=product/product&product_id=97
VQMod::_getMods - NO XML FILES READABLE IN XML FOLDER
----------------------------------------------------------------------


---------- Date: 2017-12-28 03:47:44 ~ IP : 121.227.120.145 ----------
REQUEST URI : /
VQMod::_getMods - NO XML FILES READABLE IN XML FOLDER
----------------------------------------------------------------------


---------- Date: 2017-12-28 03:48:22 ~ IP : 106.120.160.109 ----------
REQUEST URI : /
VQMod::_getMods - NO XML FILES READABLE IN XML FOLDER
----------------------------------------------------------------------


---------- Date: 2017-12-28 03:48:49 ~ IP : 220.181.132.192 ----------
REQUEST URI : /
VQMod::_getMods - NO XML FILES READABLE IN XML FOLDER
----------------------------------------------------------------------


---------- Date: 2017-12-28 03:49:10 ~ IP : 121.227.120.145 ----------
REQUEST URI : /
VQMod::_getMods - NO XML FILES READABLE IN XML FOLDER
----------------------------------------------------------------------


---------- Date: 2017-12-28 03:49:35 ~ IP : 121.227.120.145 ----------
REQUEST URI : /?route=information/contact
VQMod::_getMods - NO XML FILES READABLE IN XML FOLDER
----------------------------------------------------------------------


---------- Date: 2017-12-28 04:06:59 ~ IP : 121.227.120.145 ----------
REQUEST URI : /index.php?route=api/login
VQMod::_getMods - NO XML FILES READABLE IN XML FOLDER
----------------------------------------------------------------------


---------- Date: 2017-12-28 05:24:40 ~ IP : 121.227.120.145 ----------
REQUEST URI : /index.php?route=product/category&path=104_105
VQMod::_getMods - NO XML FILES READABLE IN XML FOLDER
----------------------------------------------------------------------


---------- Date: 2017-12-28 05:24:43 ~ IP : 121.227.120.145 ----------
REQUEST URI : /index.php?route=product/product&path=104_105&product_id=77
VQMod::_getMods - NO XML FILES READABLE IN XML FOLDER
----------------------------------------------------------------------


---------- Date: 2017-12-28 05:25:04 ~ IP : 121.227.120.145 ----------
REQUEST URI : /index.php?route=product/product/review&product_id=77
VQMod::_getMods - NO XML FILES READABLE IN XML FOLDER
----------------------------------------------------------------------


---------- Date: 2017-12-28 05:25:20 ~ IP : 106.120.160.109 ----------
REQUEST URI : /index.php?route=product/category&path=104_105
VQMod::_getMods - NO XML FILES READABLE IN XML FOLDER
----------------------------------------------------------------------


---------- Date: 2017-12-28 05:25:29 ~ IP : 106.120.161.68 ----------
REQUEST URI : /index.php?route=product/product&path=104_105&product_id=77
VQMod::_getMods - NO XML FILES READABLE IN XML FOLDER
----------------------------------------------------------------------


---------- Date: 2017-12-28 05:25:32 ~ IP : 106.120.160.109 ----------
REQUEST URI : /index.php?route=product/category&path=104_105
VQMod::_getMods - NO XML FILES READABLE IN XML FOLDER
----------------------------------------------------------------------


---------- Date: 2017-12-28 05:25:35 ~ IP : 106.120.161.68 ----------
REQUEST URI : /index.php?route=product/product&path=104_105&product_id=77
VQMod::_getMods - NO XML FILES READABLE IN XML FOLDER
----------------------------------------------------------------------


---------- Date: 2017-12-28 05:25:45 ~ IP : 101.199.112.45 ----------
REQUEST URI : /index.php?route=product/category&path=104_105
VQMod::_getMods - NO XML FILES READABLE IN XML FOLDER
----------------------------------------------------------------------


---------- Date: 2017-12-28 05:25:46 ~ IP : 101.199.108.53 ----------
REQUEST URI : /index.php?route=product/product&path=104_105&product_id=77
VQMod::_getMods - NO XML FILES READABLE IN XML FOLDER
----------------------------------------------------------------------


---------- Date: 2017-12-28 05:25:53 ~ IP : 220.181.132.193 ----------
REQUEST URI : /index.php?route=product/product&path=104_105&product_id=77
VQMod::_getMods - NO XML FILES READABLE IN XML FOLDER
----------------------------------------------------------------------


---------- Date: 2017-12-28 05:25:57 ~ IP : 101.199.108.52 ----------
REQUEST URI : /index.php?route=product/category&path=104_105
VQMod::_getMods - NO XML FILES READABLE IN XML FOLDER
----------------------------------------------------------------------


---------- Date: 2017-12-28 07:26:20 ~ IP : 112.169.246.50 ----------
REQUEST URI : /
VQMod::_getMods - NO XML FILES READABLE IN XML FOLDER
----------------------------------------------------------------------


---------- Date: 2017-12-28 07:52:49 ~ IP : 121.227.120.145 ----------
REQUEST URI : /index.php?route=product/category&path=64
VQMod::_getMods - NO XML FILES READABLE IN XML FOLDER
----------------------------------------------------------------------


---------- Date: 2017-12-28 07:54:42 ~ IP : 121.227.120.145 ----------
REQUEST URI : /index.php?route=product/product&path=64&product_id=93
VQMod::_getMods - NO XML FILES READABLE IN XML FOLDER
----------------------------------------------------------------------


---------- Date: 2017-12-28 07:55:06 ~ IP : 121.227.120.145 ----------
REQUEST URI : /index.php?route=product/product/review&product_id=93
VQMod::_getMods - NO XML FILES READABLE IN XML FOLDER
----------------------------------------------------------------------


---------- Date: 2017-12-28 08:51:18 ~ IP : 121.227.120.145 ----------
REQUEST URI : /index.php?route=common/home
VQMod::_getMods - NO XML FILES READABLE IN XML FOLDER
----------------------------------------------------------------------


---------- Date: 2017-12-28 09:33:17 ~ IP : 91.210.147.157 ----------
REQUEST URI : /
VQMod::_getMods - NO XML FILES READABLE IN XML FOLDER
----------------------------------------------------------------------


---------- Date: 2017-12-28 09:41:56 ~ IP : 83.175.70.69 ----------
REQUEST URI : /
VQMod::_getMods - NO XML FILES READABLE IN XML FOLDER
----------------------------------------------------------------------


---------- Date: 2017-12-28 09:42:07 ~ IP : 83.175.70.69 ----------
REQUEST URI : /index.php?route=product/category&path=64
VQMod::_getMods - NO XML FILES READABLE IN XML FOLDER
----------------------------------------------------------------------


---------- Date: 2017-12-28 09:42:11 ~ IP : 83.175.70.69 ----------
REQUEST URI : /index.php?route=common/home
VQMod::_getMods - NO XML FILES READABLE IN XML FOLDER
----------------------------------------------------------------------


---------- Date: 2017-12-28 09:42:59 ~ IP : 83.175.70.69 ----------
REQUEST URI : /index.php?route=information/information&information_id=4
VQMod::_getMods - NO XML FILES READABLE IN XML FOLDER
----------------------------------------------------------------------


---------- Date: 2017-12-28 09:43:11 ~ IP : 83.175.70.69 ----------
REQUEST URI : /index.php?route=common/home
VQMod::_getMods - NO XML FILES READABLE IN XML FOLDER
----------------------------------------------------------------------


---------- Date: 2017-12-28 09:43:14 ~ IP : 83.175.70.69 ----------
REQUEST URI : /index.php?route=information/information&information_id=3
VQMod::_getMods - NO XML FILES READABLE IN XML FOLDER
----------------------------------------------------------------------


---------- Date: 2017-12-28 09:43:27 ~ IP : 83.175.70.69 ----------
REQUEST URI : /index.php?route=information/information&information_id=7
VQMod::_getMods - NO XML FILES READABLE IN XML FOLDER
----------------------------------------------------------------------


---------- Date: 2017-12-28 09:43:36 ~ IP : 83.175.70.69 ----------
REQUEST URI : /index.php?route=information/contact
VQMod::_getMods - NO XML FILES READABLE IN XML FOLDER
----------------------------------------------------------------------


---------- Date: 2017-12-28 09:43:50 ~ IP : 83.175.70.69 ----------
REQUEST URI : /index.php?route=account/return/add
VQMod::_getMods - NO XML FILES READABLE IN XML FOLDER
----------------------------------------------------------------------


---------- Date: 2017-12-28 09:43:57 ~ IP : 83.175.70.69 ----------
REQUEST URI : /index.php?route=information/sitemap
VQMod::_getMods - NO XML FILES READABLE IN XML FOLDER
----------------------------------------------------------------------


---------- Date: 2017-12-28 09:44:01 ~ IP : 83.175.70.69 ----------
REQUEST URI : /index.php?route=account/account
VQMod::_getMods - NO XML FILES READABLE IN XML FOLDER
----------------------------------------------------------------------


---------- Date: 2017-12-28 09:44:01 ~ IP : 83.175.70.69 ----------
REQUEST URI : /index.php?route=account/login
VQMod::_getMods - NO XML FILES READABLE IN XML FOLDER
----------------------------------------------------------------------


---------- Date: 2017-12-28 09:44:10 ~ IP : 83.175.70.69 ----------
REQUEST URI : /index.php?route=account/account
VQMod::_getMods - NO XML FILES READABLE IN XML FOLDER
----------------------------------------------------------------------


---------- Date: 2017-12-28 09:44:11 ~ IP : 83.175.70.69 ----------
REQUEST URI : /index.php?route=account/login
VQMod::_getMods - NO XML FILES READABLE IN XML FOLDER
----------------------------------------------------------------------


---------- Date: 2017-12-28 09:44:13 ~ IP : 83.175.70.69 ----------
REQUEST URI : /index.php?route=account/order
VQMod::_getMods - NO XML FILES READABLE IN XML FOLDER
----------------------------------------------------------------------


---------- Date: 2017-12-28 09:44:14 ~ IP : 83.175.70.69 ----------
REQUEST URI : /index.php?route=account/login
VQMod::_getMods - NO XML FILES READABLE IN XML FOLDER
----------------------------------------------------------------------


---------- Date: 2017-12-28 09:44:16 ~ IP : 83.175.70.69 ----------
REQUEST URI : /index.php?route=account/wishlist
VQMod::_getMods - NO XML FILES READABLE IN XML FOLDER
----------------------------------------------------------------------


---------- Date: 2017-12-28 09:44:16 ~ IP : 83.175.70.69 ----------
REQUEST URI : /index.php?route=account/login
VQMod::_getMods - NO XML FILES READABLE IN XML FOLDER
----------------------------------------------------------------------


---------- Date: 2017-12-28 09:44:19 ~ IP : 83.175.70.69 ----------
REQUEST URI : /index.php?route=account/newsletter
VQMod::_getMods - NO XML FILES READABLE IN XML FOLDER
----------------------------------------------------------------------


---------- Date: 2017-12-28 09:44:19 ~ IP : 83.175.70.69 ----------
REQUEST URI : /index.php?route=account/login
VQMod::_getMods - NO XML FILES READABLE IN XML FOLDER
----------------------------------------------------------------------


---------- Date: 2017-12-28 09:44:21 ~ IP : 83.175.70.69 ----------
REQUEST URI : /index.php?route=product/manufacturer
VQMod::_getMods - NO XML FILES READABLE IN XML FOLDER
----------------------------------------------------------------------


---------- Date: 2017-12-28 09:44:29 ~ IP : 83.175.70.69 ----------
REQUEST URI : /index.php?route=account/voucher
VQMod::_getMods - NO XML FILES READABLE IN XML FOLDER
----------------------------------------------------------------------


---------- Date: 2017-12-28 09:44:33 ~ IP : 83.175.70.69 ----------
REQUEST URI : /index.php?route=affiliate/account
VQMod::_getMods - NO XML FILES READABLE IN XML FOLDER
----------------------------------------------------------------------


---------- Date: 2017-12-28 09:44:33 ~ IP : 83.175.70.69 ----------
REQUEST URI : /index.php?route=affiliate/login
VQMod::_getMods - NO XML FILES READABLE IN XML FOLDER
----------------------------------------------------------------------


---------- Date: 2017-12-28 09:44:36 ~ IP : 83.175.70.69 ----------
REQUEST URI : /index.php?route=product/special
VQMod::_getMods - NO XML FILES READABLE IN XML FOLDER
----------------------------------------------------------------------


---------- Date: 2017-12-28 09:44:44 ~ IP : 83.175.70.69 ----------
REQUEST URI : /index.php?route=common/home
VQMod::_getMods - NO XML FILES READABLE IN XML FOLDER
----------------------------------------------------------------------


---------- Date: 2017-12-28 10:04:43 ~ IP : 83.175.70.69 ----------
REQUEST URI : /index.php?route=product/product&path=64&product_id=52
VQMod::_getMods - NO XML FILES READABLE IN XML FOLDER
----------------------------------------------------------------------


---------- Date: 2017-12-28 10:04:52 ~ IP : 83.175.70.69 ----------
REQUEST URI : /index.php?route=common/home
VQMod::_getMods - NO XML FILES READABLE IN XML FOLDER
----------------------------------------------------------------------


---------- Date: 2017-12-28 10:06:27 ~ IP : 83.175.70.69 ----------
REQUEST URI : /index.php?route=product/category&path=64
VQMod::_getMods - NO XML FILES READABLE IN XML FOLDER
----------------------------------------------------------------------


---------- Date: 2017-12-28 10:06:44 ~ IP : 83.175.70.69 ----------
REQUEST URI : /index.php?route=product/category&path=104
VQMod::_getMods - NO XML FILES READABLE IN XML FOLDER
----------------------------------------------------------------------


---------- Date: 2017-12-28 10:06:51 ~ IP : 83.175.70.69 ----------
REQUEST URI : /index.php?route=product/category&path=64
VQMod::_getMods - NO XML FILES READABLE IN XML FOLDER
----------------------------------------------------------------------


---------- Date: 2017-12-28 10:06:55 ~ IP : 83.175.70.69 ----------
REQUEST URI : /index.php?route=product/category&path=64_100
VQMod::_getMods - NO XML FILES READABLE IN XML FOLDER
----------------------------------------------------------------------


---------- Date: 2017-12-28 10:07:00 ~ IP : 83.175.70.69 ----------
REQUEST URI : /index.php?route=product/category&path=64_95
VQMod::_getMods - NO XML FILES READABLE IN XML FOLDER
----------------------------------------------------------------------


---------- Date: 2017-12-28 10:07:03 ~ IP : 78.55.66.213 ----------
REQUEST URI : /
VQMod::_getMods - NO XML FILES READABLE IN XML FOLDER
----------------------------------------------------------------------


---------- Date: 2017-12-28 10:07:32 ~ IP : 83.175.70.69 ----------
REQUEST URI : /index.php?route=product/category&path=109
VQMod::_getMods - NO XML FILES READABLE IN XML FOLDER
----------------------------------------------------------------------


---------- Date: 2017-12-28 10:07:38 ~ IP : 83.175.70.69 ----------
REQUEST URI : /index.php?route=product/category&path=104
VQMod::_getMods - NO XML FILES READABLE IN XML FOLDER
----------------------------------------------------------------------


---------- Date: 2017-12-28 10:07:41 ~ IP : 83.175.70.69 ----------
REQUEST URI : /index.php?route=product/category&path=69
VQMod::_getMods - NO XML FILES READABLE IN XML FOLDER
----------------------------------------------------------------------


---------- Date: 2017-12-28 10:08:50 ~ IP : 78.55.66.213 ----------
REQUEST URI : /
VQMod::_getMods - NO XML FILES READABLE IN XML FOLDER
----------------------------------------------------------------------


---------- Date: 2017-12-28 10:12:25 ~ IP : 78.55.66.213 ----------
REQUEST URI : /index.php?route=account/account
VQMod::_getMods - NO XML FILES READABLE IN XML FOLDER
----------------------------------------------------------------------


---------- Date: 2017-12-28 10:12:25 ~ IP : 78.55.66.213 ----------
REQUEST URI : /index.php?route=account/login
VQMod::_getMods - NO XML FILES READABLE IN XML FOLDER
----------------------------------------------------------------------


---------- Date: 2017-12-28 10:12:34 ~ IP : 78.55.66.213 ----------
REQUEST URI : /
VQMod::_getMods - NO XML FILES READABLE IN XML FOLDER
----------------------------------------------------------------------


---------- Date: 2017-12-28 10:17:58 ~ IP : 83.175.70.69 ----------
REQUEST URI : /index.php?route=common/home
VQMod::_getMods - NO XML FILES READABLE IN XML FOLDER
----------------------------------------------------------------------


---------- Date: 2017-12-28 10:25:16 ~ IP : 66.249.93.79 ----------
REQUEST URI : /
VQMod::_getMods - NO XML FILES READABLE IN XML FOLDER
----------------------------------------------------------------------


---------- Date: 2017-12-28 10:40:49 ~ IP : 95.91.246.72 ----------
REQUEST URI : /
VQMod::_getMods - NO XML FILES READABLE IN XML FOLDER
----------------------------------------------------------------------


---------- Date: 2017-12-28 10:41:27 ~ IP : 95.91.246.72 ----------
REQUEST URI : /?route=information/contact
VQMod::_getMods - NO XML FILES READABLE IN XML FOLDER
----------------------------------------------------------------------


---------- Date: 2017-12-28 10:55:51 ~ IP : 95.91.246.72 ----------
REQUEST URI : /index.php?route=product/category&path=69_117
VQMod::_getMods - NO XML FILES READABLE IN XML FOLDER
----------------------------------------------------------------------


---------- Date: 2017-12-28 10:56:15 ~ IP : 95.91.246.72 ----------
REQUEST URI : /index.php?route=product/category&path=109_113
VQMod::_getMods - NO XML FILES READABLE IN XML FOLDER
----------------------------------------------------------------------


---------- Date: 2017-12-28 10:56:21 ~ IP : 95.91.246.72 ----------
REQUEST URI : /index.php?route=product/product&path=109_113&product_id=94
VQMod::_getMods - NO XML FILES READABLE IN XML FOLDER
----------------------------------------------------------------------


---------- Date: 2017-12-28 10:56:22 ~ IP : 95.91.246.72 ----------
REQUEST URI : /index.php?route=product/product/review&product_id=94
VQMod::_getMods - NO XML FILES READABLE IN XML FOLDER
----------------------------------------------------------------------


---------- Date: 2017-12-28 10:56:34 ~ IP : 95.91.246.72 ----------
REQUEST URI : /index.php?route=product/category&path=64
VQMod::_getMods - NO XML FILES READABLE IN XML FOLDER
----------------------------------------------------------------------


---------- Date: 2017-12-28 10:56:38 ~ IP : 95.91.246.72 ----------
REQUEST URI : /index.php?route=product/product&path=64&product_id=73
VQMod::_getMods - NO XML FILES READABLE IN XML FOLDER
----------------------------------------------------------------------


---------- Date: 2017-12-28 10:56:39 ~ IP : 95.91.246.72 ----------
REQUEST URI : /index.php?route=product/product/review&product_id=73
VQMod::_getMods - NO XML FILES READABLE IN XML FOLDER
----------------------------------------------------------------------


---------- Date: 2017-12-28 11:00:54 ~ IP : 95.91.246.72 ----------
REQUEST URI : /index.php?route=product/category&path=69
VQMod::_getMods - NO XML FILES READABLE IN XML FOLDER
----------------------------------------------------------------------


---------- Date: 2017-12-28 11:01:29 ~ IP : 95.91.246.72 ----------
REQUEST URI : /index.php?route=product/category&path=109
VQMod::_getMods - NO XML FILES READABLE IN XML FOLDER
----------------------------------------------------------------------


---------- Date: 2017-12-28 11:01:33 ~ IP : 95.91.246.72 ----------
REQUEST URI : /index.php?route=product/product&path=109&product_id=94
VQMod::_getMods - NO XML FILES READABLE IN XML FOLDER
----------------------------------------------------------------------


---------- Date: 2017-12-28 11:01:34 ~ IP : 95.91.246.72 ----------
REQUEST URI : /index.php?route=product/product/review&product_id=94
VQMod::_getMods - NO XML FILES READABLE IN XML FOLDER
----------------------------------------------------------------------


---------- Date: 2017-12-28 11:03:01 ~ IP : 95.91.246.72 ----------
REQUEST URI : /index.php?route=product/category&path=104_106
VQMod::_getMods - NO XML FILES READABLE IN XML FOLDER
----------------------------------------------------------------------


---------- Date: 2017-12-28 11:03:04 ~ IP : 95.91.246.72 ----------
REQUEST URI : /index.php?route=product/product&path=104_106&product_id=75
VQMod::_getMods - NO XML FILES READABLE IN XML FOLDER
----------------------------------------------------------------------


---------- Date: 2017-12-28 11:03:05 ~ IP : 95.91.246.72 ----------
REQUEST URI : /index.php?route=product/product/review&product_id=75
VQMod::_getMods - NO XML FILES READABLE IN XML FOLDER
----------------------------------------------------------------------


---------- Date: 2017-12-28 11:04:13 ~ IP : 95.91.246.72 ----------
REQUEST URI : /index.php?route=product/category&path=69_119
VQMod::_getMods - NO XML FILES READABLE IN XML FOLDER
----------------------------------------------------------------------


---------- Date: 2017-12-28 11:04:34 ~ IP : 95.91.246.72 ----------
REQUEST URI : /index.php?route=product/category&path=104_107
VQMod::_getMods - NO XML FILES READABLE IN XML FOLDER
----------------------------------------------------------------------


---------- Date: 2017-12-28 11:04:51 ~ IP : 95.91.246.72 ----------
REQUEST URI : /index.php?route=common/home
VQMod::_getMods - NO XML FILES READABLE IN XML FOLDER
----------------------------------------------------------------------


---------- Date: 2017-12-28 11:06:07 ~ IP : 95.91.246.72 ----------
REQUEST URI : /index.php?route=common/home
VQMod::_getMods - NO XML FILES READABLE IN XML FOLDER
----------------------------------------------------------------------


---------- Date: 2017-12-28 11:06:13 ~ IP : 95.91.246.72 ----------
REQUEST URI : /index.php?route=product/category&path=64
VQMod::_getMods - NO XML FILES READABLE IN XML FOLDER
----------------------------------------------------------------------


---------- Date: 2017-12-28 11:13:15 ~ IP : 95.91.246.72 ----------
REQUEST URI : /index.php?route=product/product&path=64&product_id=91
VQMod::_getMods - NO XML FILES READABLE IN XML FOLDER
----------------------------------------------------------------------


---------- Date: 2017-12-28 11:13:16 ~ IP : 95.91.246.72 ----------
REQUEST URI : /index.php?route=product/product/review&product_id=91
VQMod::_getMods - NO XML FILES READABLE IN XML FOLDER
----------------------------------------------------------------------


---------- Date: 2017-12-28 11:20:50 ~ IP : 95.91.246.72 ----------
REQUEST URI : /index.php?route=checkout/cart/add
VQMod::_getMods - NO XML FILES READABLE IN XML FOLDER
----------------------------------------------------------------------


---------- Date: 2017-12-28 11:20:50 ~ IP : 95.91.246.72 ----------
REQUEST URI : /index.php?route=common/cart/info
VQMod::_getMods - NO XML FILES READABLE IN XML FOLDER
----------------------------------------------------------------------


---------- Date: 2017-12-28 11:21:11 ~ IP : 95.91.246.72 ----------
REQUEST URI : /index.php?route=checkout/cart
VQMod::_getMods - NO XML FILES READABLE IN XML FOLDER
----------------------------------------------------------------------


---------- Date: 2017-12-28 11:21:11 ~ IP : 95.91.246.72 ----------
REQUEST URI : /index.php?route=total/shipping/country&country_id=14
VQMod::_getMods - NO XML FILES READABLE IN XML FOLDER
----------------------------------------------------------------------


---------- Date: 2017-12-28 11:21:15 ~ IP : 95.91.246.72 ----------
REQUEST URI : /index.php?route=checkout/checkout
VQMod::_getMods - NO XML FILES READABLE IN XML FOLDER
----------------------------------------------------------------------


---------- Date: 2017-12-28 11:21:15 ~ IP : 95.91.246.72 ----------
REQUEST URI : /index.php?route=checkout/login
VQMod::_getMods - NO XML FILES READABLE IN XML FOLDER
----------------------------------------------------------------------


---------- Date: 2017-12-28 11:21:33 ~ IP : 95.91.246.72 ----------
REQUEST URI : /index.php?route=checkout/guest
VQMod::_getMods - NO XML FILES READABLE IN XML FOLDER
----------------------------------------------------------------------


---------- Date: 2017-12-28 11:21:33 ~ IP : 95.91.246.72 ----------
REQUEST URI : /index.php?route=checkout/checkout/customfield&customer_group_id=1
VQMod::_getMods - NO XML FILES READABLE IN XML FOLDER
----------------------------------------------------------------------


---------- Date: 2017-12-28 11:21:35 ~ IP : 95.91.246.72 ----------
REQUEST URI : /index.php?route=checkout/checkout/country&country_id=14
VQMod::_getMods - NO XML FILES READABLE IN XML FOLDER
----------------------------------------------------------------------


---------- Date: 2017-12-28 11:22:21 ~ IP : 95.91.246.72 ----------
REQUEST URI : /index.php?route=checkout/checkout/country&country_id=81
VQMod::_getMods - NO XML FILES READABLE IN XML FOLDER
----------------------------------------------------------------------


---------- Date: 2017-12-28 11:22:31 ~ IP : 95.91.246.72 ----------
REQUEST URI : /index.php?route=checkout/guest/save
VQMod::_getMods - NO XML FILES READABLE IN XML FOLDER
----------------------------------------------------------------------


---------- Date: 2017-12-28 11:22:31 ~ IP : 95.91.246.72 ----------
REQUEST URI : /index.php?route=checkout/shipping_method
VQMod::_getMods - NO XML FILES READABLE IN XML FOLDER
----------------------------------------------------------------------


---------- Date: 2017-12-28 11:22:32 ~ IP : 95.91.246.72 ----------
REQUEST URI : /index.php?route=checkout/guest_shipping
VQMod::_getMods - NO XML FILES READABLE IN XML FOLDER
----------------------------------------------------------------------


---------- Date: 2017-12-28 11:22:32 ~ IP : 95.91.246.72 ----------
REQUEST URI : /index.php?route=checkout/checkout/country&country_id=81
VQMod::_getMods - NO XML FILES READABLE IN XML FOLDER
----------------------------------------------------------------------


---------- Date: 2017-12-28 11:22:35 ~ IP : 95.91.246.72 ----------
REQUEST URI : /index.php?route=checkout/shipping_method/save
VQMod::_getMods - NO XML FILES READABLE IN XML FOLDER
----------------------------------------------------------------------


---------- Date: 2017-12-28 11:22:35 ~ IP : 95.91.246.72 ----------
REQUEST URI : /index.php?route=checkout/payment_method
VQMod::_getMods - NO XML FILES READABLE IN XML FOLDER
----------------------------------------------------------------------


---------- Date: 2017-12-28 11:22:43 ~ IP : 95.91.246.72 ----------
REQUEST URI : /index.php?route=checkout/payment_method/save
VQMod::_getMods - NO XML FILES READABLE IN XML FOLDER
----------------------------------------------------------------------


---------- Date: 2017-12-28 11:22:43 ~ IP : 95.91.246.72 ----------
REQUEST URI : /index.php?route=checkout/confirm
VQMod::_getMods - NO XML FILES READABLE IN XML FOLDER
----------------------------------------------------------------------


---------- Date: 2017-12-28 11:22:53 ~ IP : 95.91.246.72 ----------
REQUEST URI : /index.php?route=checkout/cart
VQMod::_getMods - NO XML FILES READABLE IN XML FOLDER
----------------------------------------------------------------------


---------- Date: 2017-12-28 11:22:53 ~ IP : 95.91.246.72 ----------
REQUEST URI : /index.php?route=total/shipping/country&country_id=81
VQMod::_getMods - NO XML FILES READABLE IN XML FOLDER
----------------------------------------------------------------------


---------- Date: 2017-12-28 11:22:55 ~ IP : 95.91.246.72 ----------
REQUEST URI : /index.php?route=checkout/cart/remove
VQMod::_getMods - NO XML FILES READABLE IN XML FOLDER
----------------------------------------------------------------------


---------- Date: 2017-12-28 11:22:55 ~ IP : 95.91.246.72 ----------
REQUEST URI : /index.php?route=checkout/cart
VQMod::_getMods - NO XML FILES READABLE IN XML FOLDER
----------------------------------------------------------------------


---------- Date: 2017-12-28 11:52:21 ~ IP : 83.175.70.69 ----------
REQUEST URI : /index.php?route=common/home
VQMod::_getMods - NO XML FILES READABLE IN XML FOLDER
----------------------------------------------------------------------


---------- Date: 2017-12-28 11:52:29 ~ IP : 83.175.70.69 ----------
REQUEST URI : /index.php?route=common/home
VQMod::_getMods - NO XML FILES READABLE IN XML FOLDER
----------------------------------------------------------------------


---------- Date: 2017-12-28 11:55:04 ~ IP : 89.204.139.201 ----------
REQUEST URI : /
VQMod::_getMods - NO XML FILES READABLE IN XML FOLDER
----------------------------------------------------------------------


---------- Date: 2017-12-28 11:55:05 ~ IP : 89.204.139.201 ----------
REQUEST URI : /
VQMod::_getMods - NO XML FILES READABLE IN XML FOLDER
----------------------------------------------------------------------


---------- Date: 2017-12-28 11:55:18 ~ IP : 89.204.139.201 ----------
REQUEST URI : /index.php?route=product/category&path=64
VQMod::_getMods - NO XML FILES READABLE IN XML FOLDER
----------------------------------------------------------------------


---------- Date: 2017-12-28 11:55:25 ~ IP : 89.204.139.201 ----------
REQUEST URI : /index.php?route=information/contact
VQMod::_getMods - NO XML FILES READABLE IN XML FOLDER
----------------------------------------------------------------------


---------- Date: 2017-12-28 11:55:38 ~ IP : 89.204.139.201 ----------
REQUEST URI : /index.php?route=account/voucher
VQMod::_getMods - NO XML FILES READABLE IN XML FOLDER
----------------------------------------------------------------------


---------- Date: 2017-12-28 11:59:30 ~ IP : 89.204.139.201 ----------
REQUEST URI : /index.php?route=product/manufacturer
VQMod::_getMods - NO XML FILES READABLE IN XML FOLDER
----------------------------------------------------------------------


---------- Date: 2017-12-28 11:59:41 ~ IP : 89.204.139.201 ----------
REQUEST URI : /index.php?route=account/return/add
VQMod::_getMods - NO XML FILES READABLE IN XML FOLDER
----------------------------------------------------------------------


---------- Date: 2017-12-28 11:59:51 ~ IP : 89.204.139.201 ----------
REQUEST URI : /index.php?route=information/sitemap
VQMod::_getMods - NO XML FILES READABLE IN XML FOLDER
----------------------------------------------------------------------


---------- Date: 2017-12-28 12:10:06 ~ IP : 89.204.139.201 ----------
REQUEST URI : /index.php?route=information/sitemap
VQMod::_getMods - NO XML FILES READABLE IN XML FOLDER
----------------------------------------------------------------------


---------- Date: 2017-12-28 13:06:58 ~ IP : 5.9.106.81 ----------
REQUEST URI : /
VQMod::_getMods - NO XML FILES READABLE IN XML FOLDER
----------------------------------------------------------------------


---------- Date: 2017-12-28 13:07:27 ~ IP : 5.9.106.81 ----------
REQUEST URI : /index.php?route=account/wishlist
VQMod::_getMods - NO XML FILES READABLE IN XML FOLDER
----------------------------------------------------------------------


---------- Date: 2017-12-28 13:07:27 ~ IP : 5.9.106.81 ----------
REQUEST URI : /index.php?route=account/newsletter
VQMod::_getMods - NO XML FILES READABLE IN XML FOLDER
----------------------------------------------------------------------


---------- Date: 2017-12-28 13:07:27 ~ IP : 5.9.106.81 ----------
REQUEST URI : /index.php?route=account/order
VQMod::_getMods - NO XML FILES READABLE IN XML FOLDER
----------------------------------------------------------------------


---------- Date: 2017-12-28 13:07:27 ~ IP : 5.9.106.81 ----------
REQUEST URI : /index.php?route=affiliate/account
VQMod::_getMods - NO XML FILES READABLE IN XML FOLDER
----------------------------------------------------------------------


---------- Date: 2017-12-28 13:07:28 ~ IP : 5.9.106.81 ----------
REQUEST URI : /index.php?route=checkout/checkout
VQMod::_getMods - NO XML FILES READABLE IN XML FOLDER
----------------------------------------------------------------------


---------- Date: 2017-12-28 13:07:28 ~ IP : 5.9.106.81 ----------
REQUEST URI : /index.php?route=account/account
VQMod::_getMods - NO XML FILES READABLE IN XML FOLDER
----------------------------------------------------------------------


---------- Date: 2017-12-28 13:07:29 ~ IP : 5.9.106.81 ----------
REQUEST URI : /index.php?route=checkout/cart
VQMod::_getMods - NO XML FILES READABLE IN XML FOLDER
----------------------------------------------------------------------


---------- Date: 2017-12-28 13:07:29 ~ IP : 5.9.106.81 ----------
REQUEST URI : /index.php?route=account/voucher
VQMod::_getMods - NO XML FILES READABLE IN XML FOLDER
----------------------------------------------------------------------


---------- Date: 2017-12-28 13:07:29 ~ IP : 5.9.106.81 ----------
REQUEST URI : /index.php?route=information/information&information_id=4
VQMod::_getMods - NO XML FILES READABLE IN XML FOLDER
----------------------------------------------------------------------


---------- Date: 2017-12-28 13:07:29 ~ IP : 5.9.106.81 ----------
REQUEST URI : /index.php?route=product/special
VQMod::_getMods - NO XML FILES READABLE IN XML FOLDER
----------------------------------------------------------------------


---------- Date: 2017-12-28 13:07:29 ~ IP : 5.9.106.81 ----------
REQUEST URI : /index.php?route=product/category&path=95_97
VQMod::_getMods - NO XML FILES READABLE IN XML FOLDER
----------------------------------------------------------------------


---------- Date: 2017-12-28 13:07:29 ~ IP : 5.9.106.81 ----------
REQUEST URI : /index.php?route=account/login
VQMod::_getMods - NO XML FILES READABLE IN XML FOLDER
----------------------------------------------------------------------


---------- Date: 2017-12-28 13:07:30 ~ IP : 5.9.106.81 ----------
REQUEST URI : /index.php?route=account/login
VQMod::_getMods - NO XML FILES READABLE IN XML FOLDER
----------------------------------------------------------------------


---------- Date: 2017-12-28 13:07:30 ~ IP : 5.9.106.81 ----------
REQUEST URI : /index.php?route=information/information&information_id=3
VQMod::_getMods - NO XML FILES READABLE IN XML FOLDER
----------------------------------------------------------------------


---------- Date: 2017-12-28 13:07:30 ~ IP : 5.9.106.81 ----------
REQUEST URI : /index.php?route=account/register
VQMod::_getMods - NO XML FILES READABLE IN XML FOLDER
----------------------------------------------------------------------


---------- Date: 2017-12-28 13:07:30 ~ IP : 5.9.106.81 ----------
REQUEST URI : /index.php?route=account/return/add
VQMod::_getMods - NO XML FILES READABLE IN XML FOLDER
----------------------------------------------------------------------


---------- Date: 2017-12-28 13:07:30 ~ IP : 5.9.106.81 ----------
REQUEST URI : /index.php?route=information/sitemap
VQMod::_getMods - NO XML FILES READABLE IN XML FOLDER
----------------------------------------------------------------------


---------- Date: 2017-12-28 13:07:30 ~ IP : 5.9.106.81 ----------
REQUEST URI : /index.php?route=product/manufacturer
VQMod::_getMods - NO XML FILES READABLE IN XML FOLDER
----------------------------------------------------------------------


---------- Date: 2017-12-28 13:07:30 ~ IP : 5.9.106.81 ----------
REQUEST URI : /index.php?route=product/category&path=95_98
VQMod::_getMods - NO XML FILES READABLE IN XML FOLDER
----------------------------------------------------------------------


---------- Date: 2017-12-28 13:07:30 ~ IP : 5.9.106.81 ----------
REQUEST URI : /index.php?route=product/category&path=64
VQMod::_getMods - NO XML FILES READABLE IN XML FOLDER
----------------------------------------------------------------------


---------- Date: 2017-12-28 13:07:30 ~ IP : 5.9.106.81 ----------
REQUEST URI : /index.php?route=product/category&path=95_66
VQMod::_getMods - NO XML FILES READABLE IN XML FOLDER
----------------------------------------------------------------------


---------- Date: 2017-12-28 13:07:30 ~ IP : 5.9.106.81 ----------
REQUEST URI : /index.php?route=checkout/cart
VQMod::_getMods - NO XML FILES READABLE IN XML FOLDER
----------------------------------------------------------------------


---------- Date: 2017-12-28 13:07:31 ~ IP : 5.9.106.81 ----------
REQUEST URI : /index.php?route=account/login
VQMod::_getMods - NO XML FILES READABLE IN XML FOLDER
----------------------------------------------------------------------


---------- Date: 2017-12-28 13:07:31 ~ IP : 5.9.106.81 ----------
REQUEST URI : /index.php?route=common/home
VQMod::_getMods - NO XML FILES READABLE IN XML FOLDER
----------------------------------------------------------------------


---------- Date: 2017-12-28 13:07:31 ~ IP : 5.9.106.81 ----------
REQUEST URI : /index.php?route=account/login
VQMod::_getMods - NO XML FILES READABLE IN XML FOLDER
----------------------------------------------------------------------


---------- Date: 2017-12-28 13:07:31 ~ IP : 5.9.106.81 ----------
REQUEST URI : /index.php?route=affiliate/login
VQMod::_getMods - NO XML FILES READABLE IN XML FOLDER
----------------------------------------------------------------------


---------- Date: 2017-12-28 13:07:31 ~ IP : 5.9.106.81 ----------
REQUEST URI : /index.php?route=account/login
VQMod::_getMods - NO XML FILES READABLE IN XML FOLDER
----------------------------------------------------------------------


---------- Date: 2017-12-28 13:07:31 ~ IP : 5.9.106.81 ----------
REQUEST URI : /?route=common/home
VQMod::_getMods - NO XML FILES READABLE IN XML FOLDER
----------------------------------------------------------------------


---------- Date: 2017-12-28 13:07:32 ~ IP : 5.9.106.81 ----------
REQUEST URI : /index.php?route=information/contact
VQMod::_getMods - NO XML FILES READABLE IN XML FOLDER
----------------------------------------------------------------------


---------- Date: 2017-12-28 13:07:32 ~ IP : 5.9.106.81 ----------
REQUEST URI : /?route=information/contact
VQMod::_getMods - NO XML FILES READABLE IN XML FOLDER
----------------------------------------------------------------------


---------- Date: 2017-12-28 13:07:32 ~ IP : 5.9.106.81 ----------
REQUEST URI : /index.php?route=information/information&information_id=7
VQMod::_getMods - NO XML FILES READABLE IN XML FOLDER
----------------------------------------------------------------------


---------- Date: 2017-12-28 13:08:14 ~ IP : 8.21.198.106 ----------
REQUEST URI : /index.php?route=product/product&product_id=91
VQMod::_getMods - NO XML FILES READABLE IN XML FOLDER
----------------------------------------------------------------------


---------- Date: 2017-12-28 13:13:56 ~ IP : 83.175.70.69 ----------
REQUEST URI : /index.php?route=common/home
VQMod::_getMods - NO XML FILES READABLE IN XML FOLDER
----------------------------------------------------------------------


---------- Date: 2017-12-28 13:14:01 ~ IP : 83.175.70.69 ----------
REQUEST URI : /index.php?route=common/home
VQMod::_getMods - NO XML FILES READABLE IN XML FOLDER
----------------------------------------------------------------------


---------- Date: 2017-12-28 13:14:14 ~ IP : 83.175.70.69 ----------
REQUEST URI : /index.php?route=common/home
VQMod::_getMods - NO XML FILES READABLE IN XML FOLDER
----------------------------------------------------------------------


---------- Date: 2017-12-28 13:20:10 ~ IP : 83.175.70.69 ----------
REQUEST URI : /index.php?route=common/home
VQMod::_getMods - NO XML FILES READABLE IN XML FOLDER
----------------------------------------------------------------------


---------- Date: 2017-12-28 14:44:04 ~ IP : 121.227.120.145 ----------
REQUEST URI : /index.php?route=product/search
VQMod::_getMods - NO XML FILES READABLE IN XML FOLDER
----------------------------------------------------------------------


---------- Date: 2017-12-28 14:44:11 ~ IP : 121.227.120.145 ----------
REQUEST URI : /index.php?route=product/search&search=2017%20knee%20length%20cocktail
VQMod::_getMods - NO XML FILES READABLE IN XML FOLDER
----------------------------------------------------------------------


---------- Date: 2017-12-28 14:48:18 ~ IP : 89.204.139.190 ----------
REQUEST URI : /
VQMod::_getMods - NO XML FILES READABLE IN XML FOLDER
----------------------------------------------------------------------


---------- Date: 2017-12-28 14:55:40 ~ IP : 121.227.120.145 ----------
REQUEST URI : /
VQMod::_getMods - NO XML FILES READABLE IN XML FOLDER
----------------------------------------------------------------------


---------- Date: 2017-12-28 16:50:57 ~ IP : 13.56.229.65 ----------
REQUEST URI : /
VQMod::_getMods - NO XML FILES READABLE IN XML FOLDER
----------------------------------------------------------------------


---------- Date: 2017-12-28 17:41:16 ~ IP : 83.175.70.69 ----------
REQUEST URI : /?route=common/home
VQMod::_getMods - NO XML FILES READABLE IN XML FOLDER
----------------------------------------------------------------------


---------- Date: 2017-12-28 17:41:33 ~ IP : 83.175.70.69 ----------
REQUEST URI : /?route=common/home
VQMod::_getMods - NO XML FILES READABLE IN XML FOLDER
----------------------------------------------------------------------


---------- Date: 2017-12-28 18:20:36 ~ IP : 95.91.246.31 ----------
REQUEST URI : /index.php?route=account/order
VQMod::_getMods - NO XML FILES READABLE IN XML FOLDER
----------------------------------------------------------------------


---------- Date: 2017-12-28 18:20:36 ~ IP : 95.91.246.31 ----------
REQUEST URI : /index.php?route=account/login
VQMod::_getMods - NO XML FILES READABLE IN XML FOLDER
----------------------------------------------------------------------


---------- Date: 2017-12-28 18:20:41 ~ IP : 95.91.246.31 ----------
REQUEST URI : /index.php?route=checkout/cart
VQMod::_getMods - NO XML FILES READABLE IN XML FOLDER
----------------------------------------------------------------------


---------- Date: 2017-12-28 18:20:44 ~ IP : 95.91.246.31 ----------
REQUEST URI : /index.php?route=information/information&information_id=4
VQMod::_getMods - NO XML FILES READABLE IN XML FOLDER
----------------------------------------------------------------------


---------- Date: 2017-12-28 18:20:52 ~ IP : 95.91.246.31 ----------
REQUEST URI : /index.php?route=information/information&information_id=4
VQMod::_getMods - NO XML FILES READABLE IN XML FOLDER
----------------------------------------------------------------------


---------- Date: 2017-12-28 18:23:42 ~ IP : 83.175.70.69 ----------
REQUEST URI : /index.php?route=common/home
VQMod::_getMods - NO XML FILES READABLE IN XML FOLDER
----------------------------------------------------------------------


---------- Date: 2017-12-28 18:23:49 ~ IP : 83.175.70.69 ----------
REQUEST URI : /index.php?route=common/home
VQMod::_getMods - NO XML FILES READABLE IN XML FOLDER
----------------------------------------------------------------------


---------- Date: 2017-12-28 18:44:59 ~ IP : 83.175.70.69 ----------
REQUEST URI : /index.php?route=product/category&path=109
VQMod::_getMods - NO XML FILES READABLE IN XML FOLDER
----------------------------------------------------------------------


---------- Date: 2017-12-28 18:45:10 ~ IP : 83.175.70.69 ----------
REQUEST URI : /index.php?route=product/product&path=109&product_id=96
VQMod::_getMods - NO XML FILES READABLE IN XML FOLDER
----------------------------------------------------------------------


---------- Date: 2017-12-28 18:45:11 ~ IP : 83.175.70.69 ----------
REQUEST URI : /index.php?route=product/product/review&product_id=96
VQMod::_getMods - NO XML FILES READABLE IN XML FOLDER
----------------------------------------------------------------------


---------- Date: 2017-12-28 18:47:36 ~ IP : 83.175.70.69 ----------
REQUEST URI : /index.php?route=product/category&path=109
VQMod::_getMods - NO XML FILES READABLE IN XML FOLDER
----------------------------------------------------------------------


---------- Date: 2017-12-28 18:47:40 ~ IP : 83.175.70.69 ----------
REQUEST URI : /index.php?route=product/product&path=109&product_id=94
VQMod::_getMods - NO XML FILES READABLE IN XML FOLDER
----------------------------------------------------------------------


---------- Date: 2017-12-28 18:47:41 ~ IP : 83.175.70.69 ----------
REQUEST URI : /index.php?route=product/product/review&product_id=94
VQMod::_getMods - NO XML FILES READABLE IN XML FOLDER
----------------------------------------------------------------------


---------- Date: 2017-12-28 18:47:55 ~ IP : 83.175.70.69 ----------
REQUEST URI : /index.php?route=product/category&path=69
VQMod::_getMods - NO XML FILES READABLE IN XML FOLDER
----------------------------------------------------------------------


---------- Date: 2017-12-28 18:59:45 ~ IP : 83.175.70.69 ----------
REQUEST URI : /index.php?route=product/product&path=69&product_id=82
VQMod::_getMods - NO XML FILES READABLE IN XML FOLDER
----------------------------------------------------------------------


---------- Date: 2017-12-28 18:59:48 ~ IP : 83.175.70.69 ----------
REQUEST URI : /index.php?route=product/product/review&product_id=82
VQMod::_getMods - NO XML FILES READABLE IN XML FOLDER
----------------------------------------------------------------------


---------- Date: 2017-12-28 19:54:08 ~ IP : 66.249.66.92 ----------
REQUEST URI : /
VQMod::_getMods - NO XML FILES READABLE IN XML FOLDER
----------------------------------------------------------------------


---------- Date: 2017-12-28 20:15:34 ~ IP : 95.91.246.31 ----------
REQUEST URI : /index.php?route=common/home
VQMod::_getMods - NO XML FILES READABLE IN XML FOLDER
----------------------------------------------------------------------


---------- Date: 2017-12-28 20:15:55 ~ IP : 95.91.246.31 ----------
REQUEST URI : /index.php?route=product/category&path=64
VQMod::_getMods - NO XML FILES READABLE IN XML FOLDER
----------------------------------------------------------------------


---------- Date: 2017-12-28 20:16:03 ~ IP : 95.91.246.31 ----------
REQUEST URI : /index.php?route=product/manufacturer
VQMod::_getMods - NO XML FILES READABLE IN XML FOLDER
----------------------------------------------------------------------


---------- Date: 2017-12-28 20:16:10 ~ IP : 95.91.246.31 ----------
REQUEST URI : /index.php?route=product/manufacturer/info&manufacturer_id=8
VQMod::_getMods - NO XML FILES READABLE IN XML FOLDER
----------------------------------------------------------------------


---------- Date: 2017-12-28 20:16:15 ~ IP : 95.91.246.31 ----------
REQUEST URI : /index.php?route=product/manufacturer
VQMod::_getMods - NO XML FILES READABLE IN XML FOLDER
----------------------------------------------------------------------


---------- Date: 2017-12-28 20:16:17 ~ IP : 95.91.246.31 ----------
REQUEST URI : /index.php?route=product/manufacturer/info&manufacturer_id=9
VQMod::_getMods - NO XML FILES READABLE IN XML FOLDER
----------------------------------------------------------------------


---------- Date: 2017-12-28 20:16:20 ~ IP : 95.91.246.31 ----------
REQUEST URI : /index.php?route=product/manufacturer
VQMod::_getMods - NO XML FILES READABLE IN XML FOLDER
----------------------------------------------------------------------


---------- Date: 2017-12-28 20:16:54 ~ IP : 95.91.246.31 ----------
REQUEST URI : /index.php?route=product/category&path=64
VQMod::_getMods - NO XML FILES READABLE IN XML FOLDER
----------------------------------------------------------------------


---------- Date: 2017-12-28 20:16:56 ~ IP : 95.91.246.31 ----------
REQUEST URI : /index.php?route=account/voucher
VQMod::_getMods - NO XML FILES READABLE IN XML FOLDER
----------------------------------------------------------------------


---------- Date: 2017-12-28 20:16:59 ~ IP : 95.91.246.31 ----------
REQUEST URI : /index.php?route=product/category&path=64
VQMod::_getMods - NO XML FILES READABLE IN XML FOLDER
----------------------------------------------------------------------


---------- Date: 2017-12-28 20:17:01 ~ IP : 95.91.246.31 ----------
REQUEST URI : /index.php?route=affiliate/account
VQMod::_getMods - NO XML FILES READABLE IN XML FOLDER
----------------------------------------------------------------------


---------- Date: 2017-12-28 20:17:02 ~ IP : 95.91.246.31 ----------
REQUEST URI : /index.php?route=affiliate/login
VQMod::_getMods - NO XML FILES READABLE IN XML FOLDER
----------------------------------------------------------------------


---------- Date: 2017-12-28 20:17:32 ~ IP : 95.91.246.31 ----------
REQUEST URI : /index.php?route=product/special
VQMod::_getMods - NO XML FILES READABLE IN XML FOLDER
----------------------------------------------------------------------


---------- Date: 2017-12-28 20:17:36 ~ IP : 95.91.246.31 ----------
REQUEST URI : /index.php?route=account/account
VQMod::_getMods - NO XML FILES READABLE IN XML FOLDER
----------------------------------------------------------------------


---------- Date: 2017-12-28 20:17:36 ~ IP : 95.91.246.31 ----------
REQUEST URI : /index.php?route=account/login
VQMod::_getMods - NO XML FILES READABLE IN XML FOLDER
----------------------------------------------------------------------


---------- Date: 2017-12-28 20:17:39 ~ IP : 95.91.246.31 ----------
REQUEST URI : /index.php?route=account/order
VQMod::_getMods - NO XML FILES READABLE IN XML FOLDER
----------------------------------------------------------------------


---------- Date: 2017-12-28 20:17:39 ~ IP : 95.91.246.31 ----------
REQUEST URI : /index.php?route=account/login
VQMod::_getMods - NO XML FILES READABLE IN XML FOLDER
----------------------------------------------------------------------


---------- Date: 2017-12-28 20:17:42 ~ IP : 95.91.246.31 ----------
REQUEST URI : /index.php?route=account/wishlist
VQMod::_getMods - NO XML FILES READABLE IN XML FOLDER
----------------------------------------------------------------------


---------- Date: 2017-12-28 20:17:43 ~ IP : 95.91.246.31 ----------
REQUEST URI : /index.php?route=account/login
VQMod::_getMods - NO XML FILES READABLE IN XML FOLDER
----------------------------------------------------------------------


---------- Date: 2017-12-28 20:17:47 ~ IP : 95.91.246.31 ----------
REQUEST URI : /index.php?route=account/newsletter
VQMod::_getMods - NO XML FILES READABLE IN XML FOLDER
----------------------------------------------------------------------


---------- Date: 2017-12-28 20:17:48 ~ IP : 95.91.246.31 ----------
REQUEST URI : /index.php?route=account/login
VQMod::_getMods - NO XML FILES READABLE IN XML FOLDER
----------------------------------------------------------------------


---------- Date: 2017-12-28 20:17:51 ~ IP : 95.91.246.31 ----------
REQUEST URI : /index.php?route=information/information&information_id=4
VQMod::_getMods - NO XML FILES READABLE IN XML FOLDER
----------------------------------------------------------------------


---------- Date: 2017-12-28 20:18:33 ~ IP : 95.91.246.31 ----------
REQUEST URI : /index.php?route=information/information&information_id=3
VQMod::_getMods - NO XML FILES READABLE IN XML FOLDER
----------------------------------------------------------------------


---------- Date: 2017-12-28 20:18:37 ~ IP : 95.91.246.31 ----------
REQUEST URI : /index.php?route=information/information&information_id=7
VQMod::_getMods - NO XML FILES READABLE IN XML FOLDER
----------------------------------------------------------------------


---------- Date: 2017-12-28 20:19:43 ~ IP : 95.91.246.31 ----------
REQUEST URI : /index.php?route=information/information&information_id=4
VQMod::_getMods - NO XML FILES READABLE IN XML FOLDER
----------------------------------------------------------------------


---------- Date: 2017-12-28 20:20:07 ~ IP : 95.91.246.31 ----------
REQUEST URI : /index.php?route=information/contact
VQMod::_getMods - NO XML FILES READABLE IN XML FOLDER
----------------------------------------------------------------------


---------- Date: 2017-12-28 20:20:14 ~ IP : 95.91.246.31 ----------
REQUEST URI : /index.php?route=account/return/add
VQMod::_getMods - NO XML FILES READABLE IN XML FOLDER
----------------------------------------------------------------------


---------- Date: 2017-12-28 20:20:24 ~ IP : 95.91.246.31 ----------
REQUEST URI : /index.php?route=information/sitemap
VQMod::_getMods - NO XML FILES READABLE IN XML FOLDER
----------------------------------------------------------------------


---------- Date: 2017-12-28 20:29:52 ~ IP : 95.91.246.31 ----------
REQUEST URI : /index.php?route=common/home
VQMod::_getMods - NO XML FILES READABLE IN XML FOLDER
----------------------------------------------------------------------


---------- Date: 2017-12-28 20:30:14 ~ IP : 95.91.246.31 ----------
REQUEST URI : /index.php?route=information/contact
VQMod::_getMods - NO XML FILES READABLE IN XML FOLDER
----------------------------------------------------------------------


---------- Date: 2017-12-28 20:39:28 ~ IP : 95.91.246.31 ----------
REQUEST URI : /
VQMod::_getMods - NO XML FILES READABLE IN XML FOLDER
----------------------------------------------------------------------


---------- Date: 2017-12-28 20:42:50 ~ IP : 95.91.246.31 ----------
REQUEST URI : /
VQMod::_getMods - NO XML FILES READABLE IN XML FOLDER
----------------------------------------------------------------------


---------- Date: 2017-12-28 21:51:29 ~ IP : 180.106.123.166 ----------
REQUEST URI : /
VQMod::_getMods - NO XML FILES READABLE IN XML FOLDER
----------------------------------------------------------------------


---------- Date: 2017-12-28 21:51:39 ~ IP : 180.106.123.166 ----------
REQUEST URI : /index.php?route=product/category&path=64
VQMod::_getMods - NO XML FILES READABLE IN XML FOLDER
----------------------------------------------------------------------


---------- Date: 2017-12-28 21:51:48 ~ IP : 180.106.123.166 ----------
REQUEST URI : /index.php?route=product/product&path=64&product_id=88
VQMod::_getMods - NO XML FILES READABLE IN XML FOLDER
----------------------------------------------------------------------


---------- Date: 2017-12-28 21:52:03 ~ IP : 106.120.161.68 ----------
REQUEST URI : /index.php?route=product/category&path=64
VQMod::_getMods - NO XML FILES READABLE IN XML FOLDER
----------------------------------------------------------------------


---------- Date: 2017-12-28 21:52:09 ~ IP : 106.120.160.109 ----------
REQUEST URI : /index.php?route=product/category&path=64
VQMod::_getMods - NO XML FILES READABLE IN XML FOLDER
----------------------------------------------------------------------


---------- Date: 2017-12-28 21:52:10 ~ IP : 180.106.123.166 ----------
REQUEST URI : /index.php?route=product/category&path=104_105
VQMod::_getMods - NO XML FILES READABLE IN XML FOLDER
----------------------------------------------------------------------


---------- Date: 2017-12-28 21:52:12 ~ IP : 180.106.123.166 ----------
REQUEST URI : /index.php?route=product/product&path=104_105&product_id=77
VQMod::_getMods - NO XML FILES READABLE IN XML FOLDER
----------------------------------------------------------------------


---------- Date: 2017-12-28 21:52:14 ~ IP : 106.120.160.109 ----------
REQUEST URI : /index.php?route=product/product&path=64&product_id=88
VQMod::_getMods - NO XML FILES READABLE IN XML FOLDER
----------------------------------------------------------------------


---------- Date: 2017-12-28 21:52:17 ~ IP : 106.120.161.68 ----------
REQUEST URI : /index.php?route=product/product&path=64&product_id=88
VQMod::_getMods - NO XML FILES READABLE IN XML FOLDER
----------------------------------------------------------------------


---------- Date: 2017-12-28 21:52:21 ~ IP : 220.181.132.200 ----------
REQUEST URI : /index.php?route=product/category&path=64
VQMod::_getMods - NO XML FILES READABLE IN XML FOLDER
----------------------------------------------------------------------


---------- Date: 2017-12-28 21:52:30 ~ IP : 220.181.132.193 ----------
REQUEST URI : /index.php?route=product/product&path=64&product_id=88
VQMod::_getMods - NO XML FILES READABLE IN XML FOLDER
----------------------------------------------------------------------


---------- Date: 2017-12-28 21:52:31 ~ IP : 101.199.108.118 ----------
REQUEST URI : /index.php?route=product/product&path=64&product_id=88
VQMod::_getMods - NO XML FILES READABLE IN XML FOLDER
----------------------------------------------------------------------


---------- Date: 2017-12-28 21:52:35 ~ IP : 180.106.123.166 ----------
REQUEST URI : /index.php?route=product/product/review&product_id=77
VQMod::_getMods - NO XML FILES READABLE IN XML FOLDER
----------------------------------------------------------------------


---------- Date: 2017-12-28 21:53:19 ~ IP : 101.199.112.53 ----------
REQUEST URI : /index.php?route=product/category&path=64
VQMod::_getMods - NO XML FILES READABLE IN XML FOLDER
----------------------------------------------------------------------


---------- Date: 2017-12-28 22:09:40 ~ IP : 138.246.253.19 ----------
REQUEST URI : /
VQMod::_getMods - NO XML FILES READABLE IN XML FOLDER
----------------------------------------------------------------------


---------- Date: 2017-12-28 22:20:11 ~ IP : 180.106.123.166 ----------
REQUEST URI : /index.php?route=product/manufacturer/info&manufacturer_id=8
VQMod::_getMods - NO XML FILES READABLE IN XML FOLDER
----------------------------------------------------------------------


---------- Date: 2017-12-28 22:20:55 ~ IP : 106.120.161.68 ----------
REQUEST URI : /index.php?route=product/manufacturer/info&manufacturer_id=8
VQMod::_getMods - NO XML FILES READABLE IN XML FOLDER
----------------------------------------------------------------------


---------- Date: 2017-12-28 22:21:07 ~ IP : 220.181.132.199 ----------
REQUEST URI : /index.php?route=product/manufacturer/info&manufacturer_id=8
VQMod::_getMods - NO XML FILES READABLE IN XML FOLDER
----------------------------------------------------------------------


---------- Date: 2017-12-28 22:23:49 ~ IP : 180.106.123.166 ----------
REQUEST URI : /index.php?route=product/product&manufacturer_id=8&product_id=77
VQMod::_getMods - NO XML FILES READABLE IN XML FOLDER
----------------------------------------------------------------------


---------- Date: 2017-12-28 22:24:12 ~ IP : 180.106.123.166 ----------
REQUEST URI : /index.php?route=product/product/review&product_id=77
VQMod::_getMods - NO XML FILES READABLE IN XML FOLDER
----------------------------------------------------------------------


---------- Date: 2017-12-28 22:33:30 ~ IP : 180.106.123.166 ----------
REQUEST URI : /index.php?route=product/category&path=109
VQMod::_getMods - NO XML FILES READABLE IN XML FOLDER
----------------------------------------------------------------------


---------- Date: 2017-12-28 22:33:33 ~ IP : 180.106.123.166 ----------
REQUEST URI : /index.php?route=product/product&path=109&product_id=95
VQMod::_getMods - NO XML FILES READABLE IN XML FOLDER
----------------------------------------------------------------------


---------- Date: 2017-12-28 22:33:55 ~ IP : 180.106.123.166 ----------
REQUEST URI : /index.php?route=product/product/review&product_id=95
VQMod::_getMods - NO XML FILES READABLE IN XML FOLDER
----------------------------------------------------------------------


---------- Date: 2017-12-28 22:56:44 ~ IP : 66.249.93.77 ----------
REQUEST URI : /
VQMod::_getMods - NO XML FILES READABLE IN XML FOLDER
----------------------------------------------------------------------


---------- Date: 2017-12-28 23:54:23 ~ IP : 78.55.66.213 ----------
REQUEST URI : /
VQMod::_getMods - NO XML FILES READABLE IN XML FOLDER
----------------------------------------------------------------------


