---------- Date: 2017-12-29 00:00:40 ~ IP : 78.55.66.213 ----------
REQUEST URI : /
VQMod::_getMods - NO XML FILES READABLE IN XML FOLDER
----------------------------------------------------------------------


---------- Date: 2017-12-29 00:01:15 ~ IP : 78.55.66.213 ----------
REQUEST URI : /
VQMod::_getMods - NO XML FILES READABLE IN XML FOLDER
----------------------------------------------------------------------


---------- Date: 2017-12-29 00:02:22 ~ IP : 78.55.66.213 ----------
REQUEST URI : /
VQMod::_getMods - NO XML FILES READABLE IN XML FOLDER
----------------------------------------------------------------------


---------- Date: 2017-12-29 00:02:59 ~ IP : 78.55.66.213 ----------
REQUEST URI : /
VQMod::_getMods - NO XML FILES READABLE IN XML FOLDER
----------------------------------------------------------------------


---------- Date: 2017-12-29 00:04:32 ~ IP : 78.55.66.213 ----------
REQUEST URI : /
VQMod::_getMods - NO XML FILES READABLE IN XML FOLDER
----------------------------------------------------------------------


---------- Date: 2017-12-29 00:04:38 ~ IP : 78.55.66.213 ----------
REQUEST URI : /index.php?route=common/language/language
VQMod::_getMods - NO XML FILES READABLE IN XML FOLDER
----------------------------------------------------------------------


---------- Date: 2017-12-29 00:04:39 ~ IP : 78.55.66.213 ----------
REQUEST URI : /index.php?route=common/home
VQMod::_getMods - NO XML FILES READABLE IN XML FOLDER
----------------------------------------------------------------------


---------- Date: 2017-12-29 00:04:46 ~ IP : 78.55.66.213 ----------
REQUEST URI : /index.php?route=product/manufacturer
VQMod::_getMods - NO XML FILES READABLE IN XML FOLDER
----------------------------------------------------------------------


---------- Date: 2017-12-29 00:04:49 ~ IP : 78.55.66.213 ----------
REQUEST URI : /index.php?route=common/home
VQMod::_getMods - NO XML FILES READABLE IN XML FOLDER
----------------------------------------------------------------------


---------- Date: 2017-12-29 00:09:35 ~ IP : 78.55.66.213 ----------
REQUEST URI : /index.php?route=affiliate/account
VQMod::_getMods - NO XML FILES READABLE IN XML FOLDER
----------------------------------------------------------------------


---------- Date: 2017-12-29 00:09:36 ~ IP : 78.55.66.213 ----------
REQUEST URI : /index.php?route=affiliate/login
VQMod::_getMods - NO XML FILES READABLE IN XML FOLDER
----------------------------------------------------------------------


---------- Date: 2017-12-29 00:09:40 ~ IP : 78.55.66.213 ----------
REQUEST URI : /index.php?route=common/home
VQMod::_getMods - NO XML FILES READABLE IN XML FOLDER
----------------------------------------------------------------------


---------- Date: 2017-12-29 00:09:49 ~ IP : 78.55.66.213 ----------
REQUEST URI : /index.php?route=product/special
VQMod::_getMods - NO XML FILES READABLE IN XML FOLDER
----------------------------------------------------------------------


---------- Date: 2017-12-29 00:09:53 ~ IP : 78.55.66.213 ----------
REQUEST URI : /index.php?route=common/home
VQMod::_getMods - NO XML FILES READABLE IN XML FOLDER
----------------------------------------------------------------------


---------- Date: 2017-12-29 00:12:34 ~ IP : 78.55.66.213 ----------
REQUEST URI : /index.php?route=common/home
VQMod::_getMods - NO XML FILES READABLE IN XML FOLDER
----------------------------------------------------------------------


---------- Date: 2017-12-29 00:16:19 ~ IP : 78.55.66.213 ----------
REQUEST URI : /index.php?route=common/home
VQMod::_getMods - NO XML FILES READABLE IN XML FOLDER
----------------------------------------------------------------------


---------- Date: 2017-12-29 00:17:15 ~ IP : 78.55.66.213 ----------
REQUEST URI : /index.php?route=common/home
VQMod::_getMods - NO XML FILES READABLE IN XML FOLDER
----------------------------------------------------------------------


---------- Date: 2017-12-29 00:18:28 ~ IP : 78.55.66.213 ----------
REQUEST URI : /index.php?route=common/home
VQMod::_getMods - NO XML FILES READABLE IN XML FOLDER
----------------------------------------------------------------------


---------- Date: 2017-12-29 00:18:47 ~ IP : 78.55.66.213 ----------
REQUEST URI : /index.php?route=common/home
VQMod::_getMods - NO XML FILES READABLE IN XML FOLDER
----------------------------------------------------------------------


---------- Date: 2017-12-29 00:19:21 ~ IP : 78.55.66.213 ----------
REQUEST URI : /index.php?route=common/home
VQMod::_getMods - NO XML FILES READABLE IN XML FOLDER
----------------------------------------------------------------------


---------- Date: 2017-12-29 00:21:23 ~ IP : 78.55.66.213 ----------
REQUEST URI : /index.php?route=common/home
VQMod::_getMods - NO XML FILES READABLE IN XML FOLDER
----------------------------------------------------------------------


---------- Date: 2017-12-29 00:21:34 ~ IP : 78.55.66.213 ----------
REQUEST URI : /index.php?route=information/information&information_id=4
VQMod::_getMods - NO XML FILES READABLE IN XML FOLDER
----------------------------------------------------------------------


---------- Date: 2017-12-29 00:21:36 ~ IP : 78.55.66.213 ----------
REQUEST URI : /index.php?route=common/home
VQMod::_getMods - NO XML FILES READABLE IN XML FOLDER
----------------------------------------------------------------------


---------- Date: 2017-12-29 00:23:42 ~ IP : 78.55.66.213 ----------
REQUEST URI : /index.php?route=common/language/language
VQMod::_getMods - NO XML FILES READABLE IN XML FOLDER
----------------------------------------------------------------------


---------- Date: 2017-12-29 00:23:43 ~ IP : 78.55.66.213 ----------
REQUEST URI : /index.php?route=common/home
VQMod::_getMods - NO XML FILES READABLE IN XML FOLDER
----------------------------------------------------------------------


---------- Date: 2017-12-29 00:23:59 ~ IP : 78.55.66.213 ----------
REQUEST URI : /index.php?route=common/language/language
VQMod::_getMods - NO XML FILES READABLE IN XML FOLDER
----------------------------------------------------------------------


---------- Date: 2017-12-29 00:23:59 ~ IP : 78.55.66.213 ----------
REQUEST URI : /index.php?route=common/home
VQMod::_getMods - NO XML FILES READABLE IN XML FOLDER
----------------------------------------------------------------------


---------- Date: 2017-12-29 00:24:33 ~ IP : 78.55.66.213 ----------
REQUEST URI : /index.php?route=common/home
VQMod::_getMods - NO XML FILES READABLE IN XML FOLDER
----------------------------------------------------------------------


---------- Date: 2017-12-29 00:29:18 ~ IP : 78.55.66.213 ----------
REQUEST URI : /index.php?route=common/home
VQMod::_getMods - NO XML FILES READABLE IN XML FOLDER
----------------------------------------------------------------------


---------- Date: 2017-12-29 00:30:11 ~ IP : 78.55.66.213 ----------
REQUEST URI : /index.php?route=common/home
VQMod::_getMods - NO XML FILES READABLE IN XML FOLDER
----------------------------------------------------------------------


---------- Date: 2017-12-29 00:30:49 ~ IP : 78.55.66.213 ----------
REQUEST URI : /index.php?route=common/home
VQMod::_getMods - NO XML FILES READABLE IN XML FOLDER
----------------------------------------------------------------------


---------- Date: 2017-12-29 00:31:49 ~ IP : 78.55.66.213 ----------
REQUEST URI : /index.php?route=common/home
VQMod::_getMods - NO XML FILES READABLE IN XML FOLDER
----------------------------------------------------------------------


---------- Date: 2017-12-29 00:32:13 ~ IP : 78.55.66.213 ----------
REQUEST URI : /index.php?route=common/home
VQMod::_getMods - NO XML FILES READABLE IN XML FOLDER
----------------------------------------------------------------------


---------- Date: 2017-12-29 00:32:17 ~ IP : 78.55.66.213 ----------
REQUEST URI : /index.php?route=information/information&information_id=8
VQMod::_getMods - NO XML FILES READABLE IN XML FOLDER
----------------------------------------------------------------------


---------- Date: 2017-12-29 00:38:51 ~ IP : 78.55.66.213 ----------
REQUEST URI : /index.php?route=information/information&information_id=8
VQMod::_getMods - NO XML FILES READABLE IN XML FOLDER
----------------------------------------------------------------------


---------- Date: 2017-12-29 00:38:55 ~ IP : 78.55.66.213 ----------
REQUEST URI : /index.php?route=common/home
VQMod::_getMods - NO XML FILES READABLE IN XML FOLDER
----------------------------------------------------------------------


---------- Date: 2017-12-29 00:39:03 ~ IP : 78.55.66.213 ----------
REQUEST URI : /index.php?route=information/information&information_id=8
VQMod::_getMods - NO XML FILES READABLE IN XML FOLDER
----------------------------------------------------------------------


---------- Date: 2017-12-29 00:39:05 ~ IP : 78.55.66.213 ----------
REQUEST URI : /index.php?route=common/home
VQMod::_getMods - NO XML FILES READABLE IN XML FOLDER
----------------------------------------------------------------------


---------- Date: 2017-12-29 00:39:08 ~ IP : 78.55.66.213 ----------
REQUEST URI : /index.php?route=information/information&information_id=7
VQMod::_getMods - NO XML FILES READABLE IN XML FOLDER
----------------------------------------------------------------------


---------- Date: 2017-12-29 00:40:37 ~ IP : 78.55.66.213 ----------
REQUEST URI : /index.php?route=information/information&information_id=7
VQMod::_getMods - NO XML FILES READABLE IN XML FOLDER
----------------------------------------------------------------------


---------- Date: 2017-12-29 00:40:43 ~ IP : 78.55.66.213 ----------
REQUEST URI : /index.php?route=information/information&information_id=3
VQMod::_getMods - NO XML FILES READABLE IN XML FOLDER
----------------------------------------------------------------------


---------- Date: 2017-12-29 00:40:50 ~ IP : 78.55.66.213 ----------
REQUEST URI : /index.php?route=information/information&information_id=7
VQMod::_getMods - NO XML FILES READABLE IN XML FOLDER
----------------------------------------------------------------------


---------- Date: 2017-12-29 00:41:37 ~ IP : 78.55.66.213 ----------
REQUEST URI : /index.php?route=information/information&information_id=7
VQMod::_getMods - NO XML FILES READABLE IN XML FOLDER
----------------------------------------------------------------------


---------- Date: 2017-12-29 00:44:42 ~ IP : 78.55.66.213 ----------
REQUEST URI : /index.php?route=information/information&information_id=7
VQMod::_getMods - NO XML FILES READABLE IN XML FOLDER
----------------------------------------------------------------------


---------- Date: 2017-12-29 00:44:49 ~ IP : 78.55.66.213 ----------
REQUEST URI : /index.php?route=information/information&information_id=3
VQMod::_getMods - NO XML FILES READABLE IN XML FOLDER
----------------------------------------------------------------------


---------- Date: 2017-12-29 00:45:02 ~ IP : 78.55.66.213 ----------
REQUEST URI : /index.php?route=common/home
VQMod::_getMods - NO XML FILES READABLE IN XML FOLDER
----------------------------------------------------------------------


---------- Date: 2017-12-29 00:46:35 ~ IP : 180.106.123.166 ----------
REQUEST URI : /index.php?route=common/home
VQMod::_getMods - NO XML FILES READABLE IN XML FOLDER
----------------------------------------------------------------------


---------- Date: 2017-12-29 00:53:35 ~ IP : 180.106.123.166 ----------
REQUEST URI : /index.php?route=common/home
VQMod::_getMods - NO XML FILES READABLE IN XML FOLDER
----------------------------------------------------------------------


---------- Date: 2017-12-29 00:53:53 ~ IP : 180.106.123.166 ----------
REQUEST URI : /index.php?route=common/home
VQMod::_getMods - NO XML FILES READABLE IN XML FOLDER
----------------------------------------------------------------------


---------- Date: 2017-12-29 01:12:33 ~ IP : 180.106.123.166 ----------
REQUEST URI : /index.php?route=product/category&path=104_105
VQMod::_getMods - NO XML FILES READABLE IN XML FOLDER
----------------------------------------------------------------------


---------- Date: 2017-12-29 01:12:36 ~ IP : 180.106.123.166 ----------
REQUEST URI : /index.php?route=product/product&path=104_105&product_id=77
VQMod::_getMods - NO XML FILES READABLE IN XML FOLDER
----------------------------------------------------------------------


---------- Date: 2017-12-29 01:12:56 ~ IP : 180.106.123.166 ----------
REQUEST URI : /index.php?route=product/product/review&product_id=77
VQMod::_getMods - NO XML FILES READABLE IN XML FOLDER
----------------------------------------------------------------------


---------- Date: 2017-12-29 01:29:03 ~ IP : 180.106.123.166 ----------
REQUEST URI : /index.php?route=product/product&path=104_105&product_id=77
VQMod::_getMods - NO XML FILES READABLE IN XML FOLDER
----------------------------------------------------------------------


---------- Date: 2017-12-29 01:29:23 ~ IP : 180.106.123.166 ----------
REQUEST URI : /index.php?route=product/product/review&product_id=77
VQMod::_getMods - NO XML FILES READABLE IN XML FOLDER
----------------------------------------------------------------------


---------- Date: 2017-12-29 01:34:02 ~ IP : 180.106.123.166 ----------
REQUEST URI : /index.php?route=product/product&path=104_105&product_id=77
VQMod::_getMods - NO XML FILES READABLE IN XML FOLDER
----------------------------------------------------------------------


---------- Date: 2017-12-29 01:34:23 ~ IP : 180.106.123.166 ----------
REQUEST URI : /index.php?route=product/product/review&product_id=77
VQMod::_getMods - NO XML FILES READABLE IN XML FOLDER
----------------------------------------------------------------------


---------- Date: 2017-12-29 04:10:48 ~ IP : 180.106.123.166 ----------
REQUEST URI : /index.php?route=product/category&path=64
VQMod::_getMods - NO XML FILES READABLE IN XML FOLDER
----------------------------------------------------------------------


---------- Date: 2017-12-29 04:11:06 ~ IP : 180.106.123.166 ----------
REQUEST URI : /index.php?route=product/category&path=64_100
VQMod::_getMods - NO XML FILES READABLE IN XML FOLDER
----------------------------------------------------------------------


---------- Date: 2017-12-29 04:11:11 ~ IP : 180.106.123.166 ----------
REQUEST URI : /index.php?route=product/category&path=64
VQMod::_getMods - NO XML FILES READABLE IN XML FOLDER
----------------------------------------------------------------------


---------- Date: 2017-12-29 04:11:23 ~ IP : 180.106.123.166 ----------
REQUEST URI : /index.php?route=product/category&path=64_95
VQMod::_getMods - NO XML FILES READABLE IN XML FOLDER
----------------------------------------------------------------------


---------- Date: 2017-12-29 04:11:42 ~ IP : 106.120.161.68 ----------
REQUEST URI : /index.php?route=product/category&path=64_100
VQMod::_getMods - NO XML FILES READABLE IN XML FOLDER
----------------------------------------------------------------------


---------- Date: 2017-12-29 04:11:43 ~ IP : 106.120.160.109 ----------
REQUEST URI : /index.php?route=product/category&path=64_100
VQMod::_getMods - NO XML FILES READABLE IN XML FOLDER
----------------------------------------------------------------------


---------- Date: 2017-12-29 04:11:46 ~ IP : 180.106.123.166 ----------
REQUEST URI : /index.php?route=product/category&path=64
VQMod::_getMods - NO XML FILES READABLE IN XML FOLDER
----------------------------------------------------------------------


---------- Date: 2017-12-29 04:12:11 ~ IP : 106.120.161.68 ----------
REQUEST URI : /index.php?route=product/category&path=64_95
VQMod::_getMods - NO XML FILES READABLE IN XML FOLDER
----------------------------------------------------------------------


---------- Date: 2017-12-29 04:12:11 ~ IP : 220.181.132.193 ----------
REQUEST URI : /index.php?route=product/category&path=64_100
VQMod::_getMods - NO XML FILES READABLE IN XML FOLDER
----------------------------------------------------------------------


---------- Date: 2017-12-29 04:12:12 ~ IP : 106.120.160.109 ----------
REQUEST URI : /index.php?route=product/category&path=64_95
VQMod::_getMods - NO XML FILES READABLE IN XML FOLDER
----------------------------------------------------------------------


---------- Date: 2017-12-29 04:12:25 ~ IP : 180.106.123.166 ----------
REQUEST URI : /index.php?route=product/category&path=104
VQMod::_getMods - NO XML FILES READABLE IN XML FOLDER
----------------------------------------------------------------------


---------- Date: 2017-12-29 04:12:29 ~ IP : 101.199.108.52 ----------
REQUEST URI : /index.php?route=product/category&path=64_100
VQMod::_getMods - NO XML FILES READABLE IN XML FOLDER
----------------------------------------------------------------------


---------- Date: 2017-12-29 04:12:37 ~ IP : 180.106.123.166 ----------
REQUEST URI : /index.php?route=product/category&path=104_105
VQMod::_getMods - NO XML FILES READABLE IN XML FOLDER
----------------------------------------------------------------------


---------- Date: 2017-12-29 04:12:52 ~ IP : 180.106.123.166 ----------
REQUEST URI : /?_t_t_t=0.7414290990867836
VQMod::_getMods - NO XML FILES READABLE IN XML FOLDER
----------------------------------------------------------------------


---------- Date: 2017-12-29 04:13:05 ~ IP : 106.120.161.68 ----------
REQUEST URI : /index.php?route=product/category&path=104
VQMod::_getMods - NO XML FILES READABLE IN XML FOLDER
----------------------------------------------------------------------


---------- Date: 2017-12-29 04:13:06 ~ IP : 180.106.123.166 ----------
REQUEST URI : /index.php?route=product/category&path=104
VQMod::_getMods - NO XML FILES READABLE IN XML FOLDER
----------------------------------------------------------------------


---------- Date: 2017-12-29 04:13:08 ~ IP : 106.120.160.109 ----------
REQUEST URI : /index.php?route=product/category&path=104
VQMod::_getMods - NO XML FILES READABLE IN XML FOLDER
----------------------------------------------------------------------


---------- Date: 2017-12-29 04:13:10 ~ IP : 101.199.108.50 ----------
REQUEST URI : /index.php?route=product/category&path=64_95
VQMod::_getMods - NO XML FILES READABLE IN XML FOLDER
----------------------------------------------------------------------


---------- Date: 2017-12-29 04:13:19 ~ IP : 180.106.123.166 ----------
REQUEST URI : /index.php?route=common/language/language
VQMod::_getMods - NO XML FILES READABLE IN XML FOLDER
----------------------------------------------------------------------


---------- Date: 2017-12-29 04:13:20 ~ IP : 180.106.123.166 ----------
REQUEST URI : /index.php?route=product/category&path=104
VQMod::_getMods - NO XML FILES READABLE IN XML FOLDER
----------------------------------------------------------------------


---------- Date: 2017-12-29 04:13:27 ~ IP : 180.106.123.166 ----------
REQUEST URI : /index.php?route=product/category&path=104_105
VQMod::_getMods - NO XML FILES READABLE IN XML FOLDER
----------------------------------------------------------------------


---------- Date: 2017-12-29 04:13:35 ~ IP : 101.199.112.52 ----------
REQUEST URI : /index.php?route=product/category&path=104
VQMod::_getMods - NO XML FILES READABLE IN XML FOLDER
----------------------------------------------------------------------


---------- Date: 2017-12-29 04:14:29 ~ IP : 101.199.108.58 ----------
REQUEST URI : /index.php?route=product/category&path=104
VQMod::_getMods - NO XML FILES READABLE IN XML FOLDER
----------------------------------------------------------------------


---------- Date: 2017-12-29 04:14:58 ~ IP : 220.181.132.200 ----------
REQUEST URI : /index.php?route=product/category&path=64_95
VQMod::_getMods - NO XML FILES READABLE IN XML FOLDER
----------------------------------------------------------------------


---------- Date: 2017-12-29 04:16:11 ~ IP : 180.106.123.166 ----------
REQUEST URI : /
VQMod::_getMods - NO XML FILES READABLE IN XML FOLDER
----------------------------------------------------------------------


---------- Date: 2017-12-29 04:16:22 ~ IP : 180.106.123.166 ----------
REQUEST URI : /index.php?route=product/category&path=104_105
VQMod::_getMods - NO XML FILES READABLE IN XML FOLDER
----------------------------------------------------------------------


---------- Date: 2017-12-29 04:16:27 ~ IP : 180.106.123.166 ----------
REQUEST URI : /index.php?route=product/category&path=104_105
VQMod::_getMods - NO XML FILES READABLE IN XML FOLDER
----------------------------------------------------------------------


---------- Date: 2017-12-29 04:16:32 ~ IP : 180.106.123.166 ----------
REQUEST URI : /index.php?route=product/category&path=104_106
VQMod::_getMods - NO XML FILES READABLE IN XML FOLDER
----------------------------------------------------------------------


---------- Date: 2017-12-29 04:16:35 ~ IP : 180.106.123.166 ----------
REQUEST URI : /index.php?route=product/category&path=64
VQMod::_getMods - NO XML FILES READABLE IN XML FOLDER
----------------------------------------------------------------------


---------- Date: 2017-12-29 04:16:42 ~ IP : 106.120.161.68 ----------
REQUEST URI : /
VQMod::_getMods - NO XML FILES READABLE IN XML FOLDER
----------------------------------------------------------------------


---------- Date: 2017-12-29 04:17:12 ~ IP : 106.120.161.68 ----------
REQUEST URI : /index.php?route=product/category&path=104_106
VQMod::_getMods - NO XML FILES READABLE IN XML FOLDER
----------------------------------------------------------------------


---------- Date: 2017-12-29 04:17:13 ~ IP : 106.120.161.68 ----------
REQUEST URI : /index.php?route=product/category&path=104_106
VQMod::_getMods - NO XML FILES READABLE IN XML FOLDER
----------------------------------------------------------------------


---------- Date: 2017-12-29 04:17:28 ~ IP : 180.106.123.166 ----------
REQUEST URI : /
VQMod::_getMods - NO XML FILES READABLE IN XML FOLDER
----------------------------------------------------------------------


---------- Date: 2017-12-29 04:17:30 ~ IP : 101.199.108.59 ----------
REQUEST URI : /
VQMod::_getMods - NO XML FILES READABLE IN XML FOLDER
----------------------------------------------------------------------


---------- Date: 2017-12-29 04:17:39 ~ IP : 180.106.123.166 ----------
REQUEST URI : /index.php?route=product/category&path=64
VQMod::_getMods - NO XML FILES READABLE IN XML FOLDER
----------------------------------------------------------------------


---------- Date: 2017-12-29 04:17:39 ~ IP : 101.199.112.50 ----------
REQUEST URI : /index.php?route=product/category&path=104_106
VQMod::_getMods - NO XML FILES READABLE IN XML FOLDER
----------------------------------------------------------------------


---------- Date: 2017-12-29 04:17:40 ~ IP : 220.181.132.192 ----------
REQUEST URI : /index.php?route=product/category&path=104_106
VQMod::_getMods - NO XML FILES READABLE IN XML FOLDER
----------------------------------------------------------------------


---------- Date: 2017-12-29 04:17:51 ~ IP : 180.106.123.166 ----------
REQUEST URI : /index.php?route=product/category&path=104_105
VQMod::_getMods - NO XML FILES READABLE IN XML FOLDER
----------------------------------------------------------------------


---------- Date: 2017-12-29 04:40:47 ~ IP : 180.106.123.166 ----------
REQUEST URI : /
VQMod::_getMods - NO XML FILES READABLE IN XML FOLDER
----------------------------------------------------------------------


---------- Date: 2017-12-29 04:41:02 ~ IP : 180.106.123.166 ----------
REQUEST URI : /index.php?route=product/category&path=104_105
VQMod::_getMods - NO XML FILES READABLE IN XML FOLDER
----------------------------------------------------------------------


---------- Date: 2017-12-29 04:45:32 ~ IP : 180.106.123.166 ----------
REQUEST URI : /index.php?route=product/search
VQMod::_getMods - NO XML FILES READABLE IN XML FOLDER
----------------------------------------------------------------------


---------- Date: 2017-12-29 04:45:37 ~ IP : 180.106.123.166 ----------
REQUEST URI : /index.php?route=product/search&search=HCP2018101
VQMod::_getMods - NO XML FILES READABLE IN XML FOLDER
----------------------------------------------------------------------


---------- Date: 2017-12-29 04:45:57 ~ IP : 180.106.123.166 ----------
REQUEST URI : /index.php?route=product/category&path=64
VQMod::_getMods - NO XML FILES READABLE IN XML FOLDER
----------------------------------------------------------------------


---------- Date: 2017-12-29 04:46:00 ~ IP : 180.106.123.166 ----------
REQUEST URI : /index.php?route=product/product&path=64&product_id=73
VQMod::_getMods - NO XML FILES READABLE IN XML FOLDER
----------------------------------------------------------------------


---------- Date: 2017-12-29 04:46:04 ~ IP : 106.120.161.68 ----------
REQUEST URI : /index.php?route=product/search
VQMod::_getMods - NO XML FILES READABLE IN XML FOLDER
----------------------------------------------------------------------


---------- Date: 2017-12-29 04:46:08 ~ IP : 180.106.123.166 ----------
REQUEST URI : /index.php?route=product/category&path=64
VQMod::_getMods - NO XML FILES READABLE IN XML FOLDER
----------------------------------------------------------------------


---------- Date: 2017-12-29 04:46:17 ~ IP : 220.181.132.194 ----------
REQUEST URI : /index.php?route=product/search
VQMod::_getMods - NO XML FILES READABLE IN XML FOLDER
----------------------------------------------------------------------


---------- Date: 2017-12-29 04:46:56 ~ IP : 180.106.123.166 ----------
REQUEST URI : /index.php?route=product/category&path=104_105
VQMod::_getMods - NO XML FILES READABLE IN XML FOLDER
----------------------------------------------------------------------


---------- Date: 2017-12-29 04:46:58 ~ IP : 180.106.123.166 ----------
REQUEST URI : /index.php?route=product/product&path=104_105&product_id=77
VQMod::_getMods - NO XML FILES READABLE IN XML FOLDER
----------------------------------------------------------------------


---------- Date: 2017-12-29 04:47:03 ~ IP : 180.106.123.166 ----------
REQUEST URI : /index.php?route=product/manufacturer/info&manufacturer_id=11
VQMod::_getMods - NO XML FILES READABLE IN XML FOLDER
----------------------------------------------------------------------


---------- Date: 2017-12-29 06:19:24 ~ IP : 180.106.123.166 ----------
REQUEST URI : /
VQMod::_getMods - NO XML FILES READABLE IN XML FOLDER
----------------------------------------------------------------------


---------- Date: 2017-12-29 06:19:27 ~ IP : 180.106.123.166 ----------
REQUEST URI : /index.php?route=product/category&path=64
VQMod::_getMods - NO XML FILES READABLE IN XML FOLDER
----------------------------------------------------------------------


---------- Date: 2017-12-29 06:20:40 ~ IP : 180.106.123.166 ----------
REQUEST URI : /index.php?route=product/category&path=64
VQMod::_getMods - NO XML FILES READABLE IN XML FOLDER
----------------------------------------------------------------------


---------- Date: 2017-12-29 06:21:52 ~ IP : 180.106.123.166 ----------
REQUEST URI : /index.php?route=product/category&path=64
VQMod::_getMods - NO XML FILES READABLE IN XML FOLDER
----------------------------------------------------------------------


---------- Date: 2017-12-29 06:22:11 ~ IP : 180.106.123.166 ----------
REQUEST URI : /
VQMod::_getMods - NO XML FILES READABLE IN XML FOLDER
----------------------------------------------------------------------


---------- Date: 2017-12-29 06:22:16 ~ IP : 180.106.123.166 ----------
REQUEST URI : /index.php?route=product/category&path=64
VQMod::_getMods - NO XML FILES READABLE IN XML FOLDER
----------------------------------------------------------------------


---------- Date: 2017-12-29 06:23:22 ~ IP : 180.106.123.166 ----------
REQUEST URI : /
VQMod::_getMods - NO XML FILES READABLE IN XML FOLDER
----------------------------------------------------------------------


---------- Date: 2017-12-29 06:23:24 ~ IP : 180.106.123.166 ----------
REQUEST URI : /?route=common/home
VQMod::_getMods - NO XML FILES READABLE IN XML FOLDER
----------------------------------------------------------------------


---------- Date: 2017-12-29 06:23:29 ~ IP : 180.106.123.166 ----------
REQUEST URI : /index.php?route=product/category&path=104_105
VQMod::_getMods - NO XML FILES READABLE IN XML FOLDER
----------------------------------------------------------------------


---------- Date: 2017-12-29 06:34:04 ~ IP : 180.106.123.166 ----------
REQUEST URI : /index.php?route=product/category&path=95_96
VQMod::_getMods - NO XML FILES READABLE IN XML FOLDER
----------------------------------------------------------------------


---------- Date: 2017-12-29 06:35:31 ~ IP : 180.106.123.166 ----------
REQUEST URI : /index.php?route=product/category&path=95_96
VQMod::_getMods - NO XML FILES READABLE IN XML FOLDER
----------------------------------------------------------------------


---------- Date: 2017-12-29 06:38:11 ~ IP : 180.106.123.166 ----------
REQUEST URI : /index.php?route=product/category&path=64
VQMod::_getMods - NO XML FILES READABLE IN XML FOLDER
----------------------------------------------------------------------


---------- Date: 2017-12-29 06:41:12 ~ IP : 180.106.123.166 ----------
REQUEST URI : /index.php?route=product/category&path=64
VQMod::_getMods - NO XML FILES READABLE IN XML FOLDER
----------------------------------------------------------------------


---------- Date: 2017-12-29 06:41:32 ~ IP : 180.106.123.166 ----------
REQUEST URI : /index.php?route=product/category&path=104
VQMod::_getMods - NO XML FILES READABLE IN XML FOLDER
----------------------------------------------------------------------


---------- Date: 2017-12-29 06:51:10 ~ IP : 180.106.123.166 ----------
REQUEST URI : /index.php?route=product/category&path=104_105
VQMod::_getMods - NO XML FILES READABLE IN XML FOLDER
----------------------------------------------------------------------


---------- Date: 2017-12-29 06:51:14 ~ IP : 180.106.123.166 ----------
REQUEST URI : /index.php?route=product/product&path=104_105&product_id=101
VQMod::_getMods - NO XML FILES READABLE IN XML FOLDER
----------------------------------------------------------------------


---------- Date: 2017-12-29 06:51:37 ~ IP : 180.106.123.166 ----------
REQUEST URI : /index.php?route=product/product/review&product_id=101
VQMod::_getMods - NO XML FILES READABLE IN XML FOLDER
----------------------------------------------------------------------


---------- Date: 2017-12-29 06:51:40 ~ IP : 180.106.123.166 ----------
REQUEST URI : /index.php?route=checkout/cart/add
VQMod::_getMods - NO XML FILES READABLE IN XML FOLDER
----------------------------------------------------------------------


---------- Date: 2017-12-29 06:51:41 ~ IP : 180.106.123.166 ----------
REQUEST URI : /index.php?route=common/cart/info
VQMod::_getMods - NO XML FILES READABLE IN XML FOLDER
----------------------------------------------------------------------


---------- Date: 2017-12-29 06:51:49 ~ IP : 180.106.123.166 ----------
REQUEST URI : /index.php?route=checkout/cart
VQMod::_getMods - NO XML FILES READABLE IN XML FOLDER
----------------------------------------------------------------------


---------- Date: 2017-12-29 06:51:51 ~ IP : 180.106.123.166 ----------
REQUEST URI : /index.php?route=total/shipping/country&country_id=14
VQMod::_getMods - NO XML FILES READABLE IN XML FOLDER
----------------------------------------------------------------------


---------- Date: 2017-12-29 07:00:58 ~ IP : 180.106.123.166 ----------
REQUEST URI : /index.php?route=product/category&path=64
VQMod::_getMods - NO XML FILES READABLE IN XML FOLDER
----------------------------------------------------------------------


---------- Date: 2017-12-29 07:01:05 ~ IP : 180.106.123.166 ----------
REQUEST URI : /index.php?route=product/category&path=64&page=2
VQMod::_getMods - NO XML FILES READABLE IN XML FOLDER
----------------------------------------------------------------------


---------- Date: 2017-12-29 07:01:13 ~ IP : 180.106.123.166 ----------
REQUEST URI : /index.php?route=product/product&path=64&product_id=115
VQMod::_getMods - NO XML FILES READABLE IN XML FOLDER
----------------------------------------------------------------------


---------- Date: 2017-12-29 07:01:18 ~ IP : 180.106.123.166 ----------
REQUEST URI : /index.php?route=product/product/review&product_id=115
VQMod::_getMods - NO XML FILES READABLE IN XML FOLDER
----------------------------------------------------------------------


---------- Date: 2017-12-29 07:19:17 ~ IP : 101.199.112.51 ----------
REQUEST URI : /
VQMod::_getMods - NO XML FILES READABLE IN XML FOLDER
----------------------------------------------------------------------


---------- Date: 2017-12-29 07:19:48 ~ IP : 220.181.132.192 ----------
REQUEST URI : /
VQMod::_getMods - NO XML FILES READABLE IN XML FOLDER
----------------------------------------------------------------------


---------- Date: 2017-12-29 07:21:19 ~ IP : 180.106.123.166 ----------
REQUEST URI : /index.php?route=product/category&path=64
VQMod::_getMods - NO XML FILES READABLE IN XML FOLDER
----------------------------------------------------------------------


---------- Date: 2017-12-29 07:21:28 ~ IP : 180.106.123.166 ----------
REQUEST URI : /index.php?route=product/category&path=64&page=2
VQMod::_getMods - NO XML FILES READABLE IN XML FOLDER
----------------------------------------------------------------------


---------- Date: 2017-12-29 07:21:34 ~ IP : 180.106.123.166 ----------
REQUEST URI : /index.php?route=product/category&path=64&page=3
VQMod::_getMods - NO XML FILES READABLE IN XML FOLDER
----------------------------------------------------------------------


---------- Date: 2017-12-29 07:42:57 ~ IP : 180.106.123.166 ----------
REQUEST URI : /index.php?route=product/category&path=64
VQMod::_getMods - NO XML FILES READABLE IN XML FOLDER
----------------------------------------------------------------------


---------- Date: 2017-12-29 07:47:56 ~ IP : 180.106.123.166 ----------
REQUEST URI : /index.php?route=product/category&path=64
VQMod::_getMods - NO XML FILES READABLE IN XML FOLDER
----------------------------------------------------------------------


---------- Date: 2017-12-29 07:48:06 ~ IP : 180.106.123.166 ----------
REQUEST URI : /index.php?route=product/product&path=64&product_id=90
VQMod::_getMods - NO XML FILES READABLE IN XML FOLDER
----------------------------------------------------------------------


---------- Date: 2017-12-29 07:48:28 ~ IP : 180.106.123.166 ----------
REQUEST URI : /index.php?route=product/product/review&product_id=90
VQMod::_getMods - NO XML FILES READABLE IN XML FOLDER
----------------------------------------------------------------------


---------- Date: 2017-12-29 08:35:46 ~ IP : 180.106.123.166 ----------
REQUEST URI : /index.php?route=common/home
VQMod::_getMods - NO XML FILES READABLE IN XML FOLDER
----------------------------------------------------------------------


---------- Date: 2017-12-29 08:37:22 ~ IP : 180.106.123.166 ----------
REQUEST URI : /index.php?route=common/home
VQMod::_getMods - NO XML FILES READABLE IN XML FOLDER
----------------------------------------------------------------------


---------- Date: 2017-12-29 09:06:53 ~ IP : 180.106.123.166 ----------
REQUEST URI : /
VQMod::_getMods - NO XML FILES READABLE IN XML FOLDER
----------------------------------------------------------------------


---------- Date: 2017-12-29 09:54:49 ~ IP : 180.106.123.166 ----------
REQUEST URI : /
VQMod::_getMods - NO XML FILES READABLE IN XML FOLDER
----------------------------------------------------------------------


---------- Date: 2017-12-29 10:39:14 ~ IP : 77.179.67.18 ----------
REQUEST URI : /
VQMod::_getMods - NO XML FILES READABLE IN XML FOLDER
----------------------------------------------------------------------


---------- Date: 2017-12-29 10:39:20 ~ IP : 77.179.67.18 ----------
REQUEST URI : /index.php?route=information/information&information_id=8
VQMod::_getMods - NO XML FILES READABLE IN XML FOLDER
----------------------------------------------------------------------


---------- Date: 2017-12-29 10:39:23 ~ IP : 77.179.67.18 ----------
REQUEST URI : /
VQMod::_getMods - NO XML FILES READABLE IN XML FOLDER
----------------------------------------------------------------------


---------- Date: 2017-12-29 10:39:26 ~ IP : 77.179.67.18 ----------
REQUEST URI : /index.php?route=information/information&information_id=3
VQMod::_getMods - NO XML FILES READABLE IN XML FOLDER
----------------------------------------------------------------------


---------- Date: 2017-12-29 10:39:30 ~ IP : 77.179.67.18 ----------
REQUEST URI : /
VQMod::_getMods - NO XML FILES READABLE IN XML FOLDER
----------------------------------------------------------------------


---------- Date: 2017-12-29 10:39:32 ~ IP : 77.179.67.18 ----------
REQUEST URI : /index.php?route=information/information&information_id=7
VQMod::_getMods - NO XML FILES READABLE IN XML FOLDER
----------------------------------------------------------------------


---------- Date: 2017-12-29 10:39:48 ~ IP : 77.179.67.18 ----------
REQUEST URI : /
VQMod::_getMods - NO XML FILES READABLE IN XML FOLDER
----------------------------------------------------------------------


---------- Date: 2017-12-29 10:40:52 ~ IP : 77.179.67.18 ----------
REQUEST URI : /index.php?route=information/information&information_id=3
VQMod::_getMods - NO XML FILES READABLE IN XML FOLDER
----------------------------------------------------------------------


---------- Date: 2017-12-29 10:42:33 ~ IP : 77.179.67.18 ----------
REQUEST URI : /index.php?route=information/information&information_id=3
VQMod::_getMods - NO XML FILES READABLE IN XML FOLDER
----------------------------------------------------------------------


---------- Date: 2017-12-29 10:42:36 ~ IP : 77.179.67.18 ----------
REQUEST URI : /index.php?route=information/information&information_id=7
VQMod::_getMods - NO XML FILES READABLE IN XML FOLDER
----------------------------------------------------------------------


---------- Date: 2017-12-29 12:13:12 ~ IP : 77.179.67.18 ----------
REQUEST URI : /
VQMod::_getMods - NO XML FILES READABLE IN XML FOLDER
----------------------------------------------------------------------


---------- Date: 2017-12-29 12:13:18 ~ IP : 77.179.67.18 ----------
REQUEST URI : /
VQMod::_getMods - NO XML FILES READABLE IN XML FOLDER
----------------------------------------------------------------------


---------- Date: 2017-12-29 12:13:37 ~ IP : 77.179.67.18 ----------
REQUEST URI : /index.php?route=information/information&information_id=7
VQMod::_getMods - NO XML FILES READABLE IN XML FOLDER
----------------------------------------------------------------------


---------- Date: 2017-12-29 12:13:45 ~ IP : 77.179.67.18 ----------
REQUEST URI : /
VQMod::_getMods - NO XML FILES READABLE IN XML FOLDER
----------------------------------------------------------------------


---------- Date: 2017-12-29 12:13:48 ~ IP : 77.179.67.18 ----------
REQUEST URI : /index.php?route=information/information&information_id=3
VQMod::_getMods - NO XML FILES READABLE IN XML FOLDER
----------------------------------------------------------------------


---------- Date: 2017-12-29 12:14:15 ~ IP : 77.179.67.18 ----------
REQUEST URI : /index.php?route=common/home
VQMod::_getMods - NO XML FILES READABLE IN XML FOLDER
----------------------------------------------------------------------


---------- Date: 2017-12-29 12:31:58 ~ IP : 180.106.123.166 ----------
REQUEST URI : /
VQMod::_getMods - NO XML FILES READABLE IN XML FOLDER
----------------------------------------------------------------------


---------- Date: 2017-12-29 12:33:56 ~ IP : 180.106.123.166 ----------
REQUEST URI : /index.php?route=product/category&path=104
VQMod::_getMods - NO XML FILES READABLE IN XML FOLDER
----------------------------------------------------------------------


---------- Date: 2017-12-29 12:34:08 ~ IP : 180.106.123.166 ----------
REQUEST URI : /index.php?route=common/home
VQMod::_getMods - NO XML FILES READABLE IN XML FOLDER
----------------------------------------------------------------------


---------- Date: 2017-12-29 13:10:22 ~ IP : 180.106.123.166 ----------
REQUEST URI : /index.php?route=product/category&path=104_106
VQMod::_getMods - NO XML FILES READABLE IN XML FOLDER
----------------------------------------------------------------------


---------- Date: 2017-12-29 13:10:28 ~ IP : 180.106.123.166 ----------
REQUEST URI : /index.php?route=common/home
VQMod::_getMods - NO XML FILES READABLE IN XML FOLDER
----------------------------------------------------------------------


---------- Date: 2017-12-29 15:41:22 ~ IP : 66.249.66.93 ----------
REQUEST URI : /
VQMod::_getMods - NO XML FILES READABLE IN XML FOLDER
----------------------------------------------------------------------


---------- Date: 2017-12-29 16:47:44 ~ IP : 95.91.246.32 ----------
REQUEST URI : /
VQMod::_getMods - NO XML FILES READABLE IN XML FOLDER
----------------------------------------------------------------------


---------- Date: 2017-12-29 17:06:06 ~ IP : 95.91.246.32 ----------
REQUEST URI : /
VQMod::_getMods - NO XML FILES READABLE IN XML FOLDER
----------------------------------------------------------------------


---------- Date: 2017-12-29 17:06:25 ~ IP : 95.91.246.32 ----------
REQUEST URI : /index.php?route=product/category&path=64
VQMod::_getMods - NO XML FILES READABLE IN XML FOLDER
----------------------------------------------------------------------


---------- Date: 2017-12-29 17:06:27 ~ IP : 95.91.246.32 ----------
REQUEST URI : /index.php?route=product/product&path=64&product_id=73
VQMod::_getMods - NO XML FILES READABLE IN XML FOLDER
----------------------------------------------------------------------


---------- Date: 2017-12-29 17:06:28 ~ IP : 95.91.246.32 ----------
REQUEST URI : /index.php?route=product/product/review&product_id=73
VQMod::_getMods - NO XML FILES READABLE IN XML FOLDER
----------------------------------------------------------------------


---------- Date: 2017-12-29 17:06:34 ~ IP : 95.91.246.32 ----------
REQUEST URI : /index.php?route=checkout/cart/add
VQMod::_getMods - NO XML FILES READABLE IN XML FOLDER
----------------------------------------------------------------------


---------- Date: 2017-12-29 17:06:36 ~ IP : 95.91.246.32 ----------
REQUEST URI : /index.php?route=common/cart/info
VQMod::_getMods - NO XML FILES READABLE IN XML FOLDER
----------------------------------------------------------------------


---------- Date: 2017-12-29 17:06:38 ~ IP : 95.91.246.32 ----------
REQUEST URI : /index.php?route=checkout/cart
VQMod::_getMods - NO XML FILES READABLE IN XML FOLDER
----------------------------------------------------------------------


---------- Date: 2017-12-29 17:06:39 ~ IP : 95.91.246.32 ----------
REQUEST URI : /index.php?route=total/shipping/country&country_id=14
VQMod::_getMods - NO XML FILES READABLE IN XML FOLDER
----------------------------------------------------------------------


---------- Date: 2017-12-29 17:06:46 ~ IP : 95.91.246.32 ----------
REQUEST URI : /index.php?route=checkout/checkout
VQMod::_getMods - NO XML FILES READABLE IN XML FOLDER
----------------------------------------------------------------------


---------- Date: 2017-12-29 17:06:46 ~ IP : 95.91.246.32 ----------
REQUEST URI : /index.php?route=checkout/login
VQMod::_getMods - NO XML FILES READABLE IN XML FOLDER
----------------------------------------------------------------------


---------- Date: 2017-12-29 17:06:52 ~ IP : 95.91.246.32 ----------
REQUEST URI : /index.php?route=checkout/guest
VQMod::_getMods - NO XML FILES READABLE IN XML FOLDER
----------------------------------------------------------------------


---------- Date: 2017-12-29 17:06:52 ~ IP : 95.91.246.32 ----------
REQUEST URI : /index.php?route=checkout/checkout/country&country_id=14
VQMod::_getMods - NO XML FILES READABLE IN XML FOLDER
----------------------------------------------------------------------


---------- Date: 2017-12-29 17:07:15 ~ IP : 95.91.246.32 ----------
REQUEST URI : /index.php?route=checkout/checkout/country&country_id=237
VQMod::_getMods - NO XML FILES READABLE IN XML FOLDER
----------------------------------------------------------------------


---------- Date: 2017-12-29 17:07:19 ~ IP : 95.91.246.32 ----------
REQUEST URI : /index.php?route=checkout/checkout/country&country_id=81
VQMod::_getMods - NO XML FILES READABLE IN XML FOLDER
----------------------------------------------------------------------


---------- Date: 2017-12-29 17:07:23 ~ IP : 95.91.246.32 ----------
REQUEST URI : /index.php?route=checkout/guest/save
VQMod::_getMods - NO XML FILES READABLE IN XML FOLDER
----------------------------------------------------------------------


---------- Date: 2017-12-29 17:07:23 ~ IP : 95.91.246.32 ----------
REQUEST URI : /index.php?route=checkout/shipping_method
VQMod::_getMods - NO XML FILES READABLE IN XML FOLDER
----------------------------------------------------------------------


---------- Date: 2017-12-29 17:07:24 ~ IP : 95.91.246.32 ----------
REQUEST URI : /index.php?route=checkout/guest_shipping
VQMod::_getMods - NO XML FILES READABLE IN XML FOLDER
----------------------------------------------------------------------


---------- Date: 2017-12-29 17:07:24 ~ IP : 95.91.246.32 ----------
REQUEST URI : /index.php?route=checkout/checkout/country&country_id=81
VQMod::_getMods - NO XML FILES READABLE IN XML FOLDER
----------------------------------------------------------------------


---------- Date: 2017-12-29 17:07:27 ~ IP : 95.91.246.32 ----------
REQUEST URI : /index.php?route=checkout/shipping_method/save
VQMod::_getMods - NO XML FILES READABLE IN XML FOLDER
----------------------------------------------------------------------


---------- Date: 2017-12-29 17:07:27 ~ IP : 95.91.246.32 ----------
REQUEST URI : /index.php?route=checkout/payment_method
VQMod::_getMods - NO XML FILES READABLE IN XML FOLDER
----------------------------------------------------------------------


---------- Date: 2017-12-29 17:10:01 ~ IP : 101.199.108.50 ----------
REQUEST URI : /
VQMod::_getMods - NO XML FILES READABLE IN XML FOLDER
----------------------------------------------------------------------


---------- Date: 2017-12-29 21:25:08 ~ IP : 66.249.66.94 ----------
REQUEST URI : /index.php?route=product/category&path=104_107
VQMod::_getMods - NO XML FILES READABLE IN XML FOLDER
----------------------------------------------------------------------


---------- Date: 2017-12-29 21:25:22 ~ IP : 66.249.66.93 ----------
REQUEST URI : /index.php?route=product/product&path=64&product_id=52
VQMod::_getMods - NO XML FILES READABLE IN XML FOLDER
----------------------------------------------------------------------


